2023-04-07 00:01:29.967 [http-nio-8080-exec-8] INFO  c.m.m.J.JWTAuthenticationFilter - JWTAuthenticationFilter: Start
2023-04-07 00:01:30.235 [http-nio-8080-exec-8] INFO  c.m.m.J.JWTAuthenticationFilter - JWTAuthenticationFilter: Check Token
2023-04-07 00:01:30.411 [http-nio-8080-exec-8] INFO  c.m.m.S.I.UserMfoodyImplementService - Fetching UserMfoody with emailUserMfoody: robinsonhank@gmail.com
2023-04-07 00:01:30.535 [http-nio-8080-exec-8] INFO  c.m.m.J.JWTAuthenticationFilter - JWTAuthenticationFilter: End
2023-04-07 00:01:30.559 [http-nio-8080-exec-8] INFO  c.m.m.C.UserMfoodyController - Get List of UserMfoodys by robinsonhank@gmail.com
2023-04-07 00:01:30.560 [http-nio-8080-exec-8] INFO  c.m.m.S.I.UserMfoodyImplementService - Fetching all UserMfoodys 
2023-04-07 00:01:32.535 [http-nio-8080-exec-7] INFO  c.m.m.J.JWTAuthenticationFilter - JWTAuthenticationFilter: Start
2023-04-07 00:01:32.554 [http-nio-8080-exec-7] INFO  c.m.m.J.JWTAuthenticationFilter - JWTAuthenticationFilter: Check Token
2023-04-07 00:01:32.649 [http-nio-8080-exec-7] INFO  c.m.m.S.I.UserMfoodyImplementService - Fetching UserMfoody with emailUserMfoody: robinsonhank@gmail.com
2023-04-07 00:01:32.844 [http-nio-8080-exec-7] INFO  c.m.m.J.JWTAuthenticationFilter - JWTAuthenticationFilter: End
2023-04-07 00:01:32.884 [http-nio-8080-exec-7] INFO  c.m.m.C.UserMfoodyController - Get List of UserMfoodys by robinsonhank@gmail.com
2023-04-07 00:01:32.884 [http-nio-8080-exec-7] INFO  c.m.m.S.I.UserMfoodyImplementService - Fetching all UserMfoodys 
2023-04-07 00:01:37.955 [http-nio-8080-exec-10] INFO  c.m.m.J.JWTAuthenticationFilter - JWTAuthenticationFilter: Start
2023-04-07 00:01:37.982 [http-nio-8080-exec-10] INFO  c.m.m.J.JWTAuthenticationFilter - JWTAuthenticationFilter: Check Token
2023-04-07 00:01:38.739 [http-nio-8080-exec-10] INFO  c.m.m.S.I.UserMfoodyImplementService - Fetching UserMfoody with emailUserMfoody: robinsonhank@gmail.com
2023-04-07 00:01:39.044 [http-nio-8080-exec-10] INFO  c.m.m.J.JWTAuthenticationFilter - JWTAuthenticationFilter: End
2023-04-07 00:01:39.167 [http-nio-8080-exec-10] INFO  c.m.m.C.UserMfoodyController - Get List of UserMfoodys by robinsonhank@gmail.com
2023-04-07 00:01:39.167 [http-nio-8080-exec-10] INFO  c.m.m.S.I.UserMfoodyImplementService - Fetching all UserMfoodys 
2023-04-07 00:01:41.907 [http-nio-8080-exec-1] INFO  c.m.m.J.JWTAuthenticationFilter - JWTAuthenticationFilter: Start
2023-04-07 00:01:41.935 [http-nio-8080-exec-1] INFO  c.m.m.J.JWTAuthenticationFilter - JWTAuthenticationFilter: Check Token
2023-04-07 00:01:42.087 [http-nio-8080-exec-1] INFO  c.m.m.S.I.UserMfoodyImplementService - Fetching UserMfoody with emailUserMfoody: robinsonhank@gmail.com
2023-04-07 00:01:42.222 [http-nio-8080-exec-1] INFO  c.m.m.J.JWTAuthenticationFilter - JWTAuthenticationFilter: End
2023-04-07 00:01:42.231 [http-nio-8080-exec-1] INFO  c.m.m.C.UserMfoodyController - Get List of UserMfoodys by robinsonhank@gmail.com
2023-04-07 00:01:42.232 [http-nio-8080-exec-1] INFO  c.m.m.S.I.UserMfoodyImplementService - Fetching all UserMfoodys 
2023-04-07 00:01:55.463 [http-nio-8080-exec-3] INFO  c.m.m.J.JWTAuthenticationFilter - JWTAuthenticationFilter: Start
2023-04-07 00:01:55.491 [http-nio-8080-exec-3] INFO  c.m.m.J.JWTAuthenticationFilter - JWTAuthenticationFilter: Check Token
2023-04-07 00:01:55.518 [http-nio-8080-exec-3] INFO  c.m.m.S.I.UserMfoodyImplementService - Fetching UserMfoody with emailUserMfoody: robinsonhank@gmail.com
2023-04-07 00:01:55.559 [http-nio-8080-exec-3] INFO  c.m.m.J.JWTAuthenticationFilter - JWTAuthenticationFilter: End
2023-04-07 00:01:55.567 [http-nio-8080-exec-3] INFO  c.m.m.C.UserMfoodyController - Get List of UserMfoodys by robinsonhank@gmail.com
2023-04-07 00:01:55.568 [http-nio-8080-exec-3] INFO  c.m.m.S.I.UserMfoodyImplementService - Fetching all UserMfoodys 
2023-04-07 00:01:56.897 [http-nio-8080-exec-5] INFO  c.m.m.J.JWTAuthenticationFilter - JWTAuthenticationFilter: Start
2023-04-07 00:01:56.930 [http-nio-8080-exec-5] INFO  c.m.m.J.JWTAuthenticationFilter - JWTAuthenticationFilter: Check Token
2023-04-07 00:01:56.953 [http-nio-8080-exec-5] INFO  c.m.m.S.I.UserMfoodyImplementService - Fetching UserMfoody with emailUserMfoody: robinsonhank@gmail.com
2023-04-07 00:01:56.972 [http-nio-8080-exec-5] INFO  c.m.m.J.JWTAuthenticationFilter - JWTAuthenticationFilter: End
2023-04-07 00:01:56.978 [http-nio-8080-exec-5] INFO  c.m.m.C.UserMfoodyController - Get List of UserMfoodys by robinsonhank@gmail.com
2023-04-07 00:01:56.978 [http-nio-8080-exec-5] INFO  c.m.m.S.I.UserMfoodyImplementService - Fetching all UserMfoodys 
2023-04-07 00:02:36.096 [http-nio-8080-exec-6] INFO  c.m.m.J.JWTAuthenticationFilter - JWTAuthenticationFilter: Start
2023-04-07 00:02:36.111 [http-nio-8080-exec-6] INFO  c.m.m.J.JWTAuthenticationFilter - JWTAuthenticationFilter: Check Token
2023-04-07 00:02:36.151 [http-nio-8080-exec-6] INFO  c.m.m.S.I.UserMfoodyImplementService - Fetching UserMfoody with emailUserMfoody: robinsonhank@gmail.com
2023-04-07 00:02:36.200 [http-nio-8080-exec-6] INFO  c.m.m.J.JWTAuthenticationFilter - JWTAuthenticationFilter: End
2023-04-07 00:02:36.246 [http-nio-8080-exec-6] INFO  c.m.m.C.UserMfoodyController - Get List of UserMfoodys by robinsonhank@gmail.com
2023-04-07 00:02:36.251 [http-nio-8080-exec-6] INFO  c.m.m.S.I.UserMfoodyImplementService - Fetching all UserMfoodys 
2023-04-07 00:02:36.719 [http-nio-8080-exec-8] INFO  c.m.m.J.JWTAuthenticationFilter - JWTAuthenticationFilter: Start
2023-04-07 00:02:36.722 [http-nio-8080-exec-8] INFO  c.m.m.J.JWTAuthenticationFilter - JWTAuthenticationFilter: Check Token
2023-04-07 00:02:36.731 [http-nio-8080-exec-8] INFO  c.m.m.S.I.UserMfoodyImplementService - Fetching UserMfoody with emailUserMfoody: robinsonhank@gmail.com
2023-04-07 00:02:36.741 [http-nio-8080-exec-8] INFO  c.m.m.J.JWTAuthenticationFilter - JWTAuthenticationFilter: End
2023-04-07 00:02:36.753 [http-nio-8080-exec-8] INFO  c.m.m.C.UserMfoodyController - Get List of UserMfoodys by robinsonhank@gmail.com
2023-04-07 00:02:36.754 [http-nio-8080-exec-8] INFO  c.m.m.S.I.UserMfoodyImplementService - Fetching all UserMfoodys 
2023-04-07 00:03:35.505 [http-nio-8080-exec-10] INFO  c.m.m.J.JWTAuthenticationFilter - JWTAuthenticationFilter: Start
2023-04-07 00:03:35.544 [http-nio-8080-exec-10] INFO  c.m.m.J.JWTAuthenticationFilter - JWTAuthenticationFilter: Check Token
2023-04-07 00:03:35.600 [http-nio-8080-exec-10] INFO  c.m.m.S.I.UserMfoodyImplementService - Fetching UserMfoody with emailUserMfoody: robinsonhank@gmail.com
2023-04-07 00:03:35.667 [http-nio-8080-exec-10] INFO  c.m.m.J.JWTAuthenticationFilter - JWTAuthenticationFilter: End
2023-04-07 00:03:35.681 [http-nio-8080-exec-10] INFO  c.m.m.C.UserMfoodyController - Get List of UserMfoodys by robinsonhank@gmail.com
2023-04-07 00:03:35.681 [http-nio-8080-exec-10] INFO  c.m.m.S.I.UserMfoodyImplementService - Fetching all UserMfoodys 
2023-04-07 00:03:36.593 [http-nio-8080-exec-1] INFO  c.m.m.J.JWTAuthenticationFilter - JWTAuthenticationFilter: Start
2023-04-07 00:03:36.607 [http-nio-8080-exec-1] INFO  c.m.m.J.JWTAuthenticationFilter - JWTAuthenticationFilter: Check Token
2023-04-07 00:03:36.631 [http-nio-8080-exec-1] INFO  c.m.m.S.I.UserMfoodyImplementService - Fetching UserMfoody with emailUserMfoody: robinsonhank@gmail.com
2023-04-07 00:03:36.672 [http-nio-8080-exec-1] INFO  c.m.m.J.JWTAuthenticationFilter - JWTAuthenticationFilter: End
2023-04-07 00:03:36.680 [http-nio-8080-exec-1] INFO  c.m.m.C.UserMfoodyController - Get List of UserMfoodys by robinsonhank@gmail.com
2023-04-07 00:03:36.680 [http-nio-8080-exec-1] INFO  c.m.m.S.I.UserMfoodyImplementService - Fetching all UserMfoodys 
2023-04-07 00:03:40.819 [http-nio-8080-exec-3] INFO  c.m.m.J.JWTAuthenticationFilter - JWTAuthenticationFilter: Start
2023-04-07 00:03:40.831 [http-nio-8080-exec-3] INFO  c.m.m.J.JWTAuthenticationFilter - JWTAuthenticationFilter: Check Token
2023-04-07 00:03:40.873 [http-nio-8080-exec-3] INFO  c.m.m.S.I.UserMfoodyImplementService - Fetching UserMfoody with emailUserMfoody: robinsonhank@gmail.com
2023-04-07 00:03:40.899 [http-nio-8080-exec-3] INFO  c.m.m.J.JWTAuthenticationFilter - JWTAuthenticationFilter: End
2023-04-07 00:03:41.025 [http-nio-8080-exec-3] INFO  c.m.m.C.UserMfoodyController - Delete UserMfoody with ID: 215232 by robinsonhank@gmail.com
2023-04-07 00:03:41.026 [http-nio-8080-exec-3] INFO  c.m.m.S.I.UserMfoodyImplementService - Fetching UserMfoody with ID: 215232
2023-04-07 00:03:41.125 [http-nio-8080-exec-3] INFO  c.m.m.S.I.UserMfoodyImplementService - Fetching UserMfoody with emailUserMfoody: robinsonhank@gmail.com
2023-04-07 00:03:41.219 [http-nio-8080-exec-3] INFO  c.m.m.S.I.CreditCardMfoodyImplementService - Deleting All CreditCardsMfoody with idUser: 215232
2023-04-07 00:03:41.486 [http-nio-8080-exec-3] INFO  c.m.m.S.I.CommentMfoodyImplementService - Deleting All CommentMfoodys with idUser: 215232
2023-04-07 00:03:41.529 [http-nio-8080-exec-3] INFO  c.m.m.S.I.CartMfoodyImplementService - Deleting CartMfoody with idUser: 215232
2023-04-07 00:03:41.772 [http-nio-8080-exec-3] WARN  o.h.e.jdbc.spi.SqlExceptionHelper - SQL Error: 1451, SQLState: 23000
2023-04-07 00:03:41.773 [http-nio-8080-exec-3] ERROR o.h.e.jdbc.spi.SqlExceptionHelper - Cannot delete or update a parent row: a foreign key constraint fails (`MFoodyEx`.`DETAIL_PRODUCT_CART_MFOODY`, CONSTRAINT `FK_DETAILPRODUCTCART_VS_CART` FOREIGN KEY (`ID_CART`) REFERENCES `CART_MFOODY` (`ID_CART`))
2023-04-07 00:03:41.866 [http-nio-8080-exec-3] ERROR c.m.m.C.UserMfoodyController - An error occurred while deleting UserMfoody with ID: 215232
2023-04-07 00:03:41.866 [http-nio-8080-exec-3] ERROR c.m.m.C.UserMfoodyController - Detail Error: org.springframework.dao.DataIntegrityViolationException: could not execute statement; SQL [n/a]; constraint [null]; nested exception is org.hibernate.exception.ConstraintViolationException: could not execute statement
2023-04-07 00:03:41.901 [http-nio-8080-exec-3] WARN  o.s.w.s.m.a.ResponseStatusExceptionResolver - Resolved [org.springframework.web.server.ResponseStatusException: 500 INTERNAL_SERVER_ERROR "INTERNAL_SERVER_ERROR Exceptions occur when deleting UserMfoody"]
2023-04-07 00:04:33.911 [http-nio-8080-exec-4] INFO  c.m.m.J.JWTAuthenticationFilter - JWTAuthenticationFilter: Start
2023-04-07 00:04:33.922 [http-nio-8080-exec-4] INFO  c.m.m.J.JWTAuthenticationFilter - JWTAuthenticationFilter: End
2023-04-07 00:04:42.095 [http-nio-8080-exec-6] INFO  c.m.m.J.JWTAuthenticationFilter - JWTAuthenticationFilter: Start
2023-04-07 00:04:42.129 [http-nio-8080-exec-6] INFO  c.m.m.J.JWTAuthenticationFilter - JWTAuthenticationFilter: End
2023-04-07 00:04:46.807 [http-nio-8080-exec-8] INFO  c.m.m.J.JWTAuthenticationFilter - JWTAuthenticationFilter: Start
2023-04-07 00:04:46.813 [http-nio-8080-exec-8] INFO  c.m.m.J.JWTAuthenticationFilter - JWTAuthenticationFilter: End
2023-04-07 00:04:46.871 [http-nio-8080-exec-8] INFO  c.m.m.C.ApplicationMfoodyController - Login to ApplicationMfoody by robinsonhank@gmail.com
2023-04-07 00:04:46.876 [http-nio-8080-exec-8] INFO  c.m.m.S.I.UserMfoodyImplementService - Fetching UserMfoody with emailUserMfoody: robinsonhank@gmail.com
2023-04-07 00:04:54.960 [http-nio-8080-exec-7] INFO  c.m.m.J.JWTAuthenticationFilter - JWTAuthenticationFilter: Start
2023-04-07 00:04:54.974 [http-nio-8080-exec-7] INFO  c.m.m.J.JWTAuthenticationFilter - JWTAuthenticationFilter: Check Token
2023-04-07 00:04:55.032 [http-nio-8080-exec-7] INFO  c.m.m.S.I.UserMfoodyImplementService - Fetching UserMfoody with emailUserMfoody: robinsonhank@gmail.com
2023-04-07 00:04:55.074 [http-nio-8080-exec-7] INFO  c.m.m.J.JWTAuthenticationFilter - JWTAuthenticationFilter: End
2023-04-07 00:04:55.085 [http-nio-8080-exec-7] INFO  c.m.m.C.UserMfoodyController - Delete UserMfoody with ID: 215232 by robinsonhank@gmail.com
2023-04-07 00:04:55.085 [http-nio-8080-exec-7] INFO  c.m.m.S.I.UserMfoodyImplementService - Fetching UserMfoody with ID: 215232
2023-04-07 00:04:55.097 [http-nio-8080-exec-7] INFO  c.m.m.S.I.UserMfoodyImplementService - Fetching UserMfoody with emailUserMfoody: robinsonhank@gmail.com
2023-04-07 00:04:55.105 [http-nio-8080-exec-7] INFO  c.m.m.S.I.CreditCardMfoodyImplementService - Deleting All CreditCardsMfoody with idUser: 215232
2023-04-07 00:04:55.118 [http-nio-8080-exec-7] INFO  c.m.m.S.I.CommentMfoodyImplementService - Deleting All CommentMfoodys with idUser: 215232
2023-04-07 00:04:55.130 [http-nio-8080-exec-7] INFO  c.m.m.S.I.CartMfoodyImplementService - Deleting CartMfoody with idUser: 215232
2023-04-07 00:04:55.178 [http-nio-8080-exec-7] WARN  o.h.e.jdbc.spi.SqlExceptionHelper - SQL Error: 1451, SQLState: 23000
2023-04-07 00:04:55.178 [http-nio-8080-exec-7] ERROR o.h.e.jdbc.spi.SqlExceptionHelper - Cannot delete or update a parent row: a foreign key constraint fails (`MFoodyEx`.`DETAIL_PRODUCT_CART_MFOODY`, CONSTRAINT `FK_DETAILPRODUCTCART_VS_CART` FOREIGN KEY (`ID_CART`) REFERENCES `CART_MFOODY` (`ID_CART`))
2023-04-07 00:04:55.179 [http-nio-8080-exec-7] ERROR c.m.m.C.UserMfoodyController - An error occurred while deleting UserMfoody with ID: 215232
2023-04-07 00:04:55.180 [http-nio-8080-exec-7] ERROR c.m.m.C.UserMfoodyController - Detail Error: org.springframework.dao.DataIntegrityViolationException: could not execute statement; SQL [n/a]; constraint [null]; nested exception is org.hibernate.exception.ConstraintViolationException: could not execute statement
2023-04-07 00:04:55.190 [http-nio-8080-exec-7] WARN  o.s.w.s.m.a.ResponseStatusExceptionResolver - Resolved [org.springframework.web.server.ResponseStatusException: 500 INTERNAL_SERVER_ERROR "INTERNAL_SERVER_ERROR Exceptions occur when deleting UserMfoody"]
2023-04-07 00:09:36.522 [http-nio-8080-exec-10] INFO  c.m.m.J.JWTAuthenticationFilter - JWTAuthenticationFilter: Start
2023-04-07 00:09:36.587 [http-nio-8080-exec-10] INFO  c.m.m.J.JWTAuthenticationFilter - JWTAuthenticationFilter: Check Token
2023-04-07 00:09:36.671 [http-nio-8080-exec-10] INFO  c.m.m.S.I.UserMfoodyImplementService - Fetching UserMfoody with emailUserMfoody: robinsonhank@gmail.com
2023-04-07 00:09:36.719 [http-nio-8080-exec-10] INFO  c.m.m.J.JWTAuthenticationFilter - JWTAuthenticationFilter: End
2023-04-07 00:09:36.767 [http-nio-8080-exec-10] INFO  c.m.m.C.UserMfoodyController - Delete UserMfoody with ID: 215232 by robinsonhank@gmail.com
2023-04-07 00:09:36.767 [http-nio-8080-exec-10] INFO  c.m.m.S.I.UserMfoodyImplementService - Fetching UserMfoody with ID: 215232
2023-04-07 00:09:36.778 [http-nio-8080-exec-10] INFO  c.m.m.S.I.UserMfoodyImplementService - Fetching UserMfoody with emailUserMfoody: robinsonhank@gmail.com
2023-04-07 00:09:36.785 [http-nio-8080-exec-10] INFO  c.m.m.S.I.CreditCardMfoodyImplementService - Deleting All CreditCardsMfoody with idUser: 215232
2023-04-07 00:09:36.808 [http-nio-8080-exec-10] INFO  c.m.m.S.I.CommentMfoodyImplementService - Deleting All CommentMfoodys with idUser: 215232
2023-04-07 00:09:36.818 [http-nio-8080-exec-10] INFO  c.m.m.S.I.CartMfoodyImplementService - Deleting CartMfoody with idUser: 215232
2023-04-07 00:09:36.857 [http-nio-8080-exec-10] WARN  o.h.e.jdbc.spi.SqlExceptionHelper - SQL Error: 1451, SQLState: 23000
2023-04-07 00:09:36.857 [http-nio-8080-exec-10] ERROR o.h.e.jdbc.spi.SqlExceptionHelper - Cannot delete or update a parent row: a foreign key constraint fails (`MFoodyEx`.`DETAIL_PRODUCT_CART_MFOODY`, CONSTRAINT `FK_DETAILPRODUCTCART_VS_CART` FOREIGN KEY (`ID_CART`) REFERENCES `CART_MFOODY` (`ID_CART`))
2023-04-07 00:09:36.859 [http-nio-8080-exec-10] ERROR c.m.m.C.UserMfoodyController - An error occurred while deleting UserMfoody with ID: 215232
2023-04-07 00:09:36.859 [http-nio-8080-exec-10] ERROR c.m.m.C.UserMfoodyController - Detail Error: org.springframework.dao.DataIntegrityViolationException: could not execute statement; SQL [n/a]; constraint [null]; nested exception is org.hibernate.exception.ConstraintViolationException: could not execute statement
2023-04-07 00:09:36.873 [http-nio-8080-exec-10] WARN  o.s.w.s.m.a.ResponseStatusExceptionResolver - Resolved [org.springframework.web.server.ResponseStatusException: 500 INTERNAL_SERVER_ERROR "INTERNAL_SERVER_ERROR Exceptions occur when deleting UserMfoody"]
2023-04-07 00:16:07.845 [SpringApplicationShutdownHook] INFO  o.s.o.j.LocalContainerEntityManagerFactoryBean - Closing JPA EntityManagerFactory for persistence unit 'default'
2023-04-07 00:16:07.911 [SpringApplicationShutdownHook] INFO  com.zaxxer.hikari.HikariDataSource - HikariPool-1 - Shutdown initiated...
2023-04-07 00:16:08.145 [SpringApplicationShutdownHook] INFO  com.zaxxer.hikari.HikariDataSource - HikariPool-1 - Shutdown completed.
2023-04-07 00:16:27.979 [restartedMain] INFO  c.m.mfoodyex.MFoodyExApplication - Starting MFoodyExApplication using Java 17 on Macs-MacBook-Air.local with PID 56819 (/Users/macmie/Desktop/WEB/INTELIIJI/target/classes started by macmie in /Users/macmie/Desktop/WEB/INTELIIJI)
2023-04-07 00:16:27.996 [restartedMain] INFO  c.m.mfoodyex.MFoodyExApplication - No active profile set, falling back to 1 default profile: "default"
2023-04-07 00:16:28.183 [restartedMain] INFO  o.s.b.d.e.DevToolsPropertyDefaultsPostProcessor - Devtools property defaults active! Set 'spring.devtools.add-properties' to 'false' to disable
2023-04-07 00:16:28.183 [restartedMain] INFO  o.s.b.d.e.DevToolsPropertyDefaultsPostProcessor - For additional web related logging consider setting the 'logging.level.web' property to 'DEBUG'
2023-04-07 00:16:31.161 [restartedMain] INFO  o.s.d.r.c.RepositoryConfigurationDelegate - Bootstrapping Spring Data JPA repositories in DEFAULT mode.
2023-04-07 00:16:31.390 [restartedMain] INFO  o.s.d.r.c.RepositoryConfigurationDelegate - Finished Spring Data repository scanning in 207 ms. Found 9 JPA repository interfaces.
2023-04-07 00:16:33.912 [restartedMain] INFO  o.s.b.w.e.tomcat.TomcatWebServer - Tomcat initialized with port(s): 8080 (http)
2023-04-07 00:16:33.940 [restartedMain] INFO  o.a.coyote.http11.Http11NioProtocol - Initializing ProtocolHandler ["http-nio-8080"]
2023-04-07 00:16:33.942 [restartedMain] INFO  o.a.catalina.core.StandardService - Starting service [Tomcat]
2023-04-07 00:16:33.943 [restartedMain] INFO  o.a.catalina.core.StandardEngine - Starting Servlet engine: [Apache Tomcat/9.0.58]
2023-04-07 00:16:34.146 [restartedMain] INFO  o.a.c.c.C.[Tomcat].[localhost].[/] - Initializing Spring embedded WebApplicationContext
2023-04-07 00:16:34.147 [restartedMain] INFO  o.s.b.w.s.c.ServletWebServerApplicationContext - Root WebApplicationContext: initialization completed in 5963 ms
2023-04-07 00:16:34.442 [restartedMain] WARN  o.s.b.a.o.j.JpaBaseConfiguration$JpaWebConfiguration - spring.jpa.open-in-view is enabled by default. Therefore, database queries may be performed during view rendering. Explicitly configure spring.jpa.open-in-view to disable this warning
2023-04-07 00:16:34.798 [restartedMain] INFO  com.zaxxer.hikari.HikariDataSource - HikariPool-1 - Starting...
2023-04-07 00:16:35.815 [restartedMain] INFO  com.zaxxer.hikari.HikariDataSource - HikariPool-1 - Start completed.
2023-04-07 00:16:35.923 [restartedMain] INFO  o.h.jpa.internal.util.LogHelper - HHH000204: Processing PersistenceUnitInfo [name: default]
2023-04-07 00:16:35.997 [restartedMain] INFO  org.hibernate.Version - HHH000412: Hibernate ORM core version 5.6.5.Final
2023-04-07 00:16:36.472 [restartedMain] INFO  o.h.annotations.common.Version - HCANN000001: Hibernate Commons Annotations {5.1.2.Final}
2023-04-07 00:16:36.651 [restartedMain] INFO  org.hibernate.dialect.Dialect - HHH000400: Using dialect: org.hibernate.dialect.MySQL8Dialect
2023-04-07 00:16:37.583 [restartedMain] WARN  org.hibernate.mapping.RootClass - HHH000038: Composite-id class does not override equals(): com.macmie.mfoodyex.Model.DetailProductOrderMfoodyId
2023-04-07 00:16:37.584 [restartedMain] WARN  org.hibernate.mapping.RootClass - HHH000039: Composite-id class does not override hashCode(): com.macmie.mfoodyex.Model.DetailProductOrderMfoodyId
2023-04-07 00:16:37.588 [restartedMain] WARN  org.hibernate.mapping.RootClass - HHH000038: Composite-id class does not override equals(): com.macmie.mfoodyex.Model.DetailProductCartMfoodyId
2023-04-07 00:16:37.589 [restartedMain] WARN  org.hibernate.mapping.RootClass - HHH000039: Composite-id class does not override hashCode(): com.macmie.mfoodyex.Model.DetailProductCartMfoodyId
2023-04-07 00:16:38.852 [restartedMain] INFO  o.h.e.t.j.p.i.JtaPlatformInitiator - HHH000490: Using JtaPlatform implementation: [org.hibernate.engine.transaction.jta.platform.internal.NoJtaPlatform]
2023-04-07 00:16:38.873 [restartedMain] INFO  o.s.o.j.LocalContainerEntityManagerFactoryBean - Initialized JPA EntityManagerFactory for persistence unit 'default'
2023-04-07 00:16:46.397 [restartedMain] INFO  o.s.s.web.DefaultSecurityFilterChain - Will not secure any request
2023-04-07 00:16:46.832 [restartedMain] INFO  o.s.b.d.a.OptionalLiveReloadServer - LiveReload server is running on port 35729
2023-04-07 00:16:47.414 [restartedMain] INFO  o.a.coyote.http11.Http11NioProtocol - Starting ProtocolHandler ["http-nio-8080"]
2023-04-07 00:16:47.439 [restartedMain] INFO  o.s.b.w.e.tomcat.TomcatWebServer - Tomcat started on port(s): 8080 (http) with context path ''
2023-04-07 00:16:56.083 [restartedMain] INFO  c.m.mfoodyex.MFoodyExApplication - Started MFoodyExApplication in 29.01 seconds (JVM running for 31.33)
2023-04-07 00:17:12.229 [http-nio-8080-exec-2] INFO  o.a.c.c.C.[Tomcat].[localhost].[/] - Initializing Spring DispatcherServlet 'dispatcherServlet'
2023-04-07 00:17:12.232 [http-nio-8080-exec-2] INFO  o.s.web.servlet.DispatcherServlet - Initializing Servlet 'dispatcherServlet'
2023-04-07 00:17:12.249 [http-nio-8080-exec-2] INFO  o.s.web.servlet.DispatcherServlet - Completed initialization in 15 ms
2023-04-07 00:17:12.288 [http-nio-8080-exec-2] INFO  c.m.m.J.JWTAuthenticationFilter - JWTAuthenticationFilter: Start
2023-04-07 00:17:12.419 [http-nio-8080-exec-2] INFO  c.m.m.J.JWTAuthenticationFilter - JWTAuthenticationFilter: Check Token
2023-04-07 00:17:12.520 [http-nio-8080-exec-2] INFO  c.m.m.S.I.UserMfoodyImplementService - Fetching UserMfoody with emailUserMfoody: robinsonhank@gmail.com
2023-04-07 00:17:12.742 [http-nio-8080-exec-2] INFO  c.m.m.J.JWTAuthenticationFilter - JWTAuthenticationFilter: End
2023-04-07 00:17:12.935 [http-nio-8080-exec-2] INFO  c.m.m.C.UserMfoodyController - Delete UserMfoody with ID: 215232 by robinsonhank@gmail.com
2023-04-07 00:17:12.943 [http-nio-8080-exec-2] INFO  c.m.m.S.I.UserMfoodyImplementService - Fetching UserMfoody with ID: 215232
2023-04-07 00:17:13.065 [http-nio-8080-exec-2] INFO  c.m.m.S.I.UserMfoodyImplementService - Fetching UserMfoody with emailUserMfoody: robinsonhank@gmail.com
2023-04-07 00:17:13.140 [http-nio-8080-exec-2] INFO  c.m.m.S.I.CreditCardMfoodyImplementService - Deleting All CreditCardsMfoody with idUser: 215232
2023-04-07 00:17:13.221 [http-nio-8080-exec-2] ERROR c.m.m.C.UserMfoodyController - Deleting creditCard UserMfoody with ID: 215232
2023-04-07 00:17:13.252 [http-nio-8080-exec-2] INFO  c.m.m.S.I.CommentMfoodyImplementService - Deleting All CommentMfoodys with idUser: 215232
2023-04-07 00:17:13.274 [http-nio-8080-exec-2] ERROR c.m.m.C.UserMfoodyController - Deleting commentMfoody UserMfoody with ID: 215232
2023-04-07 00:17:13.280 [http-nio-8080-exec-2] INFO  c.m.m.S.I.CartMfoodyImplementService - Deleting CartMfoody with idUser: 215232
2023-04-07 00:17:13.510 [http-nio-8080-exec-2] WARN  o.h.e.jdbc.spi.SqlExceptionHelper - SQL Error: 1451, SQLState: 23000
2023-04-07 00:17:13.513 [http-nio-8080-exec-2] ERROR o.h.e.jdbc.spi.SqlExceptionHelper - Cannot delete or update a parent row: a foreign key constraint fails (`MFoodyEx`.`DETAIL_PRODUCT_CART_MFOODY`, CONSTRAINT `FK_DETAILPRODUCTCART_VS_CART` FOREIGN KEY (`ID_CART`) REFERENCES `CART_MFOODY` (`ID_CART`))
2023-04-07 00:17:13.554 [http-nio-8080-exec-2] ERROR c.m.m.C.UserMfoodyController - An error occurred while deleting UserMfoody with ID: 215232
2023-04-07 00:17:13.555 [http-nio-8080-exec-2] ERROR c.m.m.C.UserMfoodyController - Detail Error: org.springframework.dao.DataIntegrityViolationException: could not execute statement; SQL [n/a]; constraint [null]; nested exception is org.hibernate.exception.ConstraintViolationException: could not execute statement
2023-04-07 00:17:13.629 [http-nio-8080-exec-2] WARN  o.s.w.s.m.a.ResponseStatusExceptionResolver - Resolved [org.springframework.web.server.ResponseStatusException: 500 INTERNAL_SERVER_ERROR "INTERNAL_SERVER_ERROR Exceptions occur when deleting UserMfoody"]
2023-04-07 00:21:21.734 [http-nio-8080-exec-4] INFO  c.m.m.J.JWTAuthenticationFilter - JWTAuthenticationFilter: Start
2023-04-07 00:21:21.841 [http-nio-8080-exec-4] INFO  c.m.m.J.JWTAuthenticationFilter - JWTAuthenticationFilter: End
2023-04-07 00:21:41.603 [http-nio-8080-exec-5] INFO  c.m.m.J.JWTAuthenticationFilter - JWTAuthenticationFilter: Start
2023-04-07 00:21:41.614 [http-nio-8080-exec-5] INFO  c.m.m.J.JWTAuthenticationFilter - JWTAuthenticationFilter: Check Token
2023-04-07 00:21:41.663 [http-nio-8080-exec-5] INFO  c.m.m.S.I.UserMfoodyImplementService - Fetching UserMfoody with emailUserMfoody: robinsonhank@gmail.com
2023-04-07 00:21:41.752 [http-nio-8080-exec-5] INFO  c.m.m.J.JWTAuthenticationFilter - JWTAuthenticationFilter: End
2023-04-07 00:21:41.937 [http-nio-8080-exec-5] INFO  c.m.m.C.CreditCardMfoodyController - Delete List CreditCardMfoodys with idUser: 215232 by robinsonhank@gmail.com
2023-04-07 00:21:41.940 [http-nio-8080-exec-5] INFO  c.m.m.S.I.UserMfoodyImplementService - Fetching UserMfoody with ID: 215232
2023-04-07 00:21:41.968 [http-nio-8080-exec-5] INFO  c.m.m.S.I.UserMfoodyImplementService - Fetching UserMfoody with emailUserMfoody: robinsonhank@gmail.com
2023-04-07 00:21:41.991 [http-nio-8080-exec-5] INFO  c.m.m.S.I.CreditCardMfoodyImplementService - Deleting All CreditCardsMfoody with idUser: 215232
2023-04-07 00:24:53.229 [SpringApplicationShutdownHook] INFO  o.s.o.j.LocalContainerEntityManagerFactoryBean - Closing JPA EntityManagerFactory for persistence unit 'default'
2023-04-07 00:24:53.256 [SpringApplicationShutdownHook] INFO  com.zaxxer.hikari.HikariDataSource - HikariPool-1 - Shutdown initiated...
2023-04-07 00:24:53.372 [SpringApplicationShutdownHook] INFO  com.zaxxer.hikari.HikariDataSource - HikariPool-1 - Shutdown completed.
2023-04-07 00:25:09.831 [restartedMain] INFO  c.m.mfoodyex.MFoodyExApplication - Starting MFoodyExApplication using Java 17 on Macs-MacBook-Air.local with PID 59434 (/Users/macmie/Desktop/WEB/INTELIIJI/target/classes started by macmie in /Users/macmie/Desktop/WEB/INTELIIJI)
2023-04-07 00:25:09.836 [restartedMain] INFO  c.m.mfoodyex.MFoodyExApplication - No active profile set, falling back to 1 default profile: "default"
2023-04-07 00:25:09.989 [restartedMain] INFO  o.s.b.d.e.DevToolsPropertyDefaultsPostProcessor - Devtools property defaults active! Set 'spring.devtools.add-properties' to 'false' to disable
2023-04-07 00:25:09.990 [restartedMain] INFO  o.s.b.d.e.DevToolsPropertyDefaultsPostProcessor - For additional web related logging consider setting the 'logging.level.web' property to 'DEBUG'
2023-04-07 00:25:12.831 [restartedMain] INFO  o.s.d.r.c.RepositoryConfigurationDelegate - Bootstrapping Spring Data JPA repositories in DEFAULT mode.
2023-04-07 00:25:13.265 [restartedMain] INFO  o.s.d.r.c.RepositoryConfigurationDelegate - Finished Spring Data repository scanning in 417 ms. Found 9 JPA repository interfaces.
2023-04-07 00:25:15.301 [restartedMain] INFO  o.s.b.w.e.tomcat.TomcatWebServer - Tomcat initialized with port(s): 8080 (http)
2023-04-07 00:25:15.314 [restartedMain] INFO  o.a.coyote.http11.Http11NioProtocol - Initializing ProtocolHandler ["http-nio-8080"]
2023-04-07 00:25:15.316 [restartedMain] INFO  o.a.catalina.core.StandardService - Starting service [Tomcat]
2023-04-07 00:25:15.316 [restartedMain] INFO  o.a.catalina.core.StandardEngine - Starting Servlet engine: [Apache Tomcat/9.0.58]
2023-04-07 00:25:15.471 [restartedMain] INFO  o.a.c.c.C.[Tomcat].[localhost].[/] - Initializing Spring embedded WebApplicationContext
2023-04-07 00:25:15.471 [restartedMain] INFO  o.s.b.w.s.c.ServletWebServerApplicationContext - Root WebApplicationContext: initialization completed in 5480 ms
2023-04-07 00:25:15.731 [restartedMain] WARN  o.s.b.a.o.j.JpaBaseConfiguration$JpaWebConfiguration - spring.jpa.open-in-view is enabled by default. Therefore, database queries may be performed during view rendering. Explicitly configure spring.jpa.open-in-view to disable this warning
2023-04-07 00:25:15.981 [restartedMain] INFO  com.zaxxer.hikari.HikariDataSource - HikariPool-1 - Starting...
2023-04-07 00:25:16.763 [restartedMain] INFO  com.zaxxer.hikari.HikariDataSource - HikariPool-1 - Start completed.
2023-04-07 00:25:17.040 [restartedMain] INFO  o.h.jpa.internal.util.LogHelper - HHH000204: Processing PersistenceUnitInfo [name: default]
2023-04-07 00:25:17.341 [restartedMain] INFO  org.hibernate.Version - HHH000412: Hibernate ORM core version 5.6.5.Final
2023-04-07 00:25:17.692 [restartedMain] INFO  o.h.annotations.common.Version - HCANN000001: Hibernate Commons Annotations {5.1.2.Final}
2023-04-07 00:25:17.849 [restartedMain] INFO  org.hibernate.dialect.Dialect - HHH000400: Using dialect: org.hibernate.dialect.MySQL8Dialect
2023-04-07 00:25:18.531 [restartedMain] WARN  org.hibernate.mapping.RootClass - HHH000038: Composite-id class does not override equals(): com.macmie.mfoodyex.Model.DetailProductOrderMfoodyId
2023-04-07 00:25:18.533 [restartedMain] WARN  org.hibernate.mapping.RootClass - HHH000039: Composite-id class does not override hashCode(): com.macmie.mfoodyex.Model.DetailProductOrderMfoodyId
2023-04-07 00:25:18.537 [restartedMain] WARN  org.hibernate.mapping.RootClass - HHH000038: Composite-id class does not override equals(): com.macmie.mfoodyex.Model.DetailProductCartMfoodyId
2023-04-07 00:25:18.537 [restartedMain] WARN  org.hibernate.mapping.RootClass - HHH000039: Composite-id class does not override hashCode(): com.macmie.mfoodyex.Model.DetailProductCartMfoodyId
2023-04-07 00:25:19.832 [restartedMain] INFO  o.h.e.t.j.p.i.JtaPlatformInitiator - HHH000490: Using JtaPlatform implementation: [org.hibernate.engine.transaction.jta.platform.internal.NoJtaPlatform]
2023-04-07 00:25:19.861 [restartedMain] INFO  o.s.o.j.LocalContainerEntityManagerFactoryBean - Initialized JPA EntityManagerFactory for persistence unit 'default'
2023-04-07 00:25:26.599 [restartedMain] INFO  o.s.s.web.DefaultSecurityFilterChain - Will not secure any request
2023-04-07 00:25:27.035 [restartedMain] INFO  o.s.b.d.a.OptionalLiveReloadServer - LiveReload server is running on port 35729
2023-04-07 00:25:27.605 [restartedMain] INFO  o.a.coyote.http11.Http11NioProtocol - Starting ProtocolHandler ["http-nio-8080"]
2023-04-07 00:25:27.745 [restartedMain] INFO  o.s.b.w.e.tomcat.TomcatWebServer - Tomcat started on port(s): 8080 (http) with context path ''
2023-04-07 00:25:34.233 [restartedMain] INFO  c.m.mfoodyex.MFoodyExApplication - Started MFoodyExApplication in 25.238 seconds (JVM running for 27.729)
2023-04-07 00:25:58.523 [http-nio-8080-exec-2] INFO  o.a.c.c.C.[Tomcat].[localhost].[/] - Initializing Spring DispatcherServlet 'dispatcherServlet'
2023-04-07 00:25:58.525 [http-nio-8080-exec-2] INFO  o.s.web.servlet.DispatcherServlet - Initializing Servlet 'dispatcherServlet'
2023-04-07 00:25:58.535 [http-nio-8080-exec-2] INFO  o.s.web.servlet.DispatcherServlet - Completed initialization in 10 ms
2023-04-07 00:25:58.574 [http-nio-8080-exec-2] INFO  c.m.m.J.JWTAuthenticationFilter - JWTAuthenticationFilter: Start
2023-04-07 00:25:58.662 [http-nio-8080-exec-2] INFO  c.m.m.J.JWTAuthenticationFilter - JWTAuthenticationFilter: Check Token
2023-04-07 00:25:58.766 [http-nio-8080-exec-2] INFO  c.m.m.S.I.UserMfoodyImplementService - Fetching UserMfoody with emailUserMfoody: robinsonhank@gmail.com
2023-04-07 00:25:58.982 [http-nio-8080-exec-2] INFO  c.m.m.J.JWTAuthenticationFilter - JWTAuthenticationFilter: End
2023-04-07 00:25:59.128 [http-nio-8080-exec-2] INFO  c.m.m.C.UserMfoodyController - Delete UserMfoody with ID: 215232 by robinsonhank@gmail.com
2023-04-07 00:25:59.138 [http-nio-8080-exec-2] INFO  c.m.m.S.I.UserMfoodyImplementService - Fetching UserMfoody with ID: 215232
2023-04-07 00:25:59.309 [http-nio-8080-exec-2] INFO  c.m.m.S.I.UserMfoodyImplementService - Fetching UserMfoody with emailUserMfoody: robinsonhank@gmail.com
2023-04-07 00:25:59.363 [http-nio-8080-exec-2] INFO  c.m.m.S.I.CreditCardMfoodyImplementService - Deleting All CreditCardsMfoody with idUser: 215232
2023-04-07 00:25:59.433 [http-nio-8080-exec-2] INFO  c.m.m.C.UserMfoodyController - Deleting creditCard UserMfoody with ID: 215232
2023-04-07 00:25:59.449 [http-nio-8080-exec-2] INFO  c.m.m.S.I.CommentMfoodyImplementService - Deleting All CommentMfoodys with idUser: 215232
2023-04-07 00:25:59.476 [http-nio-8080-exec-2] INFO  c.m.m.C.UserMfoodyController - Deleting commentMfoody UserMfoody with ID: 215232
2023-04-07 00:25:59.487 [http-nio-8080-exec-2] INFO  c.m.m.S.I.CartMfoodyImplementService - Deleting CartMfoody with idUser: 215232
2023-04-07 00:25:59.707 [http-nio-8080-exec-2] WARN  o.h.e.jdbc.spi.SqlExceptionHelper - SQL Error: 1451, SQLState: 23000
2023-04-07 00:25:59.710 [http-nio-8080-exec-2] ERROR o.h.e.jdbc.spi.SqlExceptionHelper - Cannot delete or update a parent row: a foreign key constraint fails (`MFoodyEx`.`DETAIL_PRODUCT_CART_MFOODY`, CONSTRAINT `FK_DETAILPRODUCTCART_VS_CART` FOREIGN KEY (`ID_CART`) REFERENCES `CART_MFOODY` (`ID_CART`))
2023-04-07 00:25:59.747 [http-nio-8080-exec-2] ERROR c.m.m.C.UserMfoodyController - An error occurred while deleting UserMfoody with ID: 215232
2023-04-07 00:25:59.747 [http-nio-8080-exec-2] ERROR c.m.m.C.UserMfoodyController - Detail Error: org.springframework.dao.DataIntegrityViolationException: could not execute statement; SQL [n/a]; constraint [null]; nested exception is org.hibernate.exception.ConstraintViolationException: could not execute statement
2023-04-07 00:25:59.799 [http-nio-8080-exec-2] WARN  o.s.w.s.m.a.ResponseStatusExceptionResolver - Resolved [org.springframework.web.server.ResponseStatusException: 500 INTERNAL_SERVER_ERROR "INTERNAL_SERVER_ERROR Exceptions occur when deleting UserMfoody"]
2023-04-07 00:27:30.037 [http-nio-8080-exec-4] INFO  c.m.m.J.JWTAuthenticationFilter - JWTAuthenticationFilter: Start
2023-04-07 00:27:30.087 [http-nio-8080-exec-4] INFO  c.m.m.J.JWTAuthenticationFilter - JWTAuthenticationFilter: End
2023-04-07 00:27:34.798 [http-nio-8080-exec-5] INFO  c.m.m.J.JWTAuthenticationFilter - JWTAuthenticationFilter: Start
2023-04-07 00:27:34.803 [http-nio-8080-exec-5] INFO  c.m.m.J.JWTAuthenticationFilter - JWTAuthenticationFilter: End
2023-04-07 00:27:34.960 [http-nio-8080-exec-5] INFO  c.m.m.C.ApplicationMfoodyController - Login to ApplicationMfoody by robinsonhank@gmail.com
2023-04-07 00:27:35.196 [http-nio-8080-exec-5] INFO  c.m.m.S.I.UserMfoodyImplementService - Fetching UserMfoody with emailUserMfoody: robinsonhank@gmail.com
2023-04-07 00:27:45.611 [http-nio-8080-exec-6] INFO  c.m.m.J.JWTAuthenticationFilter - JWTAuthenticationFilter: Start
2023-04-07 00:27:45.619 [http-nio-8080-exec-6] INFO  c.m.m.J.JWTAuthenticationFilter - JWTAuthenticationFilter: Check Token
2023-04-07 00:27:45.640 [http-nio-8080-exec-6] INFO  c.m.m.S.I.UserMfoodyImplementService - Fetching UserMfoody with emailUserMfoody: robinsonhank@gmail.com
2023-04-07 00:27:45.694 [http-nio-8080-exec-6] INFO  c.m.m.J.JWTAuthenticationFilter - JWTAuthenticationFilter: End
2023-04-07 00:27:45.727 [http-nio-8080-exec-6] INFO  c.m.m.C.CartMfoodyController - Delete CartMfoody with idUser: 215232 by robinsonhank@gmail.com
2023-04-07 00:27:45.727 [http-nio-8080-exec-6] INFO  c.m.m.S.I.UserMfoodyImplementService - Fetching UserMfoody with ID: 215232
2023-04-07 00:27:45.749 [http-nio-8080-exec-6] INFO  c.m.m.S.I.CartMfoodyImplementService - Deleting CartMfoody with idUser: 215232
2023-04-07 00:27:45.808 [http-nio-8080-exec-6] WARN  o.h.e.jdbc.spi.SqlExceptionHelper - SQL Error: 1451, SQLState: 23000
2023-04-07 00:27:45.809 [http-nio-8080-exec-6] ERROR o.h.e.jdbc.spi.SqlExceptionHelper - Cannot delete or update a parent row: a foreign key constraint fails (`MFoodyEx`.`DETAIL_PRODUCT_CART_MFOODY`, CONSTRAINT `FK_DETAILPRODUCTCART_VS_CART` FOREIGN KEY (`ID_CART`) REFERENCES `CART_MFOODY` (`ID_CART`))
2023-04-07 00:27:45.812 [http-nio-8080-exec-6] ERROR c.m.m.C.CartMfoodyController - An error occurred while deleting CartMfoody with idUser: 215232
2023-04-07 00:27:45.814 [http-nio-8080-exec-6] ERROR c.m.m.C.CartMfoodyController - Detail Error: org.springframework.dao.DataIntegrityViolationException: could not execute statement; SQL [n/a]; constraint [null]; nested exception is org.hibernate.exception.ConstraintViolationException: could not execute statement
2023-04-07 00:27:45.835 [http-nio-8080-exec-6] WARN  o.s.w.s.m.a.ResponseStatusExceptionResolver - Resolved [org.springframework.web.server.ResponseStatusException: 500 INTERNAL_SERVER_ERROR "INTERNAL_SERVER_ERROR Exceptions occur when deleting CartMfoody"]
2023-04-07 00:30:43.196 [http-nio-8080-exec-8] INFO  c.m.m.J.JWTAuthenticationFilter - JWTAuthenticationFilter: Start
2023-04-07 00:30:43.230 [http-nio-8080-exec-8] INFO  c.m.m.J.JWTAuthenticationFilter - JWTAuthenticationFilter: End
2023-04-07 00:31:00.118 [http-nio-8080-exec-9] INFO  c.m.m.J.JWTAuthenticationFilter - JWTAuthenticationFilter: Start
2023-04-07 00:31:00.134 [http-nio-8080-exec-9] INFO  c.m.m.J.JWTAuthenticationFilter - JWTAuthenticationFilter: Check Token
2023-04-07 00:31:00.160 [http-nio-8080-exec-9] INFO  c.m.m.S.I.UserMfoodyImplementService - Fetching UserMfoody with emailUserMfoody: robinsonhank@gmail.com
2023-04-07 00:31:00.214 [http-nio-8080-exec-9] INFO  c.m.m.J.JWTAuthenticationFilter - JWTAuthenticationFilter: End
2023-04-07 00:31:00.251 [http-nio-8080-exec-9] INFO  c.m.m.C.CommentMfoodyController - Delete List of CommentMfoodys with idUser: 215232 by robinsonhank@gmail.com
2023-04-07 00:31:00.251 [http-nio-8080-exec-9] INFO  c.m.m.S.I.UserMfoodyImplementService - Fetching UserMfoody with ID: 215232
2023-04-07 00:31:00.264 [http-nio-8080-exec-9] INFO  c.m.m.S.I.UserMfoodyImplementService - Fetching UserMfoody with emailUserMfoody: robinsonhank@gmail.com
2023-04-07 00:31:00.273 [http-nio-8080-exec-9] INFO  c.m.m.S.I.CommentMfoodyImplementService - Fetching all CommentMfoodys by idUser: 215232
2023-04-07 00:31:00.312 [http-nio-8080-exec-9] INFO  c.m.m.S.I.CommentMfoodyImplementService - Deleting All CommentMfoodys with idUser: 215232
2023-04-07 00:31:00.335 [http-nio-8080-exec-9] INFO  c.m.m.S.I.ProductMfoodyImplementService - Fetching ProductMfoody with ID: 530020
2023-04-07 00:31:00.344 [http-nio-8080-exec-9] INFO  c.m.m.S.I.CommentMfoodyImplementService - Fetching all CommentMfoodys by idProduct: 530020
2023-04-07 00:31:00.376 [http-nio-8080-exec-9] INFO  c.m.m.S.I.ProductMfoodyImplementService - Saving ProductMfoody with ID: 530020
2023-04-07 00:31:19.267 [http-nio-8080-exec-10] INFO  c.m.m.J.JWTAuthenticationFilter - JWTAuthenticationFilter: Start
2023-04-07 00:31:19.286 [http-nio-8080-exec-10] INFO  c.m.m.J.JWTAuthenticationFilter - JWTAuthenticationFilter: Check Token
2023-04-07 00:31:19.309 [http-nio-8080-exec-10] INFO  c.m.m.S.I.UserMfoodyImplementService - Fetching UserMfoody with emailUserMfoody: robinsonhank@gmail.com
2023-04-07 00:31:19.338 [http-nio-8080-exec-10] INFO  c.m.m.J.JWTAuthenticationFilter - JWTAuthenticationFilter: End
2023-04-07 00:31:19.371 [http-nio-8080-exec-10] INFO  c.m.m.C.CreditCardMfoodyController - Delete List CreditCardMfoodys with idUser: 215232 by robinsonhank@gmail.com
2023-04-07 00:31:19.372 [http-nio-8080-exec-10] INFO  c.m.m.S.I.UserMfoodyImplementService - Fetching UserMfoody with ID: 215232
2023-04-07 00:31:19.392 [http-nio-8080-exec-10] INFO  c.m.m.S.I.UserMfoodyImplementService - Fetching UserMfoody with emailUserMfoody: robinsonhank@gmail.com
2023-04-07 00:31:19.403 [http-nio-8080-exec-10] INFO  c.m.m.S.I.CreditCardMfoodyImplementService - Deleting All CreditCardsMfoody with idUser: 215232
2023-04-07 00:32:01.390 [http-nio-8080-exec-1] INFO  c.m.m.J.JWTAuthenticationFilter - JWTAuthenticationFilter: Start
2023-04-07 00:32:01.408 [http-nio-8080-exec-1] INFO  c.m.m.J.JWTAuthenticationFilter - JWTAuthenticationFilter: Check Token
2023-04-07 00:32:01.437 [http-nio-8080-exec-1] INFO  c.m.m.S.I.UserMfoodyImplementService - Fetching UserMfoody with emailUserMfoody: robinsonhank@gmail.com
2023-04-07 00:32:01.480 [http-nio-8080-exec-1] INFO  c.m.m.J.JWTAuthenticationFilter - JWTAuthenticationFilter: End
2023-04-07 00:32:01.528 [http-nio-8080-exec-1] INFO  c.m.m.C.OrderMfoodyController - Delete OrderMfoody with ID: 215232 by robinsonhank@gmail.com
2023-04-07 00:32:01.536 [http-nio-8080-exec-1] INFO  c.m.m.S.I.OrderMfoodyImplementService - Fetching OrderMfoody with ID: 215232
2023-04-07 00:34:01.121 [http-nio-8080-exec-4] INFO  c.m.m.J.JWTAuthenticationFilter - JWTAuthenticationFilter: Start
2023-04-07 00:34:01.134 [http-nio-8080-exec-4] INFO  c.m.m.J.JWTAuthenticationFilter - JWTAuthenticationFilter: Check Token
2023-04-07 00:34:01.184 [http-nio-8080-exec-4] INFO  c.m.m.S.I.UserMfoodyImplementService - Fetching UserMfoody with emailUserMfoody: robinsonhank@gmail.com
2023-04-07 00:34:01.218 [http-nio-8080-exec-4] INFO  c.m.m.J.JWTAuthenticationFilter - JWTAuthenticationFilter: End
2023-04-07 00:34:01.236 [http-nio-8080-exec-4] INFO  c.m.m.C.CartMfoodyController - Delete CartMfoody with idUser: 215232 by robinsonhank@gmail.com
2023-04-07 00:34:01.238 [http-nio-8080-exec-4] INFO  c.m.m.S.I.UserMfoodyImplementService - Fetching UserMfoody with ID: 215232
2023-04-07 00:34:01.250 [http-nio-8080-exec-4] INFO  c.m.m.S.I.CartMfoodyImplementService - Deleting CartMfoody with idUser: 215232
2023-04-07 00:34:01.305 [http-nio-8080-exec-4] WARN  o.h.e.jdbc.spi.SqlExceptionHelper - SQL Error: 1451, SQLState: 23000
2023-04-07 00:34:01.305 [http-nio-8080-exec-4] ERROR o.h.e.jdbc.spi.SqlExceptionHelper - Cannot delete or update a parent row: a foreign key constraint fails (`MFoodyEx`.`DETAIL_PRODUCT_CART_MFOODY`, CONSTRAINT `FK_DETAILPRODUCTCART_VS_CART` FOREIGN KEY (`ID_CART`) REFERENCES `CART_MFOODY` (`ID_CART`))
2023-04-07 00:34:01.307 [http-nio-8080-exec-4] ERROR c.m.m.C.CartMfoodyController - An error occurred while deleting CartMfoody with idUser: 215232
2023-04-07 00:34:01.307 [http-nio-8080-exec-4] ERROR c.m.m.C.CartMfoodyController - Detail Error: org.springframework.dao.DataIntegrityViolationException: could not execute statement; SQL [n/a]; constraint [null]; nested exception is org.hibernate.exception.ConstraintViolationException: could not execute statement
2023-04-07 00:34:01.346 [http-nio-8080-exec-4] WARN  o.s.w.s.m.a.ResponseStatusExceptionResolver - Resolved [org.springframework.web.server.ResponseStatusException: 500 INTERNAL_SERVER_ERROR "INTERNAL_SERVER_ERROR Exceptions occur when deleting CartMfoody"]
2023-04-07 00:39:52.544 [http-nio-8080-exec-6] INFO  c.m.m.J.JWTAuthenticationFilter - JWTAuthenticationFilter: Start
2023-04-07 00:39:52.576 [http-nio-8080-exec-6] INFO  c.m.m.J.JWTAuthenticationFilter - JWTAuthenticationFilter: Check Token
2023-04-07 00:39:52.633 [http-nio-8080-exec-6] INFO  c.m.m.S.I.UserMfoodyImplementService - Fetching UserMfoody with emailUserMfoody: robinsonhank@gmail.com
2023-04-07 00:39:52.690 [http-nio-8080-exec-6] INFO  c.m.m.J.JWTAuthenticationFilter - JWTAuthenticationFilter: End
2023-04-07 00:39:52.702 [http-nio-8080-exec-6] INFO  c.m.m.C.OrderMfoodyController - Delete OrderMfoody with ID: 215232 by robinsonhank@gmail.com
2023-04-07 00:39:52.702 [http-nio-8080-exec-6] INFO  c.m.m.S.I.OrderMfoodyImplementService - Fetching OrderMfoody with ID: 215232
2023-04-07 00:40:05.475 [http-nio-8080-exec-8] INFO  c.m.m.J.JWTAuthenticationFilter - JWTAuthenticationFilter: Start
2023-04-07 00:40:05.488 [http-nio-8080-exec-8] INFO  c.m.m.J.JWTAuthenticationFilter - JWTAuthenticationFilter: Check Token
2023-04-07 00:40:05.528 [http-nio-8080-exec-8] INFO  c.m.m.S.I.UserMfoodyImplementService - Fetching UserMfoody with emailUserMfoody: robinsonhank@gmail.com
2023-04-07 00:40:05.558 [http-nio-8080-exec-8] INFO  c.m.m.J.JWTAuthenticationFilter - JWTAuthenticationFilter: End
2023-04-07 00:40:05.576 [http-nio-8080-exec-8] INFO  c.m.m.C.UserMfoodyController - Delete UserMfoody with ID: 215236 by robinsonhank@gmail.com
2023-04-07 00:40:05.577 [http-nio-8080-exec-8] INFO  c.m.m.S.I.UserMfoodyImplementService - Fetching UserMfoody with ID: 215236
2023-04-07 00:40:05.594 [http-nio-8080-exec-8] INFO  c.m.m.S.I.UserMfoodyImplementService - Fetching UserMfoody with emailUserMfoody: robinsonhank@gmail.com
2023-04-07 00:40:05.604 [http-nio-8080-exec-8] INFO  c.m.m.S.I.CreditCardMfoodyImplementService - Deleting All CreditCardsMfoody with idUser: 215236
2023-04-07 00:40:05.622 [http-nio-8080-exec-8] INFO  c.m.m.C.UserMfoodyController - Deleting creditCard UserMfoody with ID: 215236
2023-04-07 00:40:05.623 [http-nio-8080-exec-8] INFO  c.m.m.S.I.CommentMfoodyImplementService - Deleting All CommentMfoodys with idUser: 215236
2023-04-07 00:40:05.632 [http-nio-8080-exec-8] INFO  c.m.m.C.UserMfoodyController - Deleting commentMfoody UserMfoody with ID: 215236
2023-04-07 00:40:05.632 [http-nio-8080-exec-8] INFO  c.m.m.S.I.CartMfoodyImplementService - Deleting CartMfoody with idUser: 215236
2023-04-07 00:40:05.646 [http-nio-8080-exec-8] ERROR c.m.m.C.UserMfoodyController - An error occurred while deleting UserMfoody with ID: 215236
2023-04-07 00:40:05.650 [http-nio-8080-exec-8] ERROR c.m.m.C.UserMfoodyController - Detail Error: java.lang.NullPointerException: Cannot invoke "com.macmie.mfoodyex.Model.CartMfoody.getIdCart()" because "cartMfoody" is null
2023-04-07 00:40:05.659 [http-nio-8080-exec-8] WARN  o.s.w.s.m.a.ResponseStatusExceptionResolver - Resolved [org.springframework.web.server.ResponseStatusException: 500 INTERNAL_SERVER_ERROR "INTERNAL_SERVER_ERROR Exceptions occur when deleting UserMfoody"]
2023-04-07 00:41:27.834 [http-nio-8080-exec-1] INFO  c.m.m.J.JWTAuthenticationFilter - JWTAuthenticationFilter: Start
2023-04-07 00:41:27.845 [http-nio-8080-exec-1] INFO  c.m.m.J.JWTAuthenticationFilter - JWTAuthenticationFilter: Check Token
2023-04-07 00:41:27.877 [http-nio-8080-exec-1] INFO  c.m.m.S.I.UserMfoodyImplementService - Fetching UserMfoody with emailUserMfoody: robinsonhank@gmail.com
2023-04-07 00:41:27.909 [http-nio-8080-exec-1] INFO  c.m.m.J.JWTAuthenticationFilter - JWTAuthenticationFilter: End
2023-04-07 00:41:27.922 [http-nio-8080-exec-1] INFO  c.m.m.C.UserMfoodyController - Delete UserMfoody with ID: 215236 by robinsonhank@gmail.com
2023-04-07 00:41:27.925 [http-nio-8080-exec-1] INFO  c.m.m.S.I.UserMfoodyImplementService - Fetching UserMfoody with ID: 215236
2023-04-07 00:41:27.935 [http-nio-8080-exec-1] INFO  c.m.m.S.I.UserMfoodyImplementService - Fetching UserMfoody with emailUserMfoody: robinsonhank@gmail.com
2023-04-07 00:41:27.944 [http-nio-8080-exec-1] INFO  c.m.m.S.I.CreditCardMfoodyImplementService - Deleting All CreditCardsMfoody with idUser: 215236
2023-04-07 00:41:27.954 [http-nio-8080-exec-1] INFO  c.m.m.C.UserMfoodyController - Deleting creditCard UserMfoody with ID: 215236
2023-04-07 00:41:27.954 [http-nio-8080-exec-1] INFO  c.m.m.S.I.CommentMfoodyImplementService - Deleting All CommentMfoodys with idUser: 215236
2023-04-07 00:41:27.969 [http-nio-8080-exec-1] INFO  c.m.m.C.UserMfoodyController - Deleting commentMfoody UserMfoody with ID: 215236
2023-04-07 00:41:27.970 [http-nio-8080-exec-1] INFO  c.m.m.S.I.CartMfoodyImplementService - Deleting CartMfoody with idUser: 215236
2023-04-07 00:41:27.980 [http-nio-8080-exec-1] ERROR c.m.m.C.UserMfoodyController - An error occurred while deleting UserMfoody with ID: 215236
2023-04-07 00:41:27.980 [http-nio-8080-exec-1] ERROR c.m.m.C.UserMfoodyController - Detail Error: java.lang.NullPointerException: Cannot invoke "com.macmie.mfoodyex.Model.CartMfoody.getIdCart()" because "cartMfoody" is null
2023-04-07 00:41:27.988 [http-nio-8080-exec-1] WARN  o.s.w.s.m.a.ResponseStatusExceptionResolver - Resolved [org.springframework.web.server.ResponseStatusException: 500 INTERNAL_SERVER_ERROR "INTERNAL_SERVER_ERROR Exceptions occur when deleting UserMfoody"]
2023-04-07 00:45:13.342 [http-nio-8080-exec-3] INFO  c.m.m.J.JWTAuthenticationFilter - JWTAuthenticationFilter: Start
2023-04-07 00:45:13.368 [http-nio-8080-exec-3] INFO  c.m.m.J.JWTAuthenticationFilter - JWTAuthenticationFilter: Check Token
2023-04-07 00:45:13.419 [http-nio-8080-exec-3] INFO  c.m.m.S.I.UserMfoodyImplementService - Fetching UserMfoody with emailUserMfoody: robinsonhank@gmail.com
2023-04-07 00:45:13.467 [http-nio-8080-exec-3] INFO  c.m.m.J.JWTAuthenticationFilter - JWTAuthenticationFilter: End
2023-04-07 00:45:13.478 [http-nio-8080-exec-3] INFO  c.m.m.C.UserMfoodyController - Delete UserMfoody with ID: 215238 by robinsonhank@gmail.com
2023-04-07 00:45:13.479 [http-nio-8080-exec-3] INFO  c.m.m.S.I.UserMfoodyImplementService - Fetching UserMfoody with ID: 215238
2023-04-07 00:45:13.491 [http-nio-8080-exec-3] INFO  c.m.m.S.I.UserMfoodyImplementService - Fetching UserMfoody with emailUserMfoody: robinsonhank@gmail.com
2023-04-07 00:45:13.516 [http-nio-8080-exec-3] INFO  c.m.m.S.I.CreditCardMfoodyImplementService - Deleting All CreditCardsMfoody with idUser: 215238
2023-04-07 00:45:13.532 [http-nio-8080-exec-3] INFO  c.m.m.C.UserMfoodyController - Deleting creditCard UserMfoody with ID: 215238
2023-04-07 00:45:13.532 [http-nio-8080-exec-3] INFO  c.m.m.S.I.CommentMfoodyImplementService - Deleting All CommentMfoodys with idUser: 215238
2023-04-07 00:45:13.542 [http-nio-8080-exec-3] INFO  c.m.m.C.UserMfoodyController - Deleting commentMfoody UserMfoody with ID: 215238
2023-04-07 00:45:13.543 [http-nio-8080-exec-3] INFO  c.m.m.S.I.CartMfoodyImplementService - Deleting CartMfoody with idUser: 215238
2023-04-07 00:45:13.593 [http-nio-8080-exec-3] INFO  c.m.m.C.UserMfoodyController - Deleting cartMfoody UserMfoody with ID: 215238
2023-04-07 00:45:13.598 [http-nio-8080-exec-3] INFO  c.m.m.S.I.OrderMfoodyImplementService - Deleting OrderMfoody with idUser: 215238
2023-04-07 00:45:13.633 [http-nio-8080-exec-3] INFO  c.m.m.C.UserMfoodyController - Deleting orderMfoody UserMfoody with ID: 215238
2023-04-07 00:45:13.637 [http-nio-8080-exec-3] INFO  c.m.m.S.I.UserMfoodyImplementService - Deleting UserMfoody with ID: 215238
2023-04-07 00:45:13.686 [http-nio-8080-exec-3] INFO  c.m.m.C.UserMfoodyController - Deleting  UserMfoody with ID: 215238
2023-04-07 00:46:44.156 [http-nio-8080-exec-6] INFO  c.m.m.J.JWTAuthenticationFilter - JWTAuthenticationFilter: Start
2023-04-07 00:46:44.227 [http-nio-8080-exec-6] INFO  c.m.m.J.JWTAuthenticationFilter - JWTAuthenticationFilter: Check Token
2023-04-07 00:46:44.277 [http-nio-8080-exec-6] INFO  c.m.m.S.I.UserMfoodyImplementService - Fetching UserMfoody with emailUserMfoody: robinsonhank@gmail.com
2023-04-07 00:46:44.345 [http-nio-8080-exec-6] INFO  c.m.m.J.JWTAuthenticationFilter - JWTAuthenticationFilter: End
2023-04-07 00:46:44.366 [http-nio-8080-exec-6] INFO  c.m.m.C.UserMfoodyController - Delete UserMfoody with ID: 215232 by robinsonhank@gmail.com
2023-04-07 00:46:44.367 [http-nio-8080-exec-6] INFO  c.m.m.S.I.UserMfoodyImplementService - Fetching UserMfoody with ID: 215232
2023-04-07 00:46:44.377 [http-nio-8080-exec-6] INFO  c.m.m.S.I.UserMfoodyImplementService - Fetching UserMfoody with emailUserMfoody: robinsonhank@gmail.com
2023-04-07 00:46:44.387 [http-nio-8080-exec-6] INFO  c.m.m.S.I.CreditCardMfoodyImplementService - Deleting All CreditCardsMfoody with idUser: 215232
2023-04-07 00:46:44.422 [http-nio-8080-exec-6] INFO  c.m.m.C.UserMfoodyController - Deleting creditCard UserMfoody with ID: 215232
2023-04-07 00:46:44.423 [http-nio-8080-exec-6] INFO  c.m.m.S.I.CommentMfoodyImplementService - Deleting All CommentMfoodys with idUser: 215232
2023-04-07 00:46:44.435 [http-nio-8080-exec-6] INFO  c.m.m.C.UserMfoodyController - Deleting commentMfoody UserMfoody with ID: 215232
2023-04-07 00:46:44.435 [http-nio-8080-exec-6] INFO  c.m.m.S.I.CartMfoodyImplementService - Deleting CartMfoody with idUser: 215232
2023-04-07 00:46:44.497 [http-nio-8080-exec-6] WARN  o.h.e.jdbc.spi.SqlExceptionHelper - SQL Error: 1451, SQLState: 23000
2023-04-07 00:46:44.497 [http-nio-8080-exec-6] ERROR o.h.e.jdbc.spi.SqlExceptionHelper - Cannot delete or update a parent row: a foreign key constraint fails (`MFoodyEx`.`DETAIL_PRODUCT_CART_MFOODY`, CONSTRAINT `FK_DETAILPRODUCTCART_VS_CART` FOREIGN KEY (`ID_CART`) REFERENCES `CART_MFOODY` (`ID_CART`))
2023-04-07 00:46:44.499 [http-nio-8080-exec-6] ERROR c.m.m.C.UserMfoodyController - An error occurred while deleting UserMfoody with ID: 215232
2023-04-07 00:46:44.499 [http-nio-8080-exec-6] ERROR c.m.m.C.UserMfoodyController - Detail Error: org.springframework.dao.DataIntegrityViolationException: could not execute statement; SQL [n/a]; constraint [null]; nested exception is org.hibernate.exception.ConstraintViolationException: could not execute statement
2023-04-07 00:46:44.519 [http-nio-8080-exec-6] WARN  o.s.w.s.m.a.ResponseStatusExceptionResolver - Resolved [org.springframework.web.server.ResponseStatusException: 500 INTERNAL_SERVER_ERROR "INTERNAL_SERVER_ERROR Exceptions occur when deleting UserMfoody"]
2023-04-07 17:07:50.736 [restartedMain] INFO  c.m.mfoodyex.MFoodyExApplication - Starting MFoodyExApplication using Java 17 on Macs-MacBook-Air.local with PID 15790 (/Users/macmie/Desktop/WEB/INTELIIJI/target/classes started by macmie in /Users/macmie/Desktop/WEB/INTELIIJI)
2023-04-07 17:07:50.740 [restartedMain] INFO  c.m.mfoodyex.MFoodyExApplication - No active profile set, falling back to 1 default profile: "default"
2023-04-07 17:07:50.815 [restartedMain] INFO  o.s.b.d.e.DevToolsPropertyDefaultsPostProcessor - Devtools property defaults active! Set 'spring.devtools.add-properties' to 'false' to disable
2023-04-07 17:07:50.815 [restartedMain] INFO  o.s.b.d.e.DevToolsPropertyDefaultsPostProcessor - For additional web related logging consider setting the 'logging.level.web' property to 'DEBUG'
2023-04-07 17:07:51.759 [restartedMain] INFO  o.s.d.r.c.RepositoryConfigurationDelegate - Bootstrapping Spring Data JPA repositories in DEFAULT mode.
2023-04-07 17:07:51.882 [restartedMain] INFO  o.s.d.r.c.RepositoryConfigurationDelegate - Finished Spring Data repository scanning in 119 ms. Found 9 JPA repository interfaces.
2023-04-07 17:07:52.608 [restartedMain] INFO  o.s.b.w.e.tomcat.TomcatWebServer - Tomcat initialized with port(s): 8080 (http)
2023-04-07 17:07:52.613 [restartedMain] INFO  o.a.coyote.http11.Http11NioProtocol - Initializing ProtocolHandler ["http-nio-8080"]
2023-04-07 17:07:52.614 [restartedMain] INFO  o.a.catalina.core.StandardService - Starting service [Tomcat]
2023-04-07 17:07:52.614 [restartedMain] INFO  o.a.catalina.core.StandardEngine - Starting Servlet engine: [Apache Tomcat/9.0.58]
2023-04-07 17:07:52.670 [restartedMain] INFO  o.a.c.c.C.[Tomcat].[localhost].[/] - Initializing Spring embedded WebApplicationContext
2023-04-07 17:07:52.671 [restartedMain] INFO  o.s.b.w.s.c.ServletWebServerApplicationContext - Root WebApplicationContext: initialization completed in 1855 ms
2023-04-07 17:07:52.745 [restartedMain] WARN  o.s.b.a.o.j.JpaBaseConfiguration$JpaWebConfiguration - spring.jpa.open-in-view is enabled by default. Therefore, database queries may be performed during view rendering. Explicitly configure spring.jpa.open-in-view to disable this warning
2023-04-07 17:07:52.822 [restartedMain] INFO  com.zaxxer.hikari.HikariDataSource - HikariPool-1 - Starting...
2023-04-07 17:07:53.170 [restartedMain] INFO  com.zaxxer.hikari.HikariDataSource - HikariPool-1 - Start completed.
2023-04-07 17:07:53.204 [restartedMain] INFO  o.h.jpa.internal.util.LogHelper - HHH000204: Processing PersistenceUnitInfo [name: default]
2023-04-07 17:07:53.258 [restartedMain] INFO  org.hibernate.Version - HHH000412: Hibernate ORM core version 5.6.5.Final
2023-04-07 17:07:53.350 [restartedMain] INFO  o.h.annotations.common.Version - HCANN000001: Hibernate Commons Annotations {5.1.2.Final}
2023-04-07 17:07:53.401 [restartedMain] INFO  org.hibernate.dialect.Dialect - HHH000400: Using dialect: org.hibernate.dialect.MySQL8Dialect
2023-04-07 17:07:53.579 [restartedMain] WARN  org.hibernate.mapping.RootClass - HHH000038: Composite-id class does not override equals(): com.macmie.mfoodyex.Model.DetailProductOrderMfoodyId
2023-04-07 17:07:53.579 [restartedMain] WARN  org.hibernate.mapping.RootClass - HHH000039: Composite-id class does not override hashCode(): com.macmie.mfoodyex.Model.DetailProductOrderMfoodyId
2023-04-07 17:07:53.580 [restartedMain] WARN  org.hibernate.mapping.RootClass - HHH000038: Composite-id class does not override equals(): com.macmie.mfoodyex.Model.DetailProductCartMfoodyId
2023-04-07 17:07:53.580 [restartedMain] WARN  org.hibernate.mapping.RootClass - HHH000039: Composite-id class does not override hashCode(): com.macmie.mfoodyex.Model.DetailProductCartMfoodyId
2023-04-07 17:07:53.958 [restartedMain] INFO  o.h.e.t.j.p.i.JtaPlatformInitiator - HHH000490: Using JtaPlatform implementation: [org.hibernate.engine.transaction.jta.platform.internal.NoJtaPlatform]
2023-04-07 17:07:53.963 [restartedMain] INFO  o.s.o.j.LocalContainerEntityManagerFactoryBean - Initialized JPA EntityManagerFactory for persistence unit 'default'
2023-04-07 17:07:55.892 [restartedMain] INFO  o.s.s.web.DefaultSecurityFilterChain - Will not secure any request
2023-04-07 17:07:56.013 [restartedMain] INFO  o.s.b.d.a.OptionalLiveReloadServer - LiveReload server is running on port 35729
2023-04-07 17:07:56.163 [restartedMain] INFO  o.a.coyote.http11.Http11NioProtocol - Starting ProtocolHandler ["http-nio-8080"]
2023-04-07 17:07:56.172 [restartedMain] INFO  o.s.b.w.e.tomcat.TomcatWebServer - Tomcat started on port(s): 8080 (http) with context path ''
2023-04-07 17:07:58.072 [restartedMain] INFO  c.m.mfoodyex.MFoodyExApplication - Started MFoodyExApplication in 7.724 seconds (JVM running for 9.004)
2023-04-07 17:08:01.538 [http-nio-8080-exec-2] INFO  o.a.c.c.C.[Tomcat].[localhost].[/] - Initializing Spring DispatcherServlet 'dispatcherServlet'
2023-04-07 17:08:01.541 [http-nio-8080-exec-2] INFO  o.s.web.servlet.DispatcherServlet - Initializing Servlet 'dispatcherServlet'
2023-04-07 17:08:01.555 [http-nio-8080-exec-2] INFO  o.s.web.servlet.DispatcherServlet - Completed initialization in 14 ms
2023-04-07 17:08:01.570 [http-nio-8080-exec-2] INFO  c.m.m.J.JWTAuthenticationFilter - JWTAuthenticationFilter: Start
2023-04-07 17:08:01.585 [http-nio-8080-exec-2] INFO  c.m.m.J.JWTAuthenticationFilter - JWTAuthenticationFilter: End
2023-04-07 17:08:01.721 [http-nio-8080-exec-2] INFO  c.m.m.C.ApplicationMfoodyController - Login to ApplicationMfoody by robinsonhank@gmail.com
2023-04-07 17:08:01.871 [http-nio-8080-exec-2] INFO  c.m.m.S.I.UserMfoodyImplementService - Fetching UserMfoody with emailUserMfoody: robinsonhank@gmail.com
2023-04-07 17:08:18.678 [http-nio-8080-exec-3] INFO  c.m.m.J.JWTAuthenticationFilter - JWTAuthenticationFilter: Start
2023-04-07 17:08:18.747 [http-nio-8080-exec-3] INFO  c.m.m.J.JWTAuthenticationFilter - JWTAuthenticationFilter: Check Token
2023-04-07 17:08:18.771 [http-nio-8080-exec-3] INFO  c.m.m.S.I.UserMfoodyImplementService - Fetching UserMfoody with emailUserMfoody: robinsonhank@gmail.com
2023-04-07 17:08:18.809 [http-nio-8080-exec-3] INFO  c.m.m.J.JWTAuthenticationFilter - JWTAuthenticationFilter: End
2023-04-07 17:08:18.852 [http-nio-8080-exec-3] INFO  c.m.m.C.OrderMfoodyController - Get List of OrderMfoodys with idUser: 215232 by robinsonhank@gmail.com
2023-04-07 17:08:18.853 [http-nio-8080-exec-3] INFO  c.m.m.S.I.UserMfoodyImplementService - Fetching UserMfoody with ID: 215232
2023-04-07 17:08:18.878 [http-nio-8080-exec-3] INFO  c.m.m.S.I.UserMfoodyImplementService - Fetching UserMfoody with emailUserMfoody: robinsonhank@gmail.com
2023-04-07 17:08:18.887 [http-nio-8080-exec-3] INFO  c.m.m.S.I.OrderMfoodyImplementService - Fetching all OrderMfoodys with idUser: 215232
2023-04-07 17:08:36.081 [http-nio-8080-exec-4] INFO  c.m.m.J.JWTAuthenticationFilter - JWTAuthenticationFilter: Start
2023-04-07 17:08:36.094 [http-nio-8080-exec-4] INFO  c.m.m.J.JWTAuthenticationFilter - JWTAuthenticationFilter: End
2023-04-07 17:08:41.739 [http-nio-8080-exec-5] INFO  c.m.m.J.JWTAuthenticationFilter - JWTAuthenticationFilter: Start
2023-04-07 17:08:41.744 [http-nio-8080-exec-5] INFO  c.m.m.J.JWTAuthenticationFilter - JWTAuthenticationFilter: Check Token
2023-04-07 17:08:41.757 [http-nio-8080-exec-5] INFO  c.m.m.S.I.UserMfoodyImplementService - Fetching UserMfoody with emailUserMfoody: robinsonhank@gmail.com
2023-04-07 17:08:41.810 [http-nio-8080-exec-5] INFO  c.m.m.J.JWTAuthenticationFilter - JWTAuthenticationFilter: End
2023-04-07 17:08:41.823 [http-nio-8080-exec-5] INFO  c.m.m.C.OrderMfoodyController - Delete OrderMfoody with ID: 215232 by robinsonhank@gmail.com
2023-04-07 17:08:41.823 [http-nio-8080-exec-5] INFO  c.m.m.S.I.OrderMfoodyImplementService - Fetching OrderMfoody with ID: 215232
2023-04-07 17:09:21.787 [http-nio-8080-exec-6] INFO  c.m.m.J.JWTAuthenticationFilter - JWTAuthenticationFilter: Start
2023-04-07 17:09:21.800 [http-nio-8080-exec-6] INFO  c.m.m.J.JWTAuthenticationFilter - JWTAuthenticationFilter: Check Token
2023-04-07 17:09:21.814 [http-nio-8080-exec-6] INFO  c.m.m.S.I.UserMfoodyImplementService - Fetching UserMfoody with emailUserMfoody: robinsonhank@gmail.com
2023-04-07 17:09:21.834 [http-nio-8080-exec-6] INFO  c.m.m.J.JWTAuthenticationFilter - JWTAuthenticationFilter: End
2023-04-07 17:09:21.841 [http-nio-8080-exec-6] INFO  c.m.m.C.OrderMfoodyController - Delete OrderMfoody with ID: 215232 by robinsonhank@gmail.com
2023-04-07 17:09:21.841 [http-nio-8080-exec-6] INFO  c.m.m.S.I.OrderMfoodyImplementService - Fetching OrderMfoody with ID: 215232
2023-04-07 17:09:43.395 [http-nio-8080-exec-7] INFO  c.m.m.J.JWTAuthenticationFilter - JWTAuthenticationFilter: Start
2023-04-07 17:09:43.405 [http-nio-8080-exec-7] INFO  c.m.m.J.JWTAuthenticationFilter - JWTAuthenticationFilter: Check Token
2023-04-07 17:09:43.431 [http-nio-8080-exec-7] INFO  c.m.m.S.I.UserMfoodyImplementService - Fetching UserMfoody with emailUserMfoody: robinsonhank@gmail.com
2023-04-07 17:09:43.471 [http-nio-8080-exec-7] INFO  c.m.m.J.JWTAuthenticationFilter - JWTAuthenticationFilter: End
2023-04-07 17:09:43.478 [http-nio-8080-exec-7] INFO  c.m.m.C.OrderMfoodyController - Get List of OrderMfoodys with idUser: 215232 by robinsonhank@gmail.com
2023-04-07 17:09:43.479 [http-nio-8080-exec-7] INFO  c.m.m.S.I.UserMfoodyImplementService - Fetching UserMfoody with ID: 215232
2023-04-07 17:09:43.486 [http-nio-8080-exec-7] INFO  c.m.m.S.I.UserMfoodyImplementService - Fetching UserMfoody with emailUserMfoody: robinsonhank@gmail.com
2023-04-07 17:09:43.492 [http-nio-8080-exec-7] INFO  c.m.m.S.I.OrderMfoodyImplementService - Fetching all OrderMfoodys with idUser: 215232
2023-04-07 17:10:38.055 [http-nio-8080-exec-8] INFO  c.m.m.J.JWTAuthenticationFilter - JWTAuthenticationFilter: Start
2023-04-07 17:10:38.077 [http-nio-8080-exec-8] INFO  c.m.m.J.JWTAuthenticationFilter - JWTAuthenticationFilter: Check Token
2023-04-07 17:10:38.110 [http-nio-8080-exec-8] INFO  c.m.m.S.I.UserMfoodyImplementService - Fetching UserMfoody with emailUserMfoody: robinsonhank@gmail.com
2023-04-07 17:10:38.125 [http-nio-8080-exec-8] INFO  c.m.m.J.JWTAuthenticationFilter - JWTAuthenticationFilter: End
2023-04-07 17:10:38.142 [http-nio-8080-exec-8] INFO  c.m.m.C.OrderMfoodyController - Delete List of OrderMfoodys with idUser: 215232 by robinsonhank@gmail.com
2023-04-07 17:10:38.142 [http-nio-8080-exec-8] INFO  c.m.m.S.I.UserMfoodyImplementService - Fetching UserMfoody with ID: 215232
2023-04-07 17:10:38.149 [http-nio-8080-exec-8] INFO  c.m.m.S.I.OrderMfoodyImplementService - Deleting OrderMfoody with idUser: 215232
2023-04-07 17:11:07.063 [http-nio-8080-exec-9] INFO  c.m.m.J.JWTAuthenticationFilter - JWTAuthenticationFilter: Start
2023-04-07 17:11:07.074 [http-nio-8080-exec-9] INFO  c.m.m.J.JWTAuthenticationFilter - JWTAuthenticationFilter: End
2023-04-07 17:11:23.696 [http-nio-8080-exec-10] INFO  c.m.m.J.JWTAuthenticationFilter - JWTAuthenticationFilter: Start
2023-04-07 17:11:23.705 [http-nio-8080-exec-10] INFO  c.m.m.J.JWTAuthenticationFilter - JWTAuthenticationFilter: Check Token
2023-04-07 17:11:23.727 [http-nio-8080-exec-10] INFO  c.m.m.S.I.UserMfoodyImplementService - Fetching UserMfoody with emailUserMfoody: robinsonhank@gmail.com
2023-04-07 17:11:23.756 [http-nio-8080-exec-10] INFO  c.m.m.J.JWTAuthenticationFilter - JWTAuthenticationFilter: End
2023-04-07 17:11:23.775 [http-nio-8080-exec-10] INFO  c.m.m.C.UserMfoodyController - Delete UserMfoody with ID: 215232 by robinsonhank@gmail.com
2023-04-07 17:11:23.775 [http-nio-8080-exec-10] INFO  c.m.m.S.I.UserMfoodyImplementService - Fetching UserMfoody with ID: 215232
2023-04-07 17:11:23.792 [http-nio-8080-exec-10] INFO  c.m.m.S.I.UserMfoodyImplementService - Fetching UserMfoody with emailUserMfoody: robinsonhank@gmail.com
2023-04-07 17:11:23.802 [http-nio-8080-exec-10] INFO  c.m.m.S.I.CreditCardMfoodyImplementService - Deleting All CreditCardsMfoody with idUser: 215232
2023-04-07 17:11:23.823 [http-nio-8080-exec-10] INFO  c.m.m.C.UserMfoodyController - Deleting creditCard UserMfoody with ID: 215232
2023-04-07 17:11:23.827 [http-nio-8080-exec-10] INFO  c.m.m.S.I.CommentMfoodyImplementService - Deleting All CommentMfoodys with idUser: 215232
2023-04-07 17:11:23.839 [http-nio-8080-exec-10] INFO  c.m.m.C.UserMfoodyController - Deleting commentMfoody UserMfoody with ID: 215232
2023-04-07 17:11:23.846 [http-nio-8080-exec-10] INFO  c.m.m.S.I.CartMfoodyImplementService - Deleting CartMfoody with idUser: 215232
2023-04-07 17:11:23.978 [http-nio-8080-exec-10] WARN  o.h.e.jdbc.spi.SqlExceptionHelper - SQL Error: 1451, SQLState: 23000
2023-04-07 17:11:23.979 [http-nio-8080-exec-10] ERROR o.h.e.jdbc.spi.SqlExceptionHelper - Cannot delete or update a parent row: a foreign key constraint fails (`MFoodyEx`.`DETAIL_PRODUCT_CART_MFOODY`, CONSTRAINT `FK_DETAILPRODUCTCART_VS_CART` FOREIGN KEY (`ID_CART`) REFERENCES `CART_MFOODY` (`ID_CART`))
2023-04-07 17:11:23.994 [http-nio-8080-exec-10] ERROR c.m.m.C.UserMfoodyController - An error occurred while deleting UserMfoody with ID: 215232
2023-04-07 17:11:23.995 [http-nio-8080-exec-10] ERROR c.m.m.C.UserMfoodyController - Detail Error: org.springframework.dao.DataIntegrityViolationException: could not execute statement; SQL [n/a]; constraint [null]; nested exception is org.hibernate.exception.ConstraintViolationException: could not execute statement
2023-04-07 17:11:24.020 [http-nio-8080-exec-10] WARN  o.s.w.s.m.a.ResponseStatusExceptionResolver - Resolved [org.springframework.web.server.ResponseStatusException: 500 INTERNAL_SERVER_ERROR "INTERNAL_SERVER_ERROR Exceptions occur when deleting UserMfoody"]
2023-04-07 17:11:54.715 [http-nio-8080-exec-2] INFO  c.m.m.J.JWTAuthenticationFilter - JWTAuthenticationFilter: Start
2023-04-07 17:11:54.747 [http-nio-8080-exec-2] INFO  c.m.m.J.JWTAuthenticationFilter - JWTAuthenticationFilter: Check Token
2023-04-07 17:11:54.770 [http-nio-8080-exec-2] INFO  c.m.m.S.I.UserMfoodyImplementService - Fetching UserMfoody with emailUserMfoody: robinsonhank@gmail.com
2023-04-07 17:11:54.802 [http-nio-8080-exec-2] INFO  c.m.m.J.JWTAuthenticationFilter - JWTAuthenticationFilter: End
2023-04-07 17:11:54.834 [http-nio-8080-exec-2] INFO  c.m.m.C.CartMfoodyController - Delete CartMfoody with idUser: 215232 by robinsonhank@gmail.com
2023-04-07 17:11:54.834 [http-nio-8080-exec-2] INFO  c.m.m.S.I.UserMfoodyImplementService - Fetching UserMfoody with ID: 215232
2023-04-07 17:11:54.843 [http-nio-8080-exec-2] INFO  c.m.m.S.I.CartMfoodyImplementService - Deleting CartMfoody with idUser: 215232
2023-04-07 17:11:54.889 [http-nio-8080-exec-2] WARN  o.h.e.jdbc.spi.SqlExceptionHelper - SQL Error: 1451, SQLState: 23000
2023-04-07 17:11:54.889 [http-nio-8080-exec-2] ERROR o.h.e.jdbc.spi.SqlExceptionHelper - Cannot delete or update a parent row: a foreign key constraint fails (`MFoodyEx`.`DETAIL_PRODUCT_CART_MFOODY`, CONSTRAINT `FK_DETAILPRODUCTCART_VS_CART` FOREIGN KEY (`ID_CART`) REFERENCES `CART_MFOODY` (`ID_CART`))
2023-04-07 17:11:54.891 [http-nio-8080-exec-2] ERROR c.m.m.C.CartMfoodyController - An error occurred while deleting CartMfoody with idUser: 215232
2023-04-07 17:11:54.891 [http-nio-8080-exec-2] ERROR c.m.m.C.CartMfoodyController - Detail Error: org.springframework.dao.DataIntegrityViolationException: could not execute statement; SQL [n/a]; constraint [null]; nested exception is org.hibernate.exception.ConstraintViolationException: could not execute statement
2023-04-07 17:11:54.903 [http-nio-8080-exec-2] WARN  o.s.w.s.m.a.ResponseStatusExceptionResolver - Resolved [org.springframework.web.server.ResponseStatusException: 500 INTERNAL_SERVER_ERROR "INTERNAL_SERVER_ERROR Exceptions occur when deleting CartMfoody"]
2023-04-07 17:12:39.920 [http-nio-8080-exec-4] INFO  c.m.m.J.JWTAuthenticationFilter - JWTAuthenticationFilter: Start
2023-04-07 17:12:39.932 [http-nio-8080-exec-4] INFO  c.m.m.J.JWTAuthenticationFilter - JWTAuthenticationFilter: End
2023-04-07 17:12:44.669 [http-nio-8080-exec-5] INFO  c.m.m.J.JWTAuthenticationFilter - JWTAuthenticationFilter: Start
2023-04-07 17:12:44.673 [http-nio-8080-exec-5] INFO  c.m.m.J.JWTAuthenticationFilter - JWTAuthenticationFilter: Check Token
2023-04-07 17:12:44.694 [http-nio-8080-exec-5] INFO  c.m.m.S.I.UserMfoodyImplementService - Fetching UserMfoody with emailUserMfoody: robinsonhank@gmail.com
2023-04-07 17:12:44.741 [http-nio-8080-exec-5] INFO  c.m.m.J.JWTAuthenticationFilter - JWTAuthenticationFilter: End
2023-04-07 17:12:44.752 [http-nio-8080-exec-5] INFO  c.m.m.C.CartMfoodyController - Delete CartMfoody with ID: 350062 by robinsonhank@gmail.com
2023-04-07 17:12:44.753 [http-nio-8080-exec-5] INFO  c.m.m.S.I.CartMfoodyImplementService - Fetching CartMfoody with ID: 350062
2023-04-07 17:12:44.777 [http-nio-8080-exec-5] INFO  c.m.m.S.I.CartMfoodyImplementService - Deleting CartMfoody with ID: 350062
2023-04-07 17:13:18.275 [http-nio-8080-exec-6] INFO  c.m.m.J.JWTAuthenticationFilter - JWTAuthenticationFilter: Start
2023-04-07 17:13:18.286 [http-nio-8080-exec-6] INFO  c.m.m.J.JWTAuthenticationFilter - JWTAuthenticationFilter: Check Token
2023-04-07 17:13:18.303 [http-nio-8080-exec-6] INFO  c.m.m.S.I.UserMfoodyImplementService - Fetching UserMfoody with emailUserMfoody: robinsonhank@gmail.com
2023-04-07 17:13:18.337 [http-nio-8080-exec-6] INFO  c.m.m.J.JWTAuthenticationFilter - JWTAuthenticationFilter: End
2023-04-07 17:13:18.350 [http-nio-8080-exec-6] INFO  c.m.m.C.CartMfoodyController - Delete CartMfoody with idUser: 215232 by robinsonhank@gmail.com
2023-04-07 17:13:18.350 [http-nio-8080-exec-6] INFO  c.m.m.S.I.UserMfoodyImplementService - Fetching UserMfoody with ID: 215232
2023-04-07 17:13:18.357 [http-nio-8080-exec-6] INFO  c.m.m.S.I.CartMfoodyImplementService - Deleting CartMfoody with idUser: 215232
2023-04-07 17:13:18.389 [http-nio-8080-exec-6] WARN  o.h.e.jdbc.spi.SqlExceptionHelper - SQL Error: 1451, SQLState: 23000
2023-04-07 17:13:18.389 [http-nio-8080-exec-6] ERROR o.h.e.jdbc.spi.SqlExceptionHelper - Cannot delete or update a parent row: a foreign key constraint fails (`MFoodyEx`.`DETAIL_PRODUCT_CART_MFOODY`, CONSTRAINT `FK_DETAILPRODUCTCART_VS_CART` FOREIGN KEY (`ID_CART`) REFERENCES `CART_MFOODY` (`ID_CART`))
2023-04-07 17:13:18.390 [http-nio-8080-exec-6] ERROR c.m.m.C.CartMfoodyController - An error occurred while deleting CartMfoody with idUser: 215232
2023-04-07 17:13:18.390 [http-nio-8080-exec-6] ERROR c.m.m.C.CartMfoodyController - Detail Error: org.springframework.dao.DataIntegrityViolationException: could not execute statement; SQL [n/a]; constraint [null]; nested exception is org.hibernate.exception.ConstraintViolationException: could not execute statement
2023-04-07 17:13:18.396 [http-nio-8080-exec-6] WARN  o.s.w.s.m.a.ResponseStatusExceptionResolver - Resolved [org.springframework.web.server.ResponseStatusException: 500 INTERNAL_SERVER_ERROR "INTERNAL_SERVER_ERROR Exceptions occur when deleting CartMfoody"]
2023-04-07 17:26:53.584 [SpringApplicationShutdownHook] INFO  o.s.o.j.LocalContainerEntityManagerFactoryBean - Closing JPA EntityManagerFactory for persistence unit 'default'
2023-04-07 17:26:53.591 [SpringApplicationShutdownHook] INFO  com.zaxxer.hikari.HikariDataSource - HikariPool-1 - Shutdown initiated...
2023-04-07 17:26:53.640 [SpringApplicationShutdownHook] INFO  com.zaxxer.hikari.HikariDataSource - HikariPool-1 - Shutdown completed.
2023-04-07 17:27:00.041 [restartedMain] INFO  c.m.mfoodyex.MFoodyExApplication - Starting MFoodyExApplication using Java 17 on Macs-MacBook-Air.local with PID 16968 (/Users/macmie/Desktop/WEB/INTELIIJI/target/classes started by macmie in /Users/macmie/Desktop/WEB/INTELIIJI)
2023-04-07 17:27:00.043 [restartedMain] INFO  c.m.mfoodyex.MFoodyExApplication - No active profile set, falling back to 1 default profile: "default"
2023-04-07 17:27:00.099 [restartedMain] INFO  o.s.b.d.e.DevToolsPropertyDefaultsPostProcessor - Devtools property defaults active! Set 'spring.devtools.add-properties' to 'false' to disable
2023-04-07 17:27:00.100 [restartedMain] INFO  o.s.b.d.e.DevToolsPropertyDefaultsPostProcessor - For additional web related logging consider setting the 'logging.level.web' property to 'DEBUG'
2023-04-07 17:27:01.003 [restartedMain] INFO  o.s.d.r.c.RepositoryConfigurationDelegate - Bootstrapping Spring Data JPA repositories in DEFAULT mode.
2023-04-07 17:27:01.124 [restartedMain] INFO  o.s.d.r.c.RepositoryConfigurationDelegate - Finished Spring Data repository scanning in 116 ms. Found 9 JPA repository interfaces.
2023-04-07 17:27:01.796 [restartedMain] INFO  o.s.b.w.e.tomcat.TomcatWebServer - Tomcat initialized with port(s): 8080 (http)
2023-04-07 17:27:01.802 [restartedMain] INFO  o.a.coyote.http11.Http11NioProtocol - Initializing ProtocolHandler ["http-nio-8080"]
2023-04-07 17:27:01.802 [restartedMain] INFO  o.a.catalina.core.StandardService - Starting service [Tomcat]
2023-04-07 17:27:01.802 [restartedMain] INFO  o.a.catalina.core.StandardEngine - Starting Servlet engine: [Apache Tomcat/9.0.58]
2023-04-07 17:27:01.852 [restartedMain] INFO  o.a.c.c.C.[Tomcat].[localhost].[/] - Initializing Spring embedded WebApplicationContext
2023-04-07 17:27:01.852 [restartedMain] INFO  o.s.b.w.s.c.ServletWebServerApplicationContext - Root WebApplicationContext: initialization completed in 1752 ms
2023-04-07 17:27:01.915 [restartedMain] WARN  o.s.b.a.o.j.JpaBaseConfiguration$JpaWebConfiguration - spring.jpa.open-in-view is enabled by default. Therefore, database queries may be performed during view rendering. Explicitly configure spring.jpa.open-in-view to disable this warning
2023-04-07 17:27:01.998 [restartedMain] INFO  com.zaxxer.hikari.HikariDataSource - HikariPool-1 - Starting...
2023-04-07 17:27:02.304 [restartedMain] INFO  com.zaxxer.hikari.HikariDataSource - HikariPool-1 - Start completed.
2023-04-07 17:27:02.334 [restartedMain] INFO  o.h.jpa.internal.util.LogHelper - HHH000204: Processing PersistenceUnitInfo [name: default]
2023-04-07 17:27:02.381 [restartedMain] INFO  org.hibernate.Version - HHH000412: Hibernate ORM core version 5.6.5.Final
2023-04-07 17:27:02.472 [restartedMain] INFO  o.h.annotations.common.Version - HCANN000001: Hibernate Commons Annotations {5.1.2.Final}
2023-04-07 17:27:02.523 [restartedMain] INFO  org.hibernate.dialect.Dialect - HHH000400: Using dialect: org.hibernate.dialect.MySQL8Dialect
2023-04-07 17:27:02.701 [restartedMain] WARN  org.hibernate.mapping.RootClass - HHH000038: Composite-id class does not override equals(): com.macmie.mfoodyex.Model.DetailProductOrderMfoodyId
2023-04-07 17:27:02.701 [restartedMain] WARN  org.hibernate.mapping.RootClass - HHH000039: Composite-id class does not override hashCode(): com.macmie.mfoodyex.Model.DetailProductOrderMfoodyId
2023-04-07 17:27:02.702 [restartedMain] WARN  org.hibernate.mapping.RootClass - HHH000038: Composite-id class does not override equals(): com.macmie.mfoodyex.Model.DetailProductCartMfoodyId
2023-04-07 17:27:02.702 [restartedMain] WARN  org.hibernate.mapping.RootClass - HHH000039: Composite-id class does not override hashCode(): com.macmie.mfoodyex.Model.DetailProductCartMfoodyId
2023-04-07 17:27:03.036 [restartedMain] INFO  o.h.e.t.j.p.i.JtaPlatformInitiator - HHH000490: Using JtaPlatform implementation: [org.hibernate.engine.transaction.jta.platform.internal.NoJtaPlatform]
2023-04-07 17:27:03.040 [restartedMain] INFO  o.s.o.j.LocalContainerEntityManagerFactoryBean - Initialized JPA EntityManagerFactory for persistence unit 'default'
2023-04-07 17:27:04.977 [restartedMain] INFO  o.s.s.web.DefaultSecurityFilterChain - Will not secure any request
2023-04-07 17:27:05.095 [restartedMain] INFO  o.s.b.d.a.OptionalLiveReloadServer - LiveReload server is running on port 35729
2023-04-07 17:27:05.270 [restartedMain] INFO  o.a.coyote.http11.Http11NioProtocol - Starting ProtocolHandler ["http-nio-8080"]
2023-04-07 17:27:05.279 [restartedMain] INFO  o.s.b.w.e.tomcat.TomcatWebServer - Tomcat started on port(s): 8080 (http) with context path ''
2023-04-07 17:27:07.161 [restartedMain] INFO  c.m.mfoodyex.MFoodyExApplication - Started MFoodyExApplication in 7.428 seconds (JVM running for 8.466)
2023-04-07 17:27:14.421 [http-nio-8080-exec-1] INFO  o.a.c.c.C.[Tomcat].[localhost].[/] - Initializing Spring DispatcherServlet 'dispatcherServlet'
2023-04-07 17:27:14.422 [http-nio-8080-exec-1] INFO  o.s.web.servlet.DispatcherServlet - Initializing Servlet 'dispatcherServlet'
2023-04-07 17:27:14.441 [http-nio-8080-exec-1] INFO  o.s.web.servlet.DispatcherServlet - Completed initialization in 18 ms
2023-04-07 17:27:14.457 [http-nio-8080-exec-1] INFO  c.m.m.J.JWTAuthenticationFilter - JWTAuthenticationFilter: Start
2023-04-07 17:27:14.493 [http-nio-8080-exec-1] INFO  c.m.m.J.JWTAuthenticationFilter - JWTAuthenticationFilter: Check Token
2023-04-07 17:27:14.539 [http-nio-8080-exec-1] INFO  c.m.m.S.I.UserMfoodyImplementService - Fetching UserMfoody with emailUserMfoody: robinsonhank@gmail.com
2023-04-07 17:27:14.649 [http-nio-8080-exec-1] INFO  c.m.m.J.JWTAuthenticationFilter - JWTAuthenticationFilter: End
2023-04-07 17:27:14.710 [http-nio-8080-exec-1] INFO  c.m.m.C.CartMfoodyController - Delete CartMfoody with idUser: 215232 by robinsonhank@gmail.com
2023-04-07 17:27:14.713 [http-nio-8080-exec-1] INFO  c.m.m.S.I.UserMfoodyImplementService - Fetching UserMfoody with ID: 215232
2023-04-07 17:27:14.778 [http-nio-8080-exec-1] INFO  c.m.m.S.I.CartMfoodyImplementService - Deleting CartMfoody with idUser: 215232
2023-04-07 17:28:18.229 [http-nio-8080-exec-5] INFO  c.m.m.J.JWTAuthenticationFilter - JWTAuthenticationFilter: Start
2023-04-07 17:28:18.263 [http-nio-8080-exec-5] INFO  c.m.m.J.JWTAuthenticationFilter - JWTAuthenticationFilter: Check Token
2023-04-07 17:28:18.291 [http-nio-8080-exec-5] INFO  c.m.m.S.I.UserMfoodyImplementService - Fetching UserMfoody with emailUserMfoody: robinsonhank@gmail.com
2023-04-07 17:28:18.335 [http-nio-8080-exec-5] INFO  c.m.m.J.JWTAuthenticationFilter - JWTAuthenticationFilter: End
2023-04-07 17:28:18.380 [http-nio-8080-exec-5] INFO  c.m.m.C.UserMfoodyController - Delete UserMfoody with ID: 215232 by robinsonhank@gmail.com
2023-04-07 17:28:18.380 [http-nio-8080-exec-5] INFO  c.m.m.S.I.UserMfoodyImplementService - Fetching UserMfoody with ID: 215232
2023-04-07 17:28:18.388 [http-nio-8080-exec-5] INFO  c.m.m.S.I.UserMfoodyImplementService - Fetching UserMfoody with emailUserMfoody: robinsonhank@gmail.com
2023-04-07 17:28:18.398 [http-nio-8080-exec-5] INFO  c.m.m.S.I.CreditCardMfoodyImplementService - Deleting All CreditCardsMfoody with idUser: 215232
2023-04-07 17:28:18.414 [http-nio-8080-exec-5] INFO  c.m.m.C.UserMfoodyController - Deleting creditCard UserMfoody with ID: 215232
2023-04-07 17:28:18.417 [http-nio-8080-exec-5] INFO  c.m.m.S.I.CommentMfoodyImplementService - Deleting All CommentMfoodys with idUser: 215232
2023-04-07 17:28:18.425 [http-nio-8080-exec-5] INFO  c.m.m.C.UserMfoodyController - Deleting commentMfoody UserMfoody with ID: 215232
2023-04-07 17:28:18.425 [http-nio-8080-exec-5] INFO  c.m.m.S.I.CartMfoodyImplementService - Deleting CartMfoody with idUser: 215232
2023-04-07 17:28:18.445 [http-nio-8080-exec-5] INFO  c.m.m.C.UserMfoodyController - Deleting cartMfoody UserMfoody with ID: 215232
2023-04-07 17:28:18.448 [http-nio-8080-exec-5] INFO  c.m.m.S.I.OrderMfoodyImplementService - Deleting OrderMfoody with idUser: 215232
2023-04-07 17:28:18.472 [http-nio-8080-exec-5] INFO  c.m.m.C.UserMfoodyController - Deleting orderMfoody UserMfoody with ID: 215232
2023-04-07 17:28:18.473 [http-nio-8080-exec-5] INFO  c.m.m.S.I.UserMfoodyImplementService - Deleting UserMfoody with ID: 215232
2023-04-07 17:28:18.509 [http-nio-8080-exec-5] INFO  c.m.m.C.UserMfoodyController - Deleting  UserMfoody with ID: 215232
