2023-02-26 13:18:27.626 [restartedMain] INFO  c.m.mfoodyex.MFoodyExApplication - Starting MFoodyExApplication using Java 17 on Macs-MacBook-Air.local with PID 50199 (/Users/macmie/Desktop/WEB/INTELIIJI/target/classes started by macmie in /Users/macmie/Desktop/WEB/INTELIIJI)
2023-02-26 13:18:27.632 [restartedMain] INFO  c.m.mfoodyex.MFoodyExApplication - No active profile set, falling back to 1 default profile: "default"
2023-02-26 13:18:27.695 [restartedMain] INFO  o.s.b.d.e.DevToolsPropertyDefaultsPostProcessor - Devtools property defaults active! Set 'spring.devtools.add-properties' to 'false' to disable
2023-02-26 13:18:27.695 [restartedMain] INFO  o.s.b.d.e.DevToolsPropertyDefaultsPostProcessor - For additional web related logging consider setting the 'logging.level.web' property to 'DEBUG'
2023-02-26 13:18:28.605 [restartedMain] INFO  o.s.d.r.c.RepositoryConfigurationDelegate - Bootstrapping Spring Data JPA repositories in DEFAULT mode.
2023-02-26 13:18:28.730 [restartedMain] INFO  o.s.d.r.c.RepositoryConfigurationDelegate - Finished Spring Data repository scanning in 120 ms. Found 9 JPA repository interfaces.
2023-02-26 13:18:29.629 [restartedMain] INFO  o.s.b.w.e.tomcat.TomcatWebServer - Tomcat initialized with port(s): 8080 (http)
2023-02-26 13:18:29.639 [restartedMain] INFO  o.a.coyote.http11.Http11NioProtocol - Initializing ProtocolHandler ["http-nio-8080"]
2023-02-26 13:18:29.640 [restartedMain] INFO  o.a.catalina.core.StandardService - Starting service [Tomcat]
2023-02-26 13:18:29.640 [restartedMain] INFO  o.a.catalina.core.StandardEngine - Starting Servlet engine: [Apache Tomcat/9.0.58]
2023-02-26 13:18:29.723 [restartedMain] INFO  o.a.c.c.C.[Tomcat].[localhost].[/] - Initializing Spring embedded WebApplicationContext
2023-02-26 13:18:29.723 [restartedMain] INFO  o.s.b.w.s.c.ServletWebServerApplicationContext - Root WebApplicationContext: initialization completed in 2028 ms
2023-02-26 13:18:29.818 [restartedMain] WARN  o.s.b.a.o.j.JpaBaseConfiguration$JpaWebConfiguration - spring.jpa.open-in-view is enabled by default. Therefore, database queries may be performed during view rendering. Explicitly configure spring.jpa.open-in-view to disable this warning
2023-02-26 13:18:29.914 [restartedMain] INFO  com.zaxxer.hikari.HikariDataSource - HikariPool-1 - Starting...
2023-02-26 13:18:30.272 [restartedMain] INFO  com.zaxxer.hikari.HikariDataSource - HikariPool-1 - Start completed.
2023-02-26 13:18:30.310 [restartedMain] INFO  o.h.jpa.internal.util.LogHelper - HHH000204: Processing PersistenceUnitInfo [name: default]
2023-02-26 13:18:30.368 [restartedMain] INFO  org.hibernate.Version - HHH000412: Hibernate ORM core version 5.6.5.Final
2023-02-26 13:18:30.483 [restartedMain] INFO  o.h.annotations.common.Version - HCANN000001: Hibernate Commons Annotations {5.1.2.Final}
2023-02-26 13:18:30.544 [restartedMain] INFO  org.hibernate.dialect.Dialect - HHH000400: Using dialect: org.hibernate.dialect.MySQL8Dialect
2023-02-26 13:18:30.712 [restartedMain] WARN  org.hibernate.mapping.RootClass - HHH000038: Composite-id class does not override equals(): com.macmie.mfoodyex.Model.DetailProductOrderMfoodyId
2023-02-26 13:18:30.712 [restartedMain] WARN  org.hibernate.mapping.RootClass - HHH000039: Composite-id class does not override hashCode(): com.macmie.mfoodyex.Model.DetailProductOrderMfoodyId
2023-02-26 13:18:30.713 [restartedMain] WARN  org.hibernate.mapping.RootClass - HHH000038: Composite-id class does not override equals(): com.macmie.mfoodyex.Model.DetailProductCartMfoodyId
2023-02-26 13:18:30.713 [restartedMain] WARN  org.hibernate.mapping.RootClass - HHH000039: Composite-id class does not override hashCode(): com.macmie.mfoodyex.Model.DetailProductCartMfoodyId
2023-02-26 13:18:31.070 [restartedMain] INFO  o.h.e.t.j.p.i.JtaPlatformInitiator - HHH000490: Using JtaPlatform implementation: [org.hibernate.engine.transaction.jta.platform.internal.NoJtaPlatform]
2023-02-26 13:18:31.074 [restartedMain] INFO  o.s.o.j.LocalContainerEntityManagerFactoryBean - Initialized JPA EntityManagerFactory for persistence unit 'default'
2023-02-26 13:18:32.864 [restartedMain] INFO  o.s.s.web.DefaultSecurityFilterChain - Will not secure any request
2023-02-26 13:18:32.991 [restartedMain] INFO  o.s.b.d.a.OptionalLiveReloadServer - LiveReload server is running on port 35729
2023-02-26 13:18:33.145 [restartedMain] INFO  o.a.coyote.http11.Http11NioProtocol - Starting ProtocolHandler ["http-nio-8080"]
2023-02-26 13:18:33.154 [restartedMain] INFO  o.s.b.w.e.tomcat.TomcatWebServer - Tomcat started on port(s): 8080 (http) with context path ''
2023-02-26 13:18:35.248 [restartedMain] INFO  c.m.mfoodyex.MFoodyExApplication - Started MFoodyExApplication in 7.979 seconds (JVM running for 9.534)
2023-02-26 13:19:18.884 [http-nio-8080-exec-1] INFO  o.a.c.c.C.[Tomcat].[localhost].[/] - Initializing Spring DispatcherServlet 'dispatcherServlet'
2023-02-26 13:19:18.885 [http-nio-8080-exec-1] INFO  o.s.web.servlet.DispatcherServlet - Initializing Servlet 'dispatcherServlet'
2023-02-26 13:19:18.889 [http-nio-8080-exec-1] INFO  o.s.web.servlet.DispatcherServlet - Completed initialization in 4 ms
2023-02-26 13:19:18.903 [http-nio-8080-exec-1] INFO  c.m.m.J.JWTAuthenticationFilter - JWTAuthenticationFilter: Start
2023-02-26 13:19:18.917 [http-nio-8080-exec-1] INFO  c.m.m.J.JWTAuthenticationFilter - JWTAuthenticationFilter: End
2023-02-26 13:19:32.698 [http-nio-8080-exec-2] INFO  c.m.m.J.JWTAuthenticationFilter - JWTAuthenticationFilter: Start
2023-02-26 13:19:32.708 [http-nio-8080-exec-2] INFO  c.m.m.J.JWTAuthenticationFilter - JWTAuthenticationFilter: End
2023-02-26 13:20:03.507 [http-nio-8080-exec-4] INFO  c.m.m.J.JWTAuthenticationFilter - JWTAuthenticationFilter: Start
2023-02-26 13:20:03.517 [http-nio-8080-exec-4] INFO  c.m.m.J.JWTAuthenticationFilter - JWTAuthenticationFilter: End
2023-02-26 13:20:03.702 [http-nio-8080-exec-4] INFO  c.m.m.C.ApplicationMfoodyController - Login to ApplicationMfoody by williamsswift@gmail.com
2023-02-26 13:20:03.815 [http-nio-8080-exec-4] INFO  c.m.m.S.I.UserMfoodyImplementService - Fetching UserMfoody with emailUserMfoody: williamsswift@gmail.com
2023-02-26 13:20:13.080 [http-nio-8080-exec-5] INFO  c.m.m.J.JWTAuthenticationFilter - JWTAuthenticationFilter: Start
2023-02-26 13:20:13.093 [http-nio-8080-exec-5] INFO  c.m.m.J.JWTAuthenticationFilter - JWTAuthenticationFilter: End
2023-02-26 13:21:14.495 [http-nio-8080-exec-9] INFO  c.m.m.J.JWTAuthenticationFilter - JWTAuthenticationFilter: Start
2023-02-26 13:21:14.556 [http-nio-8080-exec-9] INFO  c.m.m.J.JWTAuthenticationFilter - JWTAuthenticationFilter: Check Token
2023-02-26 13:21:14.580 [http-nio-8080-exec-9] INFO  c.m.m.S.I.UserMfoodyImplementService - Fetching UserMfoody with emailUserMfoody: williamsswift@gmail.com
2023-02-26 13:21:14.622 [http-nio-8080-exec-9] INFO  c.m.m.J.JWTAuthenticationFilter - JWTAuthenticationFilter: End
2023-02-26 13:22:02.420 [http-nio-8080-exec-10] INFO  c.m.m.J.JWTAuthenticationFilter - JWTAuthenticationFilter: Start
2023-02-26 13:22:02.432 [http-nio-8080-exec-10] INFO  c.m.m.J.JWTAuthenticationFilter - JWTAuthenticationFilter: End
2023-02-26 13:22:02.464 [http-nio-8080-exec-10] WARN  o.s.w.s.m.s.DefaultHandlerExceptionResolver - Resolved [org.springframework.web.HttpRequestMethodNotSupportedException: Request method 'GET' not supported]
2023-02-26 13:22:02.761 [http-nio-8080-exec-1] INFO  c.m.m.J.JWTAuthenticationFilter - JWTAuthenticationFilter: Start
2023-02-26 13:22:02.769 [http-nio-8080-exec-1] INFO  c.m.m.J.JWTAuthenticationFilter - JWTAuthenticationFilter: End
2023-02-26 13:24:33.005 [http-nio-8080-exec-4] INFO  c.m.m.J.JWTAuthenticationFilter - JWTAuthenticationFilter: Start
2023-02-26 13:24:33.013 [http-nio-8080-exec-4] INFO  c.m.m.J.JWTAuthenticationFilter - JWTAuthenticationFilter: End
2023-02-26 13:24:38.950 [http-nio-8080-exec-6] INFO  c.m.m.J.JWTAuthenticationFilter - JWTAuthenticationFilter: Start
2023-02-26 13:24:38.963 [http-nio-8080-exec-6] INFO  c.m.m.J.JWTAuthenticationFilter - JWTAuthenticationFilter: Check Token
2023-02-26 13:24:38.999 [http-nio-8080-exec-6] INFO  c.m.m.S.I.UserMfoodyImplementService - Fetching UserMfoody with emailUserMfoody: williamsswift@gmail.com
2023-02-26 13:24:39.027 [http-nio-8080-exec-6] INFO  c.m.m.J.JWTAuthenticationFilter - JWTAuthenticationFilter: End
2023-02-26 13:26:32.719 [SpringApplicationShutdownHook] INFO  o.s.o.j.LocalContainerEntityManagerFactoryBean - Closing JPA EntityManagerFactory for persistence unit 'default'
2023-02-26 13:26:32.726 [SpringApplicationShutdownHook] INFO  com.zaxxer.hikari.HikariDataSource - HikariPool-1 - Shutdown initiated...
2023-02-26 13:26:32.821 [SpringApplicationShutdownHook] INFO  com.zaxxer.hikari.HikariDataSource - HikariPool-1 - Shutdown completed.
2023-02-26 13:26:41.879 [restartedMain] INFO  c.m.mfoodyex.MFoodyExApplication - Starting MFoodyExApplication using Java 17 on Macs-MacBook-Air.local with PID 50796 (/Users/macmie/Desktop/WEB/INTELIIJI/target/classes started by macmie in /Users/macmie/Desktop/WEB/INTELIIJI)
2023-02-26 13:26:41.880 [restartedMain] INFO  c.m.mfoodyex.MFoodyExApplication - No active profile set, falling back to 1 default profile: "default"
2023-02-26 13:26:41.936 [restartedMain] INFO  o.s.b.d.e.DevToolsPropertyDefaultsPostProcessor - Devtools property defaults active! Set 'spring.devtools.add-properties' to 'false' to disable
2023-02-26 13:26:41.936 [restartedMain] INFO  o.s.b.d.e.DevToolsPropertyDefaultsPostProcessor - For additional web related logging consider setting the 'logging.level.web' property to 'DEBUG'
2023-02-26 13:26:42.851 [restartedMain] INFO  o.s.d.r.c.RepositoryConfigurationDelegate - Bootstrapping Spring Data JPA repositories in DEFAULT mode.
2023-02-26 13:26:42.971 [restartedMain] INFO  o.s.d.r.c.RepositoryConfigurationDelegate - Finished Spring Data repository scanning in 116 ms. Found 9 JPA repository interfaces.
2023-02-26 13:26:43.637 [restartedMain] INFO  o.s.b.w.e.tomcat.TomcatWebServer - Tomcat initialized with port(s): 8080 (http)
2023-02-26 13:26:43.643 [restartedMain] INFO  o.a.coyote.http11.Http11NioProtocol - Initializing ProtocolHandler ["http-nio-8080"]
2023-02-26 13:26:43.643 [restartedMain] INFO  o.a.catalina.core.StandardService - Starting service [Tomcat]
2023-02-26 13:26:43.643 [restartedMain] INFO  o.a.catalina.core.StandardEngine - Starting Servlet engine: [Apache Tomcat/9.0.58]
2023-02-26 13:26:43.698 [restartedMain] INFO  o.a.c.c.C.[Tomcat].[localhost].[/] - Initializing Spring embedded WebApplicationContext
2023-02-26 13:26:43.698 [restartedMain] INFO  o.s.b.w.s.c.ServletWebServerApplicationContext - Root WebApplicationContext: initialization completed in 1761 ms
2023-02-26 13:26:43.780 [restartedMain] WARN  o.s.b.a.o.j.JpaBaseConfiguration$JpaWebConfiguration - spring.jpa.open-in-view is enabled by default. Therefore, database queries may be performed during view rendering. Explicitly configure spring.jpa.open-in-view to disable this warning
2023-02-26 13:26:43.857 [restartedMain] INFO  com.zaxxer.hikari.HikariDataSource - HikariPool-1 - Starting...
2023-02-26 13:26:44.195 [restartedMain] INFO  com.zaxxer.hikari.HikariDataSource - HikariPool-1 - Start completed.
2023-02-26 13:26:44.227 [restartedMain] INFO  o.h.jpa.internal.util.LogHelper - HHH000204: Processing PersistenceUnitInfo [name: default]
2023-02-26 13:26:44.275 [restartedMain] INFO  org.hibernate.Version - HHH000412: Hibernate ORM core version 5.6.5.Final
2023-02-26 13:26:44.366 [restartedMain] INFO  o.h.annotations.common.Version - HCANN000001: Hibernate Commons Annotations {5.1.2.Final}
2023-02-26 13:26:44.417 [restartedMain] INFO  org.hibernate.dialect.Dialect - HHH000400: Using dialect: org.hibernate.dialect.MySQL8Dialect
2023-02-26 13:26:44.582 [restartedMain] WARN  org.hibernate.mapping.RootClass - HHH000038: Composite-id class does not override equals(): com.macmie.mfoodyex.Model.DetailProductOrderMfoodyId
2023-02-26 13:26:44.582 [restartedMain] WARN  org.hibernate.mapping.RootClass - HHH000039: Composite-id class does not override hashCode(): com.macmie.mfoodyex.Model.DetailProductOrderMfoodyId
2023-02-26 13:26:44.582 [restartedMain] WARN  org.hibernate.mapping.RootClass - HHH000038: Composite-id class does not override equals(): com.macmie.mfoodyex.Model.DetailProductCartMfoodyId
2023-02-26 13:26:44.583 [restartedMain] WARN  org.hibernate.mapping.RootClass - HHH000039: Composite-id class does not override hashCode(): com.macmie.mfoodyex.Model.DetailProductCartMfoodyId
2023-02-26 13:26:44.924 [restartedMain] INFO  o.h.e.t.j.p.i.JtaPlatformInitiator - HHH000490: Using JtaPlatform implementation: [org.hibernate.engine.transaction.jta.platform.internal.NoJtaPlatform]
2023-02-26 13:26:44.928 [restartedMain] INFO  o.s.o.j.LocalContainerEntityManagerFactoryBean - Initialized JPA EntityManagerFactory for persistence unit 'default'
2023-02-26 13:26:46.622 [restartedMain] INFO  o.s.s.web.DefaultSecurityFilterChain - Will not secure any request
2023-02-26 13:26:46.734 [restartedMain] INFO  o.s.b.d.a.OptionalLiveReloadServer - LiveReload server is running on port 35729
2023-02-26 13:26:46.887 [restartedMain] INFO  o.a.coyote.http11.Http11NioProtocol - Starting ProtocolHandler ["http-nio-8080"]
2023-02-26 13:26:46.898 [restartedMain] INFO  o.s.b.w.e.tomcat.TomcatWebServer - Tomcat started on port(s): 8080 (http) with context path ''
2023-02-26 13:26:48.504 [http-nio-8080-exec-1] INFO  o.a.c.c.C.[Tomcat].[localhost].[/] - Initializing Spring DispatcherServlet 'dispatcherServlet'
2023-02-26 13:26:48.505 [http-nio-8080-exec-1] INFO  o.s.web.servlet.DispatcherServlet - Initializing Servlet 'dispatcherServlet'
2023-02-26 13:26:48.512 [http-nio-8080-exec-1] INFO  o.s.web.servlet.DispatcherServlet - Completed initialization in 7 ms
2023-02-26 13:26:48.532 [http-nio-8080-exec-1] INFO  c.m.m.J.JWTAuthenticationFilter - JWTAuthenticationFilter: Start
2023-02-26 13:26:48.549 [http-nio-8080-exec-1] INFO  c.m.m.J.JWTAuthenticationFilter - JWTAuthenticationFilter: End
2023-02-26 13:26:49.292 [restartedMain] INFO  c.m.mfoodyex.MFoodyExApplication - Started MFoodyExApplication in 7.78 seconds (JVM running for 8.946)
2023-02-26 13:26:49.333 [http-nio-8080-exec-2] INFO  c.m.m.J.JWTAuthenticationFilter - JWTAuthenticationFilter: Start
2023-02-26 13:26:49.335 [http-nio-8080-exec-2] INFO  c.m.m.J.JWTAuthenticationFilter - JWTAuthenticationFilter: End
2023-02-26 13:26:49.998 [http-nio-8080-exec-3] INFO  c.m.m.J.JWTAuthenticationFilter - JWTAuthenticationFilter: Start
2023-02-26 13:26:50.010 [http-nio-8080-exec-3] INFO  c.m.m.J.JWTAuthenticationFilter - JWTAuthenticationFilter: End
2023-02-26 13:26:50.574 [http-nio-8080-exec-4] INFO  c.m.m.J.JWTAuthenticationFilter - JWTAuthenticationFilter: Start
2023-02-26 13:26:50.587 [http-nio-8080-exec-4] INFO  c.m.m.J.JWTAuthenticationFilter - JWTAuthenticationFilter: End
2023-02-26 13:26:51.106 [http-nio-8080-exec-5] INFO  c.m.m.J.JWTAuthenticationFilter - JWTAuthenticationFilter: Start
2023-02-26 13:26:51.108 [http-nio-8080-exec-5] INFO  c.m.m.J.JWTAuthenticationFilter - JWTAuthenticationFilter: End
2023-02-26 13:27:00.838 [http-nio-8080-exec-6] INFO  c.m.m.J.JWTAuthenticationFilter - JWTAuthenticationFilter: Start
2023-02-26 13:27:00.843 [http-nio-8080-exec-6] INFO  c.m.m.J.JWTAuthenticationFilter - JWTAuthenticationFilter: End
2023-02-26 13:27:02.849 [http-nio-8080-exec-7] INFO  c.m.m.J.JWTAuthenticationFilter - JWTAuthenticationFilter: Start
2023-02-26 13:27:02.851 [http-nio-8080-exec-7] INFO  c.m.m.J.JWTAuthenticationFilter - JWTAuthenticationFilter: End
2023-02-26 13:27:05.476 [http-nio-8080-exec-8] INFO  c.m.m.J.JWTAuthenticationFilter - JWTAuthenticationFilter: Start
2023-02-26 13:27:05.478 [http-nio-8080-exec-8] INFO  c.m.m.J.JWTAuthenticationFilter - JWTAuthenticationFilter: End
2023-02-26 13:27:32.508 [http-nio-8080-exec-9] INFO  c.m.m.J.JWTAuthenticationFilter - JWTAuthenticationFilter: Start
2023-02-26 13:27:32.545 [http-nio-8080-exec-9] INFO  c.m.m.J.JWTAuthenticationFilter - JWTAuthenticationFilter: End
2023-02-26 13:27:37.990 [http-nio-8080-exec-10] INFO  c.m.m.J.JWTAuthenticationFilter - JWTAuthenticationFilter: Start
2023-02-26 13:27:37.997 [http-nio-8080-exec-10] INFO  c.m.m.J.JWTAuthenticationFilter - JWTAuthenticationFilter: End
2023-02-26 13:27:38.576 [http-nio-8080-exec-1] INFO  c.m.m.J.JWTAuthenticationFilter - JWTAuthenticationFilter: Start
2023-02-26 13:27:38.578 [http-nio-8080-exec-1] INFO  c.m.m.J.JWTAuthenticationFilter - JWTAuthenticationFilter: End
2023-02-26 13:27:39.026 [http-nio-8080-exec-2] INFO  c.m.m.J.JWTAuthenticationFilter - JWTAuthenticationFilter: Start
2023-02-26 13:27:39.028 [http-nio-8080-exec-2] INFO  c.m.m.J.JWTAuthenticationFilter - JWTAuthenticationFilter: End
2023-02-26 13:27:39.206 [http-nio-8080-exec-3] INFO  c.m.m.J.JWTAuthenticationFilter - JWTAuthenticationFilter: Start
2023-02-26 13:27:39.208 [http-nio-8080-exec-3] INFO  c.m.m.J.JWTAuthenticationFilter - JWTAuthenticationFilter: End
2023-02-26 13:27:39.401 [http-nio-8080-exec-4] INFO  c.m.m.J.JWTAuthenticationFilter - JWTAuthenticationFilter: Start
2023-02-26 13:27:39.407 [http-nio-8080-exec-4] INFO  c.m.m.J.JWTAuthenticationFilter - JWTAuthenticationFilter: End
2023-02-26 13:27:48.309 [http-nio-8080-exec-5] INFO  c.m.m.J.JWTAuthenticationFilter - JWTAuthenticationFilter: Start
2023-02-26 13:27:48.311 [http-nio-8080-exec-5] INFO  c.m.m.J.JWTAuthenticationFilter - JWTAuthenticationFilter: End
2023-02-26 13:27:51.057 [http-nio-8080-exec-6] INFO  c.m.m.J.JWTAuthenticationFilter - JWTAuthenticationFilter: Start
2023-02-26 13:27:51.060 [http-nio-8080-exec-6] INFO  c.m.m.J.JWTAuthenticationFilter - JWTAuthenticationFilter: End
2023-02-26 13:29:16.208 [http-nio-8080-exec-8] INFO  c.m.m.J.JWTAuthenticationFilter - JWTAuthenticationFilter: Start
2023-02-26 13:29:16.214 [http-nio-8080-exec-8] INFO  c.m.m.J.JWTAuthenticationFilter - JWTAuthenticationFilter: End
2023-02-26 13:30:00.110 [http-nio-8080-exec-9] INFO  c.m.m.J.JWTAuthenticationFilter - JWTAuthenticationFilter: Start
2023-02-26 13:30:00.124 [http-nio-8080-exec-9] INFO  c.m.m.J.JWTAuthenticationFilter - JWTAuthenticationFilter: End
2023-02-26 13:30:10.540 [http-nio-8080-exec-10] INFO  c.m.m.J.JWTAuthenticationFilter - JWTAuthenticationFilter: Start
2023-02-26 13:30:10.542 [http-nio-8080-exec-10] INFO  c.m.m.J.JWTAuthenticationFilter - JWTAuthenticationFilter: End
2023-02-26 13:30:15.026 [http-nio-8080-exec-1] INFO  c.m.m.J.JWTAuthenticationFilter - JWTAuthenticationFilter: Start
2023-02-26 13:30:15.028 [http-nio-8080-exec-1] INFO  c.m.m.J.JWTAuthenticationFilter - JWTAuthenticationFilter: End
2023-02-26 13:30:15.374 [http-nio-8080-exec-2] INFO  c.m.m.J.JWTAuthenticationFilter - JWTAuthenticationFilter: Start
2023-02-26 13:30:15.381 [http-nio-8080-exec-2] INFO  c.m.m.J.JWTAuthenticationFilter - JWTAuthenticationFilter: End
2023-02-26 13:36:30.063 [http-nio-8080-exec-4] INFO  c.m.m.J.JWTAuthenticationFilter - JWTAuthenticationFilter: Start
2023-02-26 13:36:30.134 [http-nio-8080-exec-4] INFO  c.m.m.J.JWTAuthenticationFilter - JWTAuthenticationFilter: End
2023-02-26 13:37:34.273 [http-nio-8080-exec-8] INFO  c.m.m.J.JWTAuthenticationFilter - JWTAuthenticationFilter: Start
2023-02-26 13:37:34.291 [http-nio-8080-exec-8] INFO  c.m.m.J.JWTAuthenticationFilter - JWTAuthenticationFilter: Check Token
2023-02-26 13:37:34.403 [http-nio-8080-exec-8] INFO  c.m.m.S.I.UserMfoodyImplementService - Fetching UserMfoody with emailUserMfoody: williamsswift@gmail.com
2023-02-26 13:37:34.533 [http-nio-8080-exec-8] INFO  c.m.m.J.JWTAuthenticationFilter - JWTAuthenticationFilter: End
2023-02-26 13:37:34.573 [http-nio-8080-exec-8] INFO  c.m.m.C.ProductMfoodyController - Get List of ProductMfoodys by williamsswift@gmail.com
2023-02-26 13:37:34.580 [http-nio-8080-exec-8] INFO  c.m.m.S.I.ProductMfoodyImplementService - Fetching all ProductMfoodys 
2023-02-26 13:49:31.193 [SpringApplicationShutdownHook] INFO  o.s.o.j.LocalContainerEntityManagerFactoryBean - Closing JPA EntityManagerFactory for persistence unit 'default'
2023-02-26 13:49:31.199 [SpringApplicationShutdownHook] INFO  com.zaxxer.hikari.HikariDataSource - HikariPool-1 - Shutdown initiated...
2023-02-26 13:49:31.259 [SpringApplicationShutdownHook] INFO  com.zaxxer.hikari.HikariDataSource - HikariPool-1 - Shutdown completed.
