2023-05-20 00:05:11.697 [restartedMain] INFO  c.m.mfoodyex.MFoodyExApplication - Starting MFoodyExApplication using Java 17 on Macs-MacBook-Air.local with PID 89225 (/Users/macmie/Desktop/WEB/INTELIIJI_VS2/target/classes started by macmie in /Users/macmie/Desktop/WEB/INTELIIJI_VS2)
2023-05-20 00:05:11.757 [restartedMain] INFO  c.m.mfoodyex.MFoodyExApplication - No active profile set, falling back to 1 default profile: "default"
2023-05-20 00:05:12.098 [restartedMain] INFO  o.s.b.d.e.DevToolsPropertyDefaultsPostProcessor - Devtools property defaults active! Set 'spring.devtools.add-properties' to 'false' to disable
2023-05-20 00:05:12.104 [restartedMain] INFO  o.s.b.d.e.DevToolsPropertyDefaultsPostProcessor - For additional web related logging consider setting the 'logging.level.web' property to 'DEBUG'
2023-05-20 00:05:16.884 [restartedMain] INFO  o.s.d.r.c.RepositoryConfigurationDelegate - Bootstrapping Spring Data JPA repositories in DEFAULT mode.
2023-05-20 00:05:18.020 [restartedMain] INFO  o.s.d.r.c.RepositoryConfigurationDelegate - Finished Spring Data repository scanning in 1112 ms. Found 12 JPA repository interfaces.
2023-05-20 00:05:24.878 [restartedMain] INFO  o.s.b.w.e.tomcat.TomcatWebServer - Tomcat initialized with port(s): 8080 (http)
2023-05-20 00:05:24.899 [restartedMain] INFO  o.a.coyote.http11.Http11NioProtocol - Initializing ProtocolHandler ["http-nio-8080"]
2023-05-20 00:05:24.901 [restartedMain] INFO  o.a.catalina.core.StandardService - Starting service [Tomcat]
2023-05-20 00:05:24.902 [restartedMain] INFO  o.a.catalina.core.StandardEngine - Starting Servlet engine: [Apache Tomcat/9.0.58]
2023-05-20 00:05:25.756 [restartedMain] INFO  o.a.c.c.C.[Tomcat].[localhost].[/] - Initializing Spring embedded WebApplicationContext
2023-05-20 00:05:25.758 [restartedMain] INFO  o.s.b.w.s.c.ServletWebServerApplicationContext - Root WebApplicationContext: initialization completed in 13653 ms
2023-05-20 00:05:26.866 [restartedMain] WARN  o.s.b.a.o.j.JpaBaseConfiguration$JpaWebConfiguration - spring.jpa.open-in-view is enabled by default. Therefore, database queries may be performed during view rendering. Explicitly configure spring.jpa.open-in-view to disable this warning
2023-05-20 00:05:27.724 [restartedMain] INFO  com.zaxxer.hikari.HikariDataSource - HikariPool-1 - Starting...
2023-05-20 00:05:30.666 [restartedMain] INFO  com.zaxxer.hikari.HikariDataSource - HikariPool-1 - Start completed.
2023-05-20 00:05:31.122 [restartedMain] INFO  o.h.jpa.internal.util.LogHelper - HHH000204: Processing PersistenceUnitInfo [name: default]
2023-05-20 00:05:31.363 [restartedMain] INFO  org.hibernate.Version - HHH000412: Hibernate ORM core version 5.6.5.Final
2023-05-20 00:05:32.051 [restartedMain] INFO  o.h.annotations.common.Version - HCANN000001: Hibernate Commons Annotations {5.1.2.Final}
2023-05-20 00:05:32.453 [restartedMain] INFO  org.hibernate.dialect.Dialect - HHH000400: Using dialect: org.hibernate.dialect.MySQL8Dialect
2023-05-20 00:05:34.116 [restartedMain] WARN  org.hibernate.mapping.RootClass - HHH000038: Composite-id class does not override equals(): com.macmie.mfoodyex.Model.DetailProductOrderMfoodyId
2023-05-20 00:05:34.117 [restartedMain] WARN  org.hibernate.mapping.RootClass - HHH000039: Composite-id class does not override hashCode(): com.macmie.mfoodyex.Model.DetailProductOrderMfoodyId
2023-05-20 00:05:34.118 [restartedMain] WARN  org.hibernate.mapping.RootClass - HHH000038: Composite-id class does not override equals(): com.macmie.mfoodyex.Model.FavoriteProductMfoodyId
2023-05-20 00:05:34.118 [restartedMain] WARN  org.hibernate.mapping.RootClass - HHH000039: Composite-id class does not override hashCode(): com.macmie.mfoodyex.Model.FavoriteProductMfoodyId
2023-05-20 00:05:34.118 [restartedMain] WARN  org.hibernate.mapping.RootClass - HHH000038: Composite-id class does not override equals(): com.macmie.mfoodyex.Model.DetailProductCartMfoodyId
2023-05-20 00:05:34.118 [restartedMain] WARN  org.hibernate.mapping.RootClass - HHH000039: Composite-id class does not override hashCode(): com.macmie.mfoodyex.Model.DetailProductCartMfoodyId
2023-05-20 00:05:37.442 [restartedMain] INFO  o.h.e.t.j.p.i.JtaPlatformInitiator - HHH000490: Using JtaPlatform implementation: [org.hibernate.engine.transaction.jta.platform.internal.NoJtaPlatform]
2023-05-20 00:05:37.470 [restartedMain] INFO  o.s.o.j.LocalContainerEntityManagerFactoryBean - Initialized JPA EntityManagerFactory for persistence unit 'default'
2023-05-20 00:05:50.863 [restartedMain] INFO  o.s.s.web.DefaultSecurityFilterChain - Will not secure any request
2023-05-20 00:05:51.108 [restartedMain] INFO  o.s.b.d.a.OptionalLiveReloadServer - LiveReload server is running on port 35729
2023-05-20 00:05:51.967 [restartedMain] INFO  o.a.coyote.http11.Http11NioProtocol - Starting ProtocolHandler ["http-nio-8080"]
2023-05-20 00:05:52.004 [restartedMain] INFO  o.s.b.w.e.tomcat.TomcatWebServer - Tomcat started on port(s): 8080 (http) with context path ''
2023-05-20 00:05:54.656 [restartedMain] INFO  c.m.mfoodyex.MFoodyExApplication - Started MFoodyExApplication in 44.845 seconds (JVM running for 48.849)
2023-05-20 00:06:04.935 [http-nio-8080-exec-1] INFO  o.a.c.c.C.[Tomcat].[localhost].[/] - Initializing Spring DispatcherServlet 'dispatcherServlet'
2023-05-20 00:06:04.936 [http-nio-8080-exec-1] INFO  o.s.web.servlet.DispatcherServlet - Initializing Servlet 'dispatcherServlet'
2023-05-20 00:06:04.945 [http-nio-8080-exec-1] INFO  o.s.web.servlet.DispatcherServlet - Completed initialization in 8 ms
2023-05-20 00:06:04.998 [http-nio-8080-exec-1] INFO  c.m.m.J.JWTAuthenticationFilter - JWTAuthenticationFilter: Start
2023-05-20 00:06:05.038 [http-nio-8080-exec-1] INFO  c.m.m.J.JWTAuthenticationFilter - JWTAuthenticationFilter: End
2023-05-20 00:06:05.311 [http-nio-8080-exec-1] INFO  c.m.m.C.ApplicationMfoodyController - Login to ApplicationMfoody by robinsonhank@gmail.com
2023-05-20 00:06:05.484 [http-nio-8080-exec-1] INFO  c.m.m.S.I.UserMfoodyImplementService - Fetching UserMfoody with emailUserMfoody: robinsonhank@gmail.com
2023-05-20 00:06:06.664 [http-nio-8080-exec-1] INFO  c.m.m.S.I.UserMfoodyImplementService - Fetching UserMfoody with emailUserMfoody: robinsonhank@gmail.com
2023-05-20 00:06:06.946 [http-nio-8080-exec-1] INFO  c.m.mfoodyex.JWTHelper.JWTProvider - jsonObjectUserMfoody by jackSon: {"idUser":215231,"emailUser":"robinsonhank@gmail.com","passwordUser":"$2a$12$iXPkaN0Ey.LFhPLbDdg0Suo07MCyDk9F4AaBMCYsEYTUw6HDetQDm","nameUser":"Robinson Hank","phoneNumberUser":"89341183005","addressUser":"Texas, USA","roleUser":"ADMIN","listCreditCards":[{"idCard":430711,"nameUserCard":"Robinson Hank","numberCard":"6589652343548896","expirationCard":"01/01/23","securityCodeCard":"714"}],"listCarts":[{"idCart":350060,"quantityAllProductsInCart":1,"totalSalePriceCart":50.0,"totalFullPriceCart":50.0,"listDetailProductCarts":[{"idDetailProductCartMFoody":{"idCart":350060,"idProduct":530022},"quantityDetailProductCart":1,"salePriceDetailProductCart":50.0,"fullPriceDetailProductCart":50.0}]}],"listComments":[{"idComment":608751,"ratingComment":4,"contentComment":"The products is OKAY"},{"idComment":608754,"ratingComment":3,"contentComment":"The product is okay, but I expected better quality for the price."},{"idComment":608802,"ratingComment":5,"contentComment":"I'm impressed with the variety of vegan options available. The quality is top-notch."},{"idComment":608926,"ratingComment":3,"contentComment":"The goods are satisfactory. They meet my basic needs."}]}
2023-05-20 00:06:55.931 [http-nio-8080-exec-4] INFO  c.m.m.J.JWTAuthenticationFilter - JWTAuthenticationFilter: Start
2023-05-20 00:06:56.113 [http-nio-8080-exec-4] INFO  c.m.m.J.JWTAuthenticationFilter - JWTAuthenticationFilter: Check Token
2023-05-20 00:06:56.179 [http-nio-8080-exec-4] INFO  c.m.m.S.I.UserMfoodyImplementService - Fetching UserMfoody with emailUserMfoody: robinsonhank@gmail.com
2023-05-20 00:06:56.232 [http-nio-8080-exec-4] INFO  c.m.m.J.JWTAuthenticationFilter - JWTAuthenticationFilter: End
2023-05-20 00:06:56.398 [http-nio-8080-exec-4] INFO  c.m.m.C.ProductMfoodyController - Get List of ProductMfoodys by robinsonhank@gmail.com
2023-05-20 00:06:56.418 [http-nio-8080-exec-4] INFO  c.m.m.S.I.ProductMfoodyImplementService - Fetching all ProductMfoodys 
2023-05-20 00:10:46.843 [http-nio-8080-exec-8] INFO  c.m.m.J.JWTAuthenticationFilter - JWTAuthenticationFilter: Start
2023-05-20 00:10:46.928 [http-nio-8080-exec-8] INFO  c.m.m.J.JWTAuthenticationFilter - JWTAuthenticationFilter: End
2023-05-20 00:11:28.060 [http-nio-8080-exec-9] INFO  c.m.m.J.JWTAuthenticationFilter - JWTAuthenticationFilter: Start
2023-05-20 00:11:28.090 [http-nio-8080-exec-9] INFO  c.m.m.J.JWTAuthenticationFilter - JWTAuthenticationFilter: End
2023-05-20 00:11:30.844 [http-nio-8080-exec-10] INFO  c.m.m.J.JWTAuthenticationFilter - JWTAuthenticationFilter: Start
2023-05-20 00:11:30.847 [http-nio-8080-exec-10] INFO  c.m.m.J.JWTAuthenticationFilter - JWTAuthenticationFilter: End
2023-05-20 00:11:47.077 [http-nio-8080-exec-3] INFO  c.m.m.J.JWTAuthenticationFilter - JWTAuthenticationFilter: Start
2023-05-20 00:11:47.091 [http-nio-8080-exec-3] INFO  c.m.m.J.JWTAuthenticationFilter - JWTAuthenticationFilter: Check Token
2023-05-20 00:11:47.228 [http-nio-8080-exec-3] INFO  c.m.m.S.I.UserMfoodyImplementService - Fetching UserMfoody with emailUserMfoody: robinsonhank@gmail.com
2023-05-20 00:11:47.336 [http-nio-8080-exec-3] INFO  c.m.m.J.JWTAuthenticationFilter - JWTAuthenticationFilter: End
2023-05-20 00:11:47.408 [http-nio-8080-exec-3] INFO  c.m.m.C.ProductMfoodyController - Get ProductMfoody with ID: 530025 by robinsonhank@gmail.com
2023-05-20 00:11:47.410 [http-nio-8080-exec-3] INFO  c.m.m.S.I.ProductMfoodyImplementService - Fetching ProductMfoody with ID: 530025
2023-05-20 00:43:33.361 [SpringApplicationShutdownHook] INFO  o.s.o.j.LocalContainerEntityManagerFactoryBean - Closing JPA EntityManagerFactory for persistence unit 'default'
2023-05-20 00:43:33.443 [SpringApplicationShutdownHook] INFO  com.zaxxer.hikari.HikariDataSource - HikariPool-1 - Shutdown initiated...
2023-05-20 00:43:33.627 [SpringApplicationShutdownHook] INFO  com.zaxxer.hikari.HikariDataSource - HikariPool-1 - Shutdown completed.
2023-05-20 01:33:07.661 [restartedMain] INFO  c.m.mfoodyex.MFoodyExApplication - Starting MFoodyExApplication using Java 17 on Macs-MacBook-Air.local with PID 97200 (/Users/macmie/Desktop/WEB/INTELIIJI_VS2/target/classes started by macmie in /Users/macmie/Desktop/WEB/INTELIIJI_VS2)
2023-05-20 01:33:07.670 [restartedMain] INFO  c.m.mfoodyex.MFoodyExApplication - No active profile set, falling back to 1 default profile: "default"
2023-05-20 01:33:08.020 [restartedMain] INFO  o.s.b.d.e.DevToolsPropertyDefaultsPostProcessor - Devtools property defaults active! Set 'spring.devtools.add-properties' to 'false' to disable
2023-05-20 01:33:08.021 [restartedMain] INFO  o.s.b.d.e.DevToolsPropertyDefaultsPostProcessor - For additional web related logging consider setting the 'logging.level.web' property to 'DEBUG'
2023-05-20 01:33:13.316 [restartedMain] INFO  o.s.d.r.c.RepositoryConfigurationDelegate - Bootstrapping Spring Data JPA repositories in DEFAULT mode.
2023-05-20 01:33:14.591 [restartedMain] INFO  o.s.d.r.c.RepositoryConfigurationDelegate - Finished Spring Data repository scanning in 1246 ms. Found 12 JPA repository interfaces.
2023-05-20 01:33:20.915 [restartedMain] INFO  o.s.b.w.e.tomcat.TomcatWebServer - Tomcat initialized with port(s): 8080 (http)
2023-05-20 01:33:20.977 [restartedMain] INFO  o.a.coyote.http11.Http11NioProtocol - Initializing ProtocolHandler ["http-nio-8080"]
2023-05-20 01:33:20.978 [restartedMain] INFO  o.a.catalina.core.StandardService - Starting service [Tomcat]
2023-05-20 01:33:20.979 [restartedMain] INFO  o.a.catalina.core.StandardEngine - Starting Servlet engine: [Apache Tomcat/9.0.58]
2023-05-20 01:33:21.414 [restartedMain] INFO  o.a.c.c.C.[Tomcat].[localhost].[/] - Initializing Spring embedded WebApplicationContext
2023-05-20 01:33:21.415 [restartedMain] INFO  o.s.b.w.s.c.ServletWebServerApplicationContext - Root WebApplicationContext: initialization completed in 13394 ms
2023-05-20 01:33:22.227 [restartedMain] WARN  o.s.b.a.o.j.JpaBaseConfiguration$JpaWebConfiguration - spring.jpa.open-in-view is enabled by default. Therefore, database queries may be performed during view rendering. Explicitly configure spring.jpa.open-in-view to disable this warning
2023-05-20 01:33:23.279 [restartedMain] INFO  com.zaxxer.hikari.HikariDataSource - HikariPool-1 - Starting...
2023-05-20 01:33:25.299 [restartedMain] INFO  com.zaxxer.hikari.HikariDataSource - HikariPool-1 - Start completed.
2023-05-20 01:33:25.843 [restartedMain] INFO  o.h.jpa.internal.util.LogHelper - HHH000204: Processing PersistenceUnitInfo [name: default]
2023-05-20 01:33:25.966 [restartedMain] INFO  org.hibernate.Version - HHH000412: Hibernate ORM core version 5.6.5.Final
2023-05-20 01:33:26.688 [restartedMain] INFO  o.h.annotations.common.Version - HCANN000001: Hibernate Commons Annotations {5.1.2.Final}
2023-05-20 01:33:27.080 [restartedMain] INFO  org.hibernate.dialect.Dialect - HHH000400: Using dialect: org.hibernate.dialect.MySQL8Dialect
2023-05-20 01:33:28.479 [restartedMain] WARN  org.hibernate.mapping.RootClass - HHH000038: Composite-id class does not override equals(): com.macmie.mfoodyex.Model.DetailProductOrderMfoodyId
2023-05-20 01:33:28.483 [restartedMain] WARN  org.hibernate.mapping.RootClass - HHH000039: Composite-id class does not override hashCode(): com.macmie.mfoodyex.Model.DetailProductOrderMfoodyId
2023-05-20 01:33:28.525 [restartedMain] WARN  org.hibernate.mapping.RootClass - HHH000038: Composite-id class does not override equals(): com.macmie.mfoodyex.Model.FavoriteProductMfoodyId
2023-05-20 01:33:28.528 [restartedMain] WARN  org.hibernate.mapping.RootClass - HHH000039: Composite-id class does not override hashCode(): com.macmie.mfoodyex.Model.FavoriteProductMfoodyId
2023-05-20 01:33:28.533 [restartedMain] WARN  org.hibernate.mapping.RootClass - HHH000038: Composite-id class does not override equals(): com.macmie.mfoodyex.Model.DetailProductCartMfoodyId
2023-05-20 01:33:28.533 [restartedMain] WARN  org.hibernate.mapping.RootClass - HHH000039: Composite-id class does not override hashCode(): com.macmie.mfoodyex.Model.DetailProductCartMfoodyId
2023-05-20 01:33:31.492 [restartedMain] INFO  o.h.e.t.j.p.i.JtaPlatformInitiator - HHH000490: Using JtaPlatform implementation: [org.hibernate.engine.transaction.jta.platform.internal.NoJtaPlatform]
2023-05-20 01:33:31.511 [restartedMain] INFO  o.s.o.j.LocalContainerEntityManagerFactoryBean - Initialized JPA EntityManagerFactory for persistence unit 'default'
2023-05-20 01:33:47.327 [restartedMain] INFO  o.s.s.web.DefaultSecurityFilterChain - Will not secure any request
2023-05-20 01:33:47.891 [restartedMain] INFO  o.s.b.d.a.OptionalLiveReloadServer - LiveReload server is running on port 35729
2023-05-20 01:33:48.498 [restartedMain] INFO  o.a.coyote.http11.Http11NioProtocol - Starting ProtocolHandler ["http-nio-8080"]
2023-05-20 01:33:48.536 [restartedMain] INFO  o.s.b.w.e.tomcat.TomcatWebServer - Tomcat started on port(s): 8080 (http) with context path ''
2023-05-20 01:33:52.031 [restartedMain] INFO  c.m.mfoodyex.MFoodyExApplication - Started MFoodyExApplication in 46.934 seconds (JVM running for 50.743)
2023-05-20 01:34:06.159 [http-nio-8080-exec-2] INFO  o.a.c.c.C.[Tomcat].[localhost].[/] - Initializing Spring DispatcherServlet 'dispatcherServlet'
2023-05-20 01:34:06.160 [http-nio-8080-exec-2] INFO  o.s.web.servlet.DispatcherServlet - Initializing Servlet 'dispatcherServlet'
2023-05-20 01:34:06.171 [http-nio-8080-exec-2] INFO  o.s.web.servlet.DispatcherServlet - Completed initialization in 10 ms
2023-05-20 01:34:06.195 [http-nio-8080-exec-2] INFO  c.m.m.J.JWTAuthenticationFilter - JWTAuthenticationFilter: Start
2023-05-20 01:34:06.319 [http-nio-8080-exec-2] INFO  c.m.m.J.JWTAuthenticationFilter - JWTAuthenticationFilter: Check Token
2023-05-20 01:34:06.428 [http-nio-8080-exec-2] INFO  c.m.m.S.I.UserMfoodyImplementService - Fetching UserMfoody with emailUserMfoody: robinsonhank@gmail.com
2023-05-20 01:34:06.755 [http-nio-8080-exec-2] INFO  c.m.m.J.JWTAuthenticationFilter - JWTAuthenticationFilter: End
2023-05-20 01:34:06.879 [http-nio-8080-exec-2] INFO  c.m.m.C.ProductMfoodyController - Count Total Number of ProductMfoodys by robinsonhank@gmail.com
2023-05-20 01:34:06.925 [http-nio-8080-exec-2] INFO  c.m.m.S.I.ProductMfoodyImplementService - Count Total Number of ProductMfoodys
2023-05-20 01:34:10.283 [http-nio-8080-exec-3] INFO  c.m.m.J.JWTAuthenticationFilter - JWTAuthenticationFilter: Start
2023-05-20 01:34:10.310 [http-nio-8080-exec-3] INFO  c.m.m.J.JWTAuthenticationFilter - JWTAuthenticationFilter: Check Token
2023-05-20 01:34:10.324 [http-nio-8080-exec-3] INFO  c.m.m.S.I.UserMfoodyImplementService - Fetching UserMfoody with emailUserMfoody: robinsonhank@gmail.com
2023-05-20 01:34:10.344 [http-nio-8080-exec-3] INFO  c.m.m.J.JWTAuthenticationFilter - JWTAuthenticationFilter: End
2023-05-20 01:34:10.350 [http-nio-8080-exec-3] INFO  c.m.m.C.ProductMfoodyController - Count Total Number of ProductMfoodys by robinsonhank@gmail.com
2023-05-20 01:34:10.350 [http-nio-8080-exec-3] INFO  c.m.m.S.I.ProductMfoodyImplementService - Count Total Number of ProductMfoodys
2023-05-20 01:35:08.003 [SpringApplicationShutdownHook] INFO  o.s.o.j.LocalContainerEntityManagerFactoryBean - Closing JPA EntityManagerFactory for persistence unit 'default'
2023-05-20 01:35:08.037 [SpringApplicationShutdownHook] INFO  com.zaxxer.hikari.HikariDataSource - HikariPool-1 - Shutdown initiated...
2023-05-20 01:35:08.234 [SpringApplicationShutdownHook] INFO  com.zaxxer.hikari.HikariDataSource - HikariPool-1 - Shutdown completed.
