2023-05-11 07:14:38.389 [restartedMain] INFO  c.m.mfoodyex.MFoodyExApplication - Starting MFoodyExApplication using Java 17 on Macs-MacBook-Air.local with PID 31207 (/Users/macmie/Desktop/WEB/INTELIIJI_VS2/target/classes started by macmie in /Users/macmie/Desktop/WEB/INTELIIJI_VS2)
2023-05-11 07:14:38.391 [restartedMain] INFO  c.m.mfoodyex.MFoodyExApplication - No active profile set, falling back to 1 default profile: "default"
2023-05-11 07:14:38.483 [restartedMain] INFO  o.s.b.d.e.DevToolsPropertyDefaultsPostProcessor - Devtools property defaults active! Set 'spring.devtools.add-properties' to 'false' to disable
2023-05-11 07:14:38.483 [restartedMain] INFO  o.s.b.d.e.DevToolsPropertyDefaultsPostProcessor - For additional web related logging consider setting the 'logging.level.web' property to 'DEBUG'
2023-05-11 07:14:40.355 [restartedMain] INFO  o.s.d.r.c.RepositoryConfigurationDelegate - Bootstrapping Spring Data JPA repositories in DEFAULT mode.
2023-05-11 07:14:40.586 [restartedMain] INFO  o.s.d.r.c.RepositoryConfigurationDelegate - Finished Spring Data repository scanning in 224 ms. Found 10 JPA repository interfaces.
2023-05-11 07:14:41.881 [restartedMain] INFO  o.s.b.w.e.tomcat.TomcatWebServer - Tomcat initialized with port(s): 8080 (http)
2023-05-11 07:14:41.901 [restartedMain] INFO  o.a.coyote.http11.Http11NioProtocol - Initializing ProtocolHandler ["http-nio-8080"]
2023-05-11 07:14:41.902 [restartedMain] INFO  o.a.catalina.core.StandardService - Starting service [Tomcat]
2023-05-11 07:14:41.903 [restartedMain] INFO  o.a.catalina.core.StandardEngine - Starting Servlet engine: [Apache Tomcat/9.0.58]
2023-05-11 07:14:42.017 [restartedMain] INFO  o.a.c.c.C.[Tomcat].[localhost].[/] - Initializing Spring embedded WebApplicationContext
2023-05-11 07:14:42.017 [restartedMain] INFO  o.s.b.w.s.c.ServletWebServerApplicationContext - Root WebApplicationContext: initialization completed in 3534 ms
2023-05-11 07:14:42.180 [restartedMain] WARN  o.s.b.a.o.j.JpaBaseConfiguration$JpaWebConfiguration - spring.jpa.open-in-view is enabled by default. Therefore, database queries may be performed during view rendering. Explicitly configure spring.jpa.open-in-view to disable this warning
2023-05-11 07:14:42.323 [restartedMain] INFO  com.zaxxer.hikari.HikariDataSource - HikariPool-1 - Starting...
2023-05-11 07:14:42.792 [restartedMain] INFO  com.zaxxer.hikari.HikariDataSource - HikariPool-1 - Start completed.
2023-05-11 07:14:42.916 [restartedMain] INFO  o.h.jpa.internal.util.LogHelper - HHH000204: Processing PersistenceUnitInfo [name: default]
2023-05-11 07:14:42.986 [restartedMain] INFO  org.hibernate.Version - HHH000412: Hibernate ORM core version 5.6.5.Final
2023-05-11 07:14:43.351 [restartedMain] INFO  o.h.annotations.common.Version - HCANN000001: Hibernate Commons Annotations {5.1.2.Final}
2023-05-11 07:14:43.486 [restartedMain] INFO  org.hibernate.dialect.Dialect - HHH000400: Using dialect: org.hibernate.dialect.MySQL8Dialect
2023-05-11 07:14:43.835 [restartedMain] WARN  org.hibernate.mapping.RootClass - HHH000038: Composite-id class does not override equals(): com.macmie.mfoodyex.Model.DetailProductOrderMfoodyId
2023-05-11 07:14:43.835 [restartedMain] WARN  org.hibernate.mapping.RootClass - HHH000039: Composite-id class does not override hashCode(): com.macmie.mfoodyex.Model.DetailProductOrderMfoodyId
2023-05-11 07:14:43.836 [restartedMain] WARN  org.hibernate.mapping.RootClass - HHH000038: Composite-id class does not override equals(): com.macmie.mfoodyex.Model.DetailProductCartMfoodyId
2023-05-11 07:14:43.836 [restartedMain] WARN  org.hibernate.mapping.RootClass - HHH000039: Composite-id class does not override hashCode(): com.macmie.mfoodyex.Model.DetailProductCartMfoodyId
2023-05-11 07:14:44.482 [restartedMain] INFO  o.h.e.t.j.p.i.JtaPlatformInitiator - HHH000490: Using JtaPlatform implementation: [org.hibernate.engine.transaction.jta.platform.internal.NoJtaPlatform]
2023-05-11 07:14:44.489 [restartedMain] INFO  o.s.o.j.LocalContainerEntityManagerFactoryBean - Initialized JPA EntityManagerFactory for persistence unit 'default'
2023-05-11 07:14:48.580 [restartedMain] INFO  o.s.s.web.DefaultSecurityFilterChain - Will not secure any request
2023-05-11 07:14:48.828 [restartedMain] INFO  o.s.b.d.a.OptionalLiveReloadServer - LiveReload server is running on port 35729
2023-05-11 07:14:49.102 [restartedMain] INFO  o.a.coyote.http11.Http11NioProtocol - Starting ProtocolHandler ["http-nio-8080"]
2023-05-11 07:14:49.126 [restartedMain] INFO  o.s.b.w.e.tomcat.TomcatWebServer - Tomcat started on port(s): 8080 (http) with context path ''
2023-05-11 07:14:50.347 [restartedMain] INFO  c.m.mfoodyex.MFoodyExApplication - Started MFoodyExApplication in 12.433 seconds (JVM running for 13.408)
2023-05-11 07:14:53.356 [http-nio-8080-exec-5] INFO  o.a.c.c.C.[Tomcat].[localhost].[/] - Initializing Spring DispatcherServlet 'dispatcherServlet'
2023-05-11 07:14:53.356 [http-nio-8080-exec-5] INFO  o.s.web.servlet.DispatcherServlet - Initializing Servlet 'dispatcherServlet'
2023-05-11 07:14:53.357 [http-nio-8080-exec-5] INFO  o.s.web.servlet.DispatcherServlet - Completed initialization in 1 ms
2023-05-11 07:14:53.376 [http-nio-8080-exec-5] INFO  c.m.m.J.JWTAuthenticationFilter - JWTAuthenticationFilter: Start
2023-05-11 07:14:53.394 [http-nio-8080-exec-5] INFO  c.m.m.J.JWTAuthenticationFilter - JWTAuthenticationFilter: End
2023-05-11 07:14:53.536 [http-nio-8080-exec-5] INFO  c.m.m.C.ApplicationMfoodyController - Login to ApplicationMfoody by robinsonhank@gmail.com
2023-05-11 07:14:53.671 [http-nio-8080-exec-5] INFO  c.m.m.S.I.UserMfoodyImplementService - Fetching UserMfoody with emailUserMfoody: robinsonhank@gmail.com
2023-05-11 07:14:54.177 [http-nio-8080-exec-5] INFO  c.m.m.S.I.UserMfoodyImplementService - Fetching UserMfoody with emailUserMfoody: robinsonhank@gmail.com
2023-05-11 07:14:54.313 [http-nio-8080-exec-5] INFO  c.m.mfoodyex.JWTHelper.JWTProvider - jsonObjectUserMfoody by jackSon: {"idUser":215231,"emailUser":"robinsonhank@gmail.com","passwordUser":"$2a$12$iXPkaN0Ey.LFhPLbDdg0Suo07MCyDk9F4AaBMCYsEYTUw6HDetQDm","nameUser":"Robinson Hank","phoneNumberUser":"89346783005","addressUser":"Texas, USA","roleUser":"ADMIN","listCreditCards":[{"idCard":430711,"nameUserCard":"Robinson Hank","numberCard":"6589652343548896","expirationCard":"01/01/23","securityCodeCard":"714"}],"listCarts":[{"idCart":350060,"quantityAllProductsInCart":1,"totalSalePriceCart":50.0,"totalFullPriceCart":50.0,"listDetailProductCarts":[{"idDetailProductCartMFoody":{"idCart":350060,"idProduct":530022},"quantityDetailProductCart":1,"salePriceDetailProductCart":50.0,"fullPriceDetailProductCart":50.0}]}],"listComments":[{"idComment":608751,"ratingComment":4,"contentComment":"The products is OKAY"}]}
2023-05-11 07:15:11.849 [Thread-4] INFO  o.s.o.j.LocalContainerEntityManagerFactoryBean - Closing JPA EntityManagerFactory for persistence unit 'default'
2023-05-11 07:15:11.859 [Thread-4] INFO  com.zaxxer.hikari.HikariDataSource - HikariPool-1 - Shutdown initiated...
2023-05-11 07:15:11.898 [Thread-4] INFO  com.zaxxer.hikari.HikariDataSource - HikariPool-1 - Shutdown completed.
2023-05-11 07:15:12.471 [restartedMain] INFO  c.m.mfoodyex.MFoodyExApplication - Starting MFoodyExApplication using Java 17 on Macs-MacBook-Air.local with PID 31207 (/Users/macmie/Desktop/WEB/INTELIIJI_VS2/target/classes started by macmie in /Users/macmie/Desktop/WEB/INTELIIJI_VS2)
2023-05-11 07:15:12.473 [restartedMain] INFO  c.m.mfoodyex.MFoodyExApplication - No active profile set, falling back to 1 default profile: "default"
2023-05-11 07:15:13.174 [restartedMain] INFO  o.s.d.r.c.RepositoryConfigurationDelegate - Bootstrapping Spring Data JPA repositories in DEFAULT mode.
2023-05-11 07:15:13.235 [restartedMain] INFO  o.s.d.r.c.RepositoryConfigurationDelegate - Finished Spring Data repository scanning in 59 ms. Found 10 JPA repository interfaces.
2023-05-11 07:15:13.680 [restartedMain] INFO  o.s.b.w.e.tomcat.TomcatWebServer - Tomcat initialized with port(s): 8080 (http)
2023-05-11 07:15:13.689 [restartedMain] INFO  o.a.coyote.http11.Http11NioProtocol - Initializing ProtocolHandler ["http-nio-8080"]
2023-05-11 07:15:13.690 [restartedMain] INFO  o.a.catalina.core.StandardService - Starting service [Tomcat]
2023-05-11 07:15:13.690 [restartedMain] INFO  o.a.catalina.core.StandardEngine - Starting Servlet engine: [Apache Tomcat/9.0.58]
2023-05-11 07:15:13.719 [restartedMain] INFO  o.a.c.c.C.[Tomcat].[localhost].[/] - Initializing Spring embedded WebApplicationContext
2023-05-11 07:15:13.720 [restartedMain] INFO  o.s.b.w.s.c.ServletWebServerApplicationContext - Root WebApplicationContext: initialization completed in 1231 ms
2023-05-11 07:15:13.824 [restartedMain] WARN  o.s.b.a.o.j.JpaBaseConfiguration$JpaWebConfiguration - spring.jpa.open-in-view is enabled by default. Therefore, database queries may be performed during view rendering. Explicitly configure spring.jpa.open-in-view to disable this warning
2023-05-11 07:15:13.860 [restartedMain] INFO  com.zaxxer.hikari.HikariDataSource - HikariPool-2 - Starting...
2023-05-11 07:15:14.001 [restartedMain] INFO  com.zaxxer.hikari.HikariDataSource - HikariPool-2 - Start completed.
2023-05-11 07:15:14.016 [restartedMain] INFO  o.h.jpa.internal.util.LogHelper - HHH000204: Processing PersistenceUnitInfo [name: default]
2023-05-11 07:15:14.025 [restartedMain] INFO  org.hibernate.dialect.Dialect - HHH000400: Using dialect: org.hibernate.dialect.MySQL8Dialect
2023-05-11 07:15:14.096 [restartedMain] WARN  org.hibernate.mapping.RootClass - HHH000038: Composite-id class does not override equals(): com.macmie.mfoodyex.Model.DetailProductOrderMfoodyId
2023-05-11 07:15:14.097 [restartedMain] WARN  org.hibernate.mapping.RootClass - HHH000039: Composite-id class does not override hashCode(): com.macmie.mfoodyex.Model.DetailProductOrderMfoodyId
2023-05-11 07:15:14.097 [restartedMain] WARN  org.hibernate.mapping.RootClass - HHH000038: Composite-id class does not override equals(): com.macmie.mfoodyex.Model.DetailProductCartMfoodyId
2023-05-11 07:15:14.097 [restartedMain] WARN  org.hibernate.mapping.RootClass - HHH000039: Composite-id class does not override hashCode(): com.macmie.mfoodyex.Model.DetailProductCartMfoodyId
2023-05-11 07:15:14.571 [restartedMain] INFO  o.h.e.t.j.p.i.JtaPlatformInitiator - HHH000490: Using JtaPlatform implementation: [org.hibernate.engine.transaction.jta.platform.internal.NoJtaPlatform]
2023-05-11 07:15:14.572 [restartedMain] INFO  o.s.o.j.LocalContainerEntityManagerFactoryBean - Initialized JPA EntityManagerFactory for persistence unit 'default'
2023-05-11 07:15:15.766 [restartedMain] WARN  o.s.b.w.s.c.AnnotationConfigServletWebServerApplicationContext - Exception encountered during context initialization - cancelling refresh attempt: org.springframework.beans.factory.UnsatisfiedDependencyException: Error creating bean with name 'documentationPluginsBootstrapper' defined in URL [jar:file:/Users/macmie/.m2/repository/io/springfox/springfox-spring-web/3.0.0/springfox-spring-web-3.0.0.jar!/springfox/documentation/spring/web/plugins/DocumentationPluginsBootstrapper.class]: Unsatisfied dependency expressed through constructor parameter 1; nested exception is org.springframework.beans.factory.UnsatisfiedDependencyException: Error creating bean with name 'webMvcRequestHandlerProvider' defined in URL [jar:file:/Users/macmie/.m2/repository/io/springfox/springfox-spring-webmvc/3.0.0/springfox-spring-webmvc-3.0.0.jar!/springfox/documentation/spring/web/plugins/WebMvcRequestHandlerProvider.class]: Unsatisfied dependency expressed through constructor parameter 2; nested exception is org.springframework.beans.factory.BeanCreationException: Error creating bean with name 'requestMappingHandlerMapping' defined in class path resource [org/springframework/boot/autoconfigure/web/servlet/WebMvcAutoConfiguration$EnableWebMvcConfiguration.class]: Invocation of init method failed; nested exception is java.lang.IllegalStateException: Ambiguous mapping. Cannot map 'subscriberController' method 
com.macmie.mfoodyex.Controller.SubscriberController#getAllSubscribers(Principal)
to {GET [/feedback/getAll]}: There is already 'feedbackMailController' bean method
com.macmie.mfoodyex.Controller.FeedbackMailController#getAllFeedbackMails(Principal) mapped.
2023-05-11 07:15:15.774 [restartedMain] INFO  o.s.o.j.LocalContainerEntityManagerFactoryBean - Closing JPA EntityManagerFactory for persistence unit 'default'
2023-05-11 07:15:15.776 [restartedMain] INFO  com.zaxxer.hikari.HikariDataSource - HikariPool-2 - Shutdown initiated...
2023-05-11 07:15:15.797 [restartedMain] INFO  com.zaxxer.hikari.HikariDataSource - HikariPool-2 - Shutdown completed.
2023-05-11 07:15:15.799 [restartedMain] INFO  o.a.catalina.core.StandardService - Stopping service [Tomcat]
2023-05-11 07:15:15.823 [restartedMain] INFO  o.s.b.a.l.ConditionEvaluationReportLoggingListener - 

Error starting ApplicationContext. To display the conditions report re-run your application with 'debug' enabled.
2023-05-11 07:15:15.839 [restartedMain] ERROR o.s.boot.SpringApplication - Application run failed
org.springframework.beans.factory.UnsatisfiedDependencyException: Error creating bean with name 'documentationPluginsBootstrapper' defined in URL [jar:file:/Users/macmie/.m2/repository/io/springfox/springfox-spring-web/3.0.0/springfox-spring-web-3.0.0.jar!/springfox/documentation/spring/web/plugins/DocumentationPluginsBootstrapper.class]: Unsatisfied dependency expressed through constructor parameter 1; nested exception is org.springframework.beans.factory.UnsatisfiedDependencyException: Error creating bean with name 'webMvcRequestHandlerProvider' defined in URL [jar:file:/Users/macmie/.m2/repository/io/springfox/springfox-spring-webmvc/3.0.0/springfox-spring-webmvc-3.0.0.jar!/springfox/documentation/spring/web/plugins/WebMvcRequestHandlerProvider.class]: Unsatisfied dependency expressed through constructor parameter 2; nested exception is org.springframework.beans.factory.BeanCreationException: Error creating bean with name 'requestMappingHandlerMapping' defined in class path resource [org/springframework/boot/autoconfigure/web/servlet/WebMvcAutoConfiguration$EnableWebMvcConfiguration.class]: Invocation of init method failed; nested exception is java.lang.IllegalStateException: Ambiguous mapping. Cannot map 'subscriberController' method 
com.macmie.mfoodyex.Controller.SubscriberController#getAllSubscribers(Principal)
to {GET [/feedback/getAll]}: There is already 'feedbackMailController' bean method
com.macmie.mfoodyex.Controller.FeedbackMailController#getAllFeedbackMails(Principal) mapped.
	at org.springframework.beans.factory.support.ConstructorResolver.createArgumentArray(ConstructorResolver.java:800)
	at org.springframework.beans.factory.support.ConstructorResolver.autowireConstructor(ConstructorResolver.java:229)
	at org.springframework.beans.factory.support.AbstractAutowireCapableBeanFactory.autowireConstructor(AbstractAutowireCapableBeanFactory.java:1372)
	at org.springframework.beans.factory.support.AbstractAutowireCapableBeanFactory.createBeanInstance(AbstractAutowireCapableBeanFactory.java:1222)
	at org.springframework.beans.factory.support.AbstractAutowireCapableBeanFactory.doCreateBean(AbstractAutowireCapableBeanFactory.java:582)
	at org.springframework.beans.factory.support.AbstractAutowireCapableBeanFactory.createBean(AbstractAutowireCapableBeanFactory.java:542)
	at org.springframework.beans.factory.support.AbstractBeanFactory.lambda$doGetBean$0(AbstractBeanFactory.java:335)
	at org.springframework.beans.factory.support.DefaultSingletonBeanRegistry.getSingleton(DefaultSingletonBeanRegistry.java:234)
	at org.springframework.beans.factory.support.AbstractBeanFactory.doGetBean(AbstractBeanFactory.java:333)
	at org.springframework.beans.factory.support.AbstractBeanFactory.getBean(AbstractBeanFactory.java:208)
	at org.springframework.beans.factory.support.DefaultListableBeanFactory.preInstantiateSingletons(DefaultListableBeanFactory.java:953)
	at org.springframework.context.support.AbstractApplicationContext.finishBeanFactoryInitialization(AbstractApplicationContext.java:918)
	at org.springframework.context.support.AbstractApplicationContext.refresh(AbstractApplicationContext.java:583)
	at org.springframework.boot.web.servlet.context.ServletWebServerApplicationContext.refresh(ServletWebServerApplicationContext.java:145)
	at org.springframework.boot.SpringApplication.refresh(SpringApplication.java:740)
	at org.springframework.boot.SpringApplication.refreshContext(SpringApplication.java:415)
	at org.springframework.boot.SpringApplication.run(SpringApplication.java:303)
	at org.springframework.boot.SpringApplication.run(SpringApplication.java:1312)
	at org.springframework.boot.SpringApplication.run(SpringApplication.java:1301)
	at com.macmie.mfoodyex.MFoodyExApplication.main(MFoodyExApplication.java:16)
	at java.base/jdk.internal.reflect.NativeMethodAccessorImpl.invoke0(Native Method)
	at java.base/jdk.internal.reflect.NativeMethodAccessorImpl.invoke(NativeMethodAccessorImpl.java:77)
	at java.base/jdk.internal.reflect.DelegatingMethodAccessorImpl.invoke(DelegatingMethodAccessorImpl.java:43)
	at java.base/java.lang.reflect.Method.invoke(Method.java:568)
	at org.springframework.boot.devtools.restart.RestartLauncher.run(RestartLauncher.java:49)
Caused by: org.springframework.beans.factory.UnsatisfiedDependencyException: Error creating bean with name 'webMvcRequestHandlerProvider' defined in URL [jar:file:/Users/macmie/.m2/repository/io/springfox/springfox-spring-webmvc/3.0.0/springfox-spring-webmvc-3.0.0.jar!/springfox/documentation/spring/web/plugins/WebMvcRequestHandlerProvider.class]: Unsatisfied dependency expressed through constructor parameter 2; nested exception is org.springframework.beans.factory.BeanCreationException: Error creating bean with name 'requestMappingHandlerMapping' defined in class path resource [org/springframework/boot/autoconfigure/web/servlet/WebMvcAutoConfiguration$EnableWebMvcConfiguration.class]: Invocation of init method failed; nested exception is java.lang.IllegalStateException: Ambiguous mapping. Cannot map 'subscriberController' method 
com.macmie.mfoodyex.Controller.SubscriberController#getAllSubscribers(Principal)
to {GET [/feedback/getAll]}: There is already 'feedbackMailController' bean method
com.macmie.mfoodyex.Controller.FeedbackMailController#getAllFeedbackMails(Principal) mapped.
	at org.springframework.beans.factory.support.ConstructorResolver.createArgumentArray(ConstructorResolver.java:800)
	at org.springframework.beans.factory.support.ConstructorResolver.autowireConstructor(ConstructorResolver.java:229)
	at org.springframework.beans.factory.support.AbstractAutowireCapableBeanFactory.autowireConstructor(AbstractAutowireCapableBeanFactory.java:1372)
	at org.springframework.beans.factory.support.AbstractAutowireCapableBeanFactory.createBeanInstance(AbstractAutowireCapableBeanFactory.java:1222)
	at org.springframework.beans.factory.support.AbstractAutowireCapableBeanFactory.doCreateBean(AbstractAutowireCapableBeanFactory.java:582)
	at org.springframework.beans.factory.support.AbstractAutowireCapableBeanFactory.createBean(AbstractAutowireCapableBeanFactory.java:542)
	at org.springframework.beans.factory.support.AbstractBeanFactory.lambda$doGetBean$0(AbstractBeanFactory.java:335)
	at org.springframework.beans.factory.support.DefaultSingletonBeanRegistry.getSingleton(DefaultSingletonBeanRegistry.java:234)
	at org.springframework.beans.factory.support.AbstractBeanFactory.doGetBean(AbstractBeanFactory.java:333)
	at org.springframework.beans.factory.support.AbstractBeanFactory.getBean(AbstractBeanFactory.java:208)
	at org.springframework.beans.factory.config.DependencyDescriptor.resolveCandidate(DependencyDescriptor.java:276)
	at org.springframework.beans.factory.support.DefaultListableBeanFactory.addCandidateEntry(DefaultListableBeanFactory.java:1607)
	at org.springframework.beans.factory.support.DefaultListableBeanFactory.findAutowireCandidates(DefaultListableBeanFactory.java:1571)
	at org.springframework.beans.factory.support.DefaultListableBeanFactory.resolveMultipleBeans(DefaultListableBeanFactory.java:1460)
	at org.springframework.beans.factory.support.DefaultListableBeanFactory.doResolveDependency(DefaultListableBeanFactory.java:1347)
	at org.springframework.beans.factory.support.DefaultListableBeanFactory.resolveDependency(DefaultListableBeanFactory.java:1309)
	at org.springframework.beans.factory.support.ConstructorResolver.resolveAutowiredArgument(ConstructorResolver.java:887)
	at org.springframework.beans.factory.support.ConstructorResolver.createArgumentArray(ConstructorResolver.java:791)
	... 24 common frames omitted
Caused by: org.springframework.beans.factory.BeanCreationException: Error creating bean with name 'requestMappingHandlerMapping' defined in class path resource [org/springframework/boot/autoconfigure/web/servlet/WebMvcAutoConfiguration$EnableWebMvcConfiguration.class]: Invocation of init method failed; nested exception is java.lang.IllegalStateException: Ambiguous mapping. Cannot map 'subscriberController' method 
com.macmie.mfoodyex.Controller.SubscriberController#getAllSubscribers(Principal)
to {GET [/feedback/getAll]}: There is already 'feedbackMailController' bean method
com.macmie.mfoodyex.Controller.FeedbackMailController#getAllFeedbackMails(Principal) mapped.
	at org.springframework.beans.factory.support.AbstractAutowireCapableBeanFactory.initializeBean(AbstractAutowireCapableBeanFactory.java:1804)
	at org.springframework.beans.factory.support.AbstractAutowireCapableBeanFactory.doCreateBean(AbstractAutowireCapableBeanFactory.java:620)
	at org.springframework.beans.factory.support.AbstractAutowireCapableBeanFactory.createBean(AbstractAutowireCapableBeanFactory.java:542)
	at org.springframework.beans.factory.support.AbstractBeanFactory.lambda$doGetBean$0(AbstractBeanFactory.java:335)
	at org.springframework.beans.factory.support.DefaultSingletonBeanRegistry.getSingleton(DefaultSingletonBeanRegistry.java:234)
	at org.springframework.beans.factory.support.AbstractBeanFactory.doGetBean(AbstractBeanFactory.java:333)
	at org.springframework.beans.factory.support.AbstractBeanFactory.getBean(AbstractBeanFactory.java:208)
	at org.springframework.beans.factory.config.DependencyDescriptor.resolveCandidate(DependencyDescriptor.java:276)
	at org.springframework.beans.factory.support.DefaultListableBeanFactory.addCandidateEntry(DefaultListableBeanFactory.java:1607)
	at org.springframework.beans.factory.support.DefaultListableBeanFactory.findAutowireCandidates(DefaultListableBeanFactory.java:1571)
	at org.springframework.beans.factory.support.DefaultListableBeanFactory.resolveMultipleBeans(DefaultListableBeanFactory.java:1460)
	at org.springframework.beans.factory.support.DefaultListableBeanFactory.doResolveDependency(DefaultListableBeanFactory.java:1347)
	at org.springframework.beans.factory.support.DefaultListableBeanFactory.resolveDependency(DefaultListableBeanFactory.java:1309)
	at org.springframework.beans.factory.support.ConstructorResolver.resolveAutowiredArgument(ConstructorResolver.java:887)
	at org.springframework.beans.factory.support.ConstructorResolver.createArgumentArray(ConstructorResolver.java:791)
	... 41 common frames omitted
Caused by: java.lang.IllegalStateException: Ambiguous mapping. Cannot map 'subscriberController' method 
com.macmie.mfoodyex.Controller.SubscriberController#getAllSubscribers(Principal)
to {GET [/feedback/getAll]}: There is already 'feedbackMailController' bean method
com.macmie.mfoodyex.Controller.FeedbackMailController#getAllFeedbackMails(Principal) mapped.
	at org.springframework.web.servlet.handler.AbstractHandlerMethodMapping$MappingRegistry.validateMethodMapping(AbstractHandlerMethodMapping.java:669)
	at org.springframework.web.servlet.handler.AbstractHandlerMethodMapping$MappingRegistry.register(AbstractHandlerMethodMapping.java:635)
	at org.springframework.web.servlet.handler.AbstractHandlerMethodMapping.registerHandlerMethod(AbstractHandlerMethodMapping.java:332)
	at org.springframework.web.servlet.mvc.method.annotation.RequestMappingHandlerMapping.registerHandlerMethod(RequestMappingHandlerMapping.java:420)
	at org.springframework.web.servlet.mvc.method.annotation.RequestMappingHandlerMapping.registerHandlerMethod(RequestMappingHandlerMapping.java:76)
	at org.springframework.web.servlet.handler.AbstractHandlerMethodMapping.lambda$detectHandlerMethods$2(AbstractHandlerMethodMapping.java:299)
	at java.base/java.util.LinkedHashMap.forEach(LinkedHashMap.java:721)
	at org.springframework.web.servlet.handler.AbstractHandlerMethodMapping.detectHandlerMethods(AbstractHandlerMethodMapping.java:297)
	at org.springframework.web.servlet.handler.AbstractHandlerMethodMapping.processCandidateBean(AbstractHandlerMethodMapping.java:266)
	at org.springframework.web.servlet.handler.AbstractHandlerMethodMapping.initHandlerMethods(AbstractHandlerMethodMapping.java:225)
	at org.springframework.web.servlet.handler.AbstractHandlerMethodMapping.afterPropertiesSet(AbstractHandlerMethodMapping.java:213)
	at org.springframework.web.servlet.mvc.method.annotation.RequestMappingHandlerMapping.afterPropertiesSet(RequestMappingHandlerMapping.java:205)
	at org.springframework.beans.factory.support.AbstractAutowireCapableBeanFactory.invokeInitMethods(AbstractAutowireCapableBeanFactory.java:1863)
	at org.springframework.beans.factory.support.AbstractAutowireCapableBeanFactory.initializeBean(AbstractAutowireCapableBeanFactory.java:1800)
	... 55 common frames omitted
2023-05-11 07:15:51.842 [restartedMain] INFO  c.m.mfoodyex.MFoodyExApplication - Starting MFoodyExApplication using Java 17 on Macs-MacBook-Air.local with PID 31207 (/Users/macmie/Desktop/WEB/INTELIIJI_VS2/target/classes started by macmie in /Users/macmie/Desktop/WEB/INTELIIJI_VS2)
2023-05-11 07:15:51.843 [restartedMain] INFO  c.m.mfoodyex.MFoodyExApplication - No active profile set, falling back to 1 default profile: "default"
2023-05-11 07:15:52.296 [restartedMain] INFO  o.s.d.r.c.RepositoryConfigurationDelegate - Bootstrapping Spring Data JPA repositories in DEFAULT mode.
2023-05-11 07:15:52.337 [restartedMain] INFO  o.s.d.r.c.RepositoryConfigurationDelegate - Finished Spring Data repository scanning in 40 ms. Found 10 JPA repository interfaces.
2023-05-11 07:15:52.535 [restartedMain] INFO  o.s.b.w.e.tomcat.TomcatWebServer - Tomcat initialized with port(s): 8080 (http)
2023-05-11 07:15:52.536 [restartedMain] INFO  o.a.coyote.http11.Http11NioProtocol - Initializing ProtocolHandler ["http-nio-8080"]
2023-05-11 07:15:52.537 [restartedMain] INFO  o.a.catalina.core.StandardService - Starting service [Tomcat]
2023-05-11 07:15:52.537 [restartedMain] INFO  o.a.catalina.core.StandardEngine - Starting Servlet engine: [Apache Tomcat/9.0.58]
2023-05-11 07:15:52.557 [restartedMain] INFO  o.a.c.c.C.[Tomcat-1].[localhost].[/] - Initializing Spring embedded WebApplicationContext
2023-05-11 07:15:52.557 [restartedMain] INFO  o.s.b.w.s.c.ServletWebServerApplicationContext - Root WebApplicationContext: initialization completed in 696 ms
2023-05-11 07:15:52.597 [restartedMain] WARN  o.s.b.a.o.j.JpaBaseConfiguration$JpaWebConfiguration - spring.jpa.open-in-view is enabled by default. Therefore, database queries may be performed during view rendering. Explicitly configure spring.jpa.open-in-view to disable this warning
2023-05-11 07:15:52.625 [restartedMain] INFO  com.zaxxer.hikari.HikariDataSource - HikariPool-3 - Starting...
2023-05-11 07:15:52.711 [restartedMain] INFO  com.zaxxer.hikari.HikariDataSource - HikariPool-3 - Start completed.
2023-05-11 07:15:52.718 [restartedMain] INFO  o.h.jpa.internal.util.LogHelper - HHH000204: Processing PersistenceUnitInfo [name: default]
2023-05-11 07:15:52.724 [restartedMain] INFO  org.hibernate.dialect.Dialect - HHH000400: Using dialect: org.hibernate.dialect.MySQL8Dialect
2023-05-11 07:15:52.801 [restartedMain] WARN  org.hibernate.mapping.RootClass - HHH000038: Composite-id class does not override equals(): com.macmie.mfoodyex.Model.DetailProductOrderMfoodyId
2023-05-11 07:15:52.801 [restartedMain] WARN  org.hibernate.mapping.RootClass - HHH000039: Composite-id class does not override hashCode(): com.macmie.mfoodyex.Model.DetailProductOrderMfoodyId
2023-05-11 07:15:52.802 [restartedMain] WARN  org.hibernate.mapping.RootClass - HHH000038: Composite-id class does not override equals(): com.macmie.mfoodyex.Model.DetailProductCartMfoodyId
2023-05-11 07:15:52.802 [restartedMain] WARN  org.hibernate.mapping.RootClass - HHH000039: Composite-id class does not override hashCode(): com.macmie.mfoodyex.Model.DetailProductCartMfoodyId
2023-05-11 07:15:53.143 [restartedMain] INFO  o.h.e.t.j.p.i.JtaPlatformInitiator - HHH000490: Using JtaPlatform implementation: [org.hibernate.engine.transaction.jta.platform.internal.NoJtaPlatform]
2023-05-11 07:15:53.144 [restartedMain] INFO  o.s.o.j.LocalContainerEntityManagerFactoryBean - Initialized JPA EntityManagerFactory for persistence unit 'default'
2023-05-11 07:15:54.661 [restartedMain] INFO  o.s.s.web.DefaultSecurityFilterChain - Will not secure any request
2023-05-11 07:15:54.720 [restartedMain] INFO  o.s.b.d.a.OptionalLiveReloadServer - LiveReload server is running on port 35729
2023-05-11 07:15:54.827 [restartedMain] INFO  o.a.coyote.http11.Http11NioProtocol - Starting ProtocolHandler ["http-nio-8080"]
2023-05-11 07:15:54.829 [restartedMain] INFO  o.s.b.w.e.tomcat.TomcatWebServer - Tomcat started on port(s): 8080 (http) with context path ''
2023-05-11 07:15:55.546 [restartedMain] INFO  c.m.mfoodyex.MFoodyExApplication - Started MFoodyExApplication in 3.82 seconds (JVM running for 78.609)
2023-05-11 07:15:55.559 [restartedMain] INFO  o.s.b.d.a.ConditionEvaluationDeltaLoggingListener - Condition evaluation unchanged
2023-05-11 07:16:31.029 [restartedMain] INFO  c.m.mfoodyex.MFoodyExApplication - Starting MFoodyExApplication using Java 17 on Macs-MacBook-Air.local with PID 32236 (/Users/macmie/Desktop/WEB/INTELIIJI_VS2/target/classes started by macmie in /Users/macmie/Desktop/WEB/INTELIIJI_VS2)
2023-05-11 07:16:31.031 [restartedMain] INFO  c.m.mfoodyex.MFoodyExApplication - No active profile set, falling back to 1 default profile: "default"
2023-05-11 07:16:31.130 [restartedMain] INFO  o.s.b.d.e.DevToolsPropertyDefaultsPostProcessor - Devtools property defaults active! Set 'spring.devtools.add-properties' to 'false' to disable
2023-05-11 07:16:31.130 [restartedMain] INFO  o.s.b.d.e.DevToolsPropertyDefaultsPostProcessor - For additional web related logging consider setting the 'logging.level.web' property to 'DEBUG'
2023-05-11 07:16:32.993 [restartedMain] INFO  o.s.d.r.c.RepositoryConfigurationDelegate - Bootstrapping Spring Data JPA repositories in DEFAULT mode.
2023-05-11 07:16:33.213 [restartedMain] INFO  o.s.d.r.c.RepositoryConfigurationDelegate - Finished Spring Data repository scanning in 212 ms. Found 10 JPA repository interfaces.
2023-05-11 07:16:34.656 [restartedMain] INFO  o.s.b.w.e.tomcat.TomcatWebServer - Tomcat initialized with port(s): 8080 (http)
2023-05-11 07:16:34.674 [restartedMain] INFO  o.a.coyote.http11.Http11NioProtocol - Initializing ProtocolHandler ["http-nio-8080"]
2023-05-11 07:16:34.675 [restartedMain] INFO  o.a.catalina.core.StandardService - Starting service [Tomcat]
2023-05-11 07:16:34.675 [restartedMain] INFO  o.a.catalina.core.StandardEngine - Starting Servlet engine: [Apache Tomcat/9.0.58]
2023-05-11 07:16:34.808 [restartedMain] INFO  o.a.c.c.C.[Tomcat].[localhost].[/] - Initializing Spring embedded WebApplicationContext
2023-05-11 07:16:34.808 [restartedMain] INFO  o.s.b.w.s.c.ServletWebServerApplicationContext - Root WebApplicationContext: initialization completed in 3678 ms
2023-05-11 07:16:34.963 [restartedMain] WARN  o.s.b.a.o.j.JpaBaseConfiguration$JpaWebConfiguration - spring.jpa.open-in-view is enabled by default. Therefore, database queries may be performed during view rendering. Explicitly configure spring.jpa.open-in-view to disable this warning
2023-05-11 07:16:35.146 [restartedMain] INFO  com.zaxxer.hikari.HikariDataSource - HikariPool-1 - Starting...
2023-05-11 07:16:35.799 [restartedMain] INFO  com.zaxxer.hikari.HikariDataSource - HikariPool-1 - Start completed.
2023-05-11 07:16:35.914 [restartedMain] INFO  o.h.jpa.internal.util.LogHelper - HHH000204: Processing PersistenceUnitInfo [name: default]
2023-05-11 07:16:35.962 [restartedMain] INFO  org.hibernate.Version - HHH000412: Hibernate ORM core version 5.6.5.Final
2023-05-11 07:16:36.125 [restartedMain] INFO  o.h.annotations.common.Version - HCANN000001: Hibernate Commons Annotations {5.1.2.Final}
2023-05-11 07:16:36.294 [restartedMain] INFO  org.hibernate.dialect.Dialect - HHH000400: Using dialect: org.hibernate.dialect.MySQL8Dialect
2023-05-11 07:16:36.996 [restartedMain] WARN  org.hibernate.mapping.RootClass - HHH000038: Composite-id class does not override equals(): com.macmie.mfoodyex.Model.DetailProductOrderMfoodyId
2023-05-11 07:16:36.997 [restartedMain] WARN  org.hibernate.mapping.RootClass - HHH000039: Composite-id class does not override hashCode(): com.macmie.mfoodyex.Model.DetailProductOrderMfoodyId
2023-05-11 07:16:36.999 [restartedMain] WARN  org.hibernate.mapping.RootClass - HHH000038: Composite-id class does not override equals(): com.macmie.mfoodyex.Model.DetailProductCartMfoodyId
2023-05-11 07:16:37.000 [restartedMain] WARN  org.hibernate.mapping.RootClass - HHH000039: Composite-id class does not override hashCode(): com.macmie.mfoodyex.Model.DetailProductCartMfoodyId
2023-05-11 07:16:37.632 [restartedMain] INFO  o.h.e.t.j.p.i.JtaPlatformInitiator - HHH000490: Using JtaPlatform implementation: [org.hibernate.engine.transaction.jta.platform.internal.NoJtaPlatform]
2023-05-11 07:16:37.640 [restartedMain] INFO  o.s.o.j.LocalContainerEntityManagerFactoryBean - Initialized JPA EntityManagerFactory for persistence unit 'default'
2023-05-11 07:16:41.019 [restartedMain] INFO  o.s.s.web.DefaultSecurityFilterChain - Will not secure any request
2023-05-11 07:16:41.243 [restartedMain] WARN  o.s.b.d.a.OptionalLiveReloadServer - Unable to start LiveReload server
2023-05-11 07:16:41.515 [restartedMain] INFO  o.a.coyote.http11.Http11NioProtocol - Starting ProtocolHandler ["http-nio-8080"]
2023-05-11 07:16:41.521 [restartedMain] WARN  o.s.b.w.s.c.AnnotationConfigServletWebServerApplicationContext - Exception encountered during context initialization - cancelling refresh attempt: org.springframework.context.ApplicationContextException: Failed to start bean 'webServerStartStop'; nested exception is org.springframework.boot.web.server.PortInUseException: Port 8080 is already in use
2023-05-11 07:16:41.537 [restartedMain] INFO  o.s.o.j.LocalContainerEntityManagerFactoryBean - Closing JPA EntityManagerFactory for persistence unit 'default'
2023-05-11 07:16:41.549 [restartedMain] INFO  com.zaxxer.hikari.HikariDataSource - HikariPool-1 - Shutdown initiated...
2023-05-11 07:16:41.593 [restartedMain] INFO  com.zaxxer.hikari.HikariDataSource - HikariPool-1 - Shutdown completed.
2023-05-11 07:16:41.601 [restartedMain] INFO  o.a.coyote.http11.Http11NioProtocol - Pausing ProtocolHandler ["http-nio-8080"]
2023-05-11 07:16:41.601 [restartedMain] INFO  o.a.catalina.core.StandardService - Stopping service [Tomcat]
2023-05-11 07:16:41.611 [restartedMain] INFO  o.a.coyote.http11.Http11NioProtocol - Stopping ProtocolHandler ["http-nio-8080"]
2023-05-11 07:16:41.612 [restartedMain] INFO  o.a.coyote.http11.Http11NioProtocol - Destroying ProtocolHandler ["http-nio-8080"]
2023-05-11 07:16:41.623 [restartedMain] INFO  o.s.b.a.l.ConditionEvaluationReportLoggingListener - 

Error starting ApplicationContext. To display the conditions report re-run your application with 'debug' enabled.
2023-05-11 07:16:41.641 [restartedMain] ERROR o.s.b.d.LoggingFailureAnalysisReporter - 

***************************
APPLICATION FAILED TO START
***************************

Description:

Web server failed to start. Port 8080 was already in use.

Action:

Identify and stop the process that's listening on port 8080 or configure this application to listen on another port.

2023-05-11 07:19:06.799 [Thread-7] INFO  o.s.o.j.LocalContainerEntityManagerFactoryBean - Closing JPA EntityManagerFactory for persistence unit 'default'
2023-05-11 07:19:06.810 [Thread-7] INFO  com.zaxxer.hikari.HikariDataSource - HikariPool-3 - Shutdown initiated...
2023-05-11 07:19:06.873 [Thread-7] INFO  com.zaxxer.hikari.HikariDataSource - HikariPool-3 - Shutdown completed.
2023-05-11 07:19:07.439 [restartedMain] INFO  c.m.mfoodyex.MFoodyExApplication - Starting MFoodyExApplication using Java 17 on Macs-MacBook-Air.local with PID 31207 (/Users/macmie/Desktop/WEB/INTELIIJI_VS2/target/classes started by macmie in /Users/macmie/Desktop/WEB/INTELIIJI_VS2)
2023-05-11 07:19:07.442 [restartedMain] INFO  c.m.mfoodyex.MFoodyExApplication - No active profile set, falling back to 1 default profile: "default"
2023-05-11 07:19:07.925 [restartedMain] INFO  o.s.d.r.c.RepositoryConfigurationDelegate - Bootstrapping Spring Data JPA repositories in DEFAULT mode.
2023-05-11 07:19:07.968 [restartedMain] INFO  o.s.d.r.c.RepositoryConfigurationDelegate - Finished Spring Data repository scanning in 42 ms. Found 10 JPA repository interfaces.
2023-05-11 07:19:08.197 [restartedMain] INFO  o.s.b.w.e.tomcat.TomcatWebServer - Tomcat initialized with port(s): 8080 (http)
2023-05-11 07:19:08.201 [restartedMain] INFO  o.a.coyote.http11.Http11NioProtocol - Initializing ProtocolHandler ["http-nio-8080"]
2023-05-11 07:19:08.201 [restartedMain] INFO  o.a.catalina.core.StandardService - Starting service [Tomcat]
2023-05-11 07:19:08.201 [restartedMain] INFO  o.a.catalina.core.StandardEngine - Starting Servlet engine: [Apache Tomcat/9.0.58]
2023-05-11 07:19:08.223 [restartedMain] INFO  o.a.c.c.C.[Tomcat-1].[localhost].[/] - Initializing Spring embedded WebApplicationContext
2023-05-11 07:19:08.223 [restartedMain] INFO  o.s.b.w.s.c.ServletWebServerApplicationContext - Root WebApplicationContext: initialization completed in 766 ms
2023-05-11 07:19:08.278 [restartedMain] WARN  o.s.b.a.o.j.JpaBaseConfiguration$JpaWebConfiguration - spring.jpa.open-in-view is enabled by default. Therefore, database queries may be performed during view rendering. Explicitly configure spring.jpa.open-in-view to disable this warning
2023-05-11 07:19:08.310 [restartedMain] INFO  com.zaxxer.hikari.HikariDataSource - HikariPool-4 - Starting...
2023-05-11 07:19:08.421 [restartedMain] INFO  com.zaxxer.hikari.HikariDataSource - HikariPool-4 - Start completed.
2023-05-11 07:19:08.431 [restartedMain] INFO  o.h.jpa.internal.util.LogHelper - HHH000204: Processing PersistenceUnitInfo [name: default]
2023-05-11 07:19:08.438 [restartedMain] INFO  org.hibernate.dialect.Dialect - HHH000400: Using dialect: org.hibernate.dialect.MySQL8Dialect
2023-05-11 07:19:08.484 [restartedMain] WARN  org.hibernate.mapping.RootClass - HHH000038: Composite-id class does not override equals(): com.macmie.mfoodyex.Model.DetailProductOrderMfoodyId
2023-05-11 07:19:08.484 [restartedMain] WARN  org.hibernate.mapping.RootClass - HHH000039: Composite-id class does not override hashCode(): com.macmie.mfoodyex.Model.DetailProductOrderMfoodyId
2023-05-11 07:19:08.484 [restartedMain] WARN  org.hibernate.mapping.RootClass - HHH000038: Composite-id class does not override equals(): com.macmie.mfoodyex.Model.DetailProductCartMfoodyId
2023-05-11 07:19:08.484 [restartedMain] WARN  org.hibernate.mapping.RootClass - HHH000039: Composite-id class does not override hashCode(): com.macmie.mfoodyex.Model.DetailProductCartMfoodyId
2023-05-11 07:19:08.774 [restartedMain] INFO  o.h.e.t.j.p.i.JtaPlatformInitiator - HHH000490: Using JtaPlatform implementation: [org.hibernate.engine.transaction.jta.platform.internal.NoJtaPlatform]
2023-05-11 07:19:08.775 [restartedMain] INFO  o.s.o.j.LocalContainerEntityManagerFactoryBean - Initialized JPA EntityManagerFactory for persistence unit 'default'
2023-05-11 07:19:09.925 [restartedMain] INFO  o.s.s.web.DefaultSecurityFilterChain - Will not secure any request
2023-05-11 07:19:09.984 [restartedMain] INFO  o.s.b.d.a.OptionalLiveReloadServer - LiveReload server is running on port 35729
2023-05-11 07:19:10.063 [restartedMain] INFO  o.a.coyote.http11.Http11NioProtocol - Starting ProtocolHandler ["http-nio-8080"]
2023-05-11 07:19:10.071 [restartedMain] INFO  o.s.b.w.e.tomcat.TomcatWebServer - Tomcat started on port(s): 8080 (http) with context path ''
2023-05-11 07:19:10.719 [restartedMain] INFO  c.m.mfoodyex.MFoodyExApplication - Started MFoodyExApplication in 3.568 seconds (JVM running for 273.787)
2023-05-11 07:19:10.727 [restartedMain] INFO  o.s.b.d.a.ConditionEvaluationDeltaLoggingListener - Condition evaluation unchanged
2023-05-11 07:20:39.680 [Thread-14] INFO  o.s.o.j.LocalContainerEntityManagerFactoryBean - Closing JPA EntityManagerFactory for persistence unit 'default'
2023-05-11 07:20:39.683 [Thread-14] INFO  com.zaxxer.hikari.HikariDataSource - HikariPool-4 - Shutdown initiated...
2023-05-11 07:20:39.744 [Thread-14] INFO  com.zaxxer.hikari.HikariDataSource - HikariPool-4 - Shutdown completed.
2023-05-11 07:20:40.103 [restartedMain] INFO  c.m.mfoodyex.MFoodyExApplication - Starting MFoodyExApplication using Java 17 on Macs-MacBook-Air.local with PID 31207 (/Users/macmie/Desktop/WEB/INTELIIJI_VS2/target/classes started by macmie in /Users/macmie/Desktop/WEB/INTELIIJI_VS2)
2023-05-11 07:20:40.104 [restartedMain] INFO  c.m.mfoodyex.MFoodyExApplication - No active profile set, falling back to 1 default profile: "default"
2023-05-11 07:20:40.546 [restartedMain] INFO  o.s.d.r.c.RepositoryConfigurationDelegate - Bootstrapping Spring Data JPA repositories in DEFAULT mode.
2023-05-11 07:20:40.592 [restartedMain] INFO  o.s.d.r.c.RepositoryConfigurationDelegate - Finished Spring Data repository scanning in 45 ms. Found 10 JPA repository interfaces.
2023-05-11 07:20:40.781 [restartedMain] INFO  o.s.b.w.e.tomcat.TomcatWebServer - Tomcat initialized with port(s): 8080 (http)
2023-05-11 07:20:40.784 [restartedMain] INFO  o.a.coyote.http11.Http11NioProtocol - Initializing ProtocolHandler ["http-nio-8080"]
2023-05-11 07:20:40.785 [restartedMain] INFO  o.a.catalina.core.StandardService - Starting service [Tomcat]
2023-05-11 07:20:40.785 [restartedMain] INFO  o.a.catalina.core.StandardEngine - Starting Servlet engine: [Apache Tomcat/9.0.58]
2023-05-11 07:20:40.803 [restartedMain] INFO  o.a.c.c.C.[Tomcat-1].[localhost].[/] - Initializing Spring embedded WebApplicationContext
2023-05-11 07:20:40.803 [restartedMain] INFO  o.s.b.w.s.c.ServletWebServerApplicationContext - Root WebApplicationContext: initialization completed in 686 ms
2023-05-11 07:20:40.867 [restartedMain] WARN  o.s.b.a.o.j.JpaBaseConfiguration$JpaWebConfiguration - spring.jpa.open-in-view is enabled by default. Therefore, database queries may be performed during view rendering. Explicitly configure spring.jpa.open-in-view to disable this warning
2023-05-11 07:20:40.890 [restartedMain] INFO  com.zaxxer.hikari.HikariDataSource - HikariPool-5 - Starting...
2023-05-11 07:20:41.011 [restartedMain] INFO  com.zaxxer.hikari.HikariDataSource - HikariPool-5 - Start completed.
2023-05-11 07:20:41.020 [restartedMain] INFO  o.h.jpa.internal.util.LogHelper - HHH000204: Processing PersistenceUnitInfo [name: default]
2023-05-11 07:20:41.027 [restartedMain] INFO  org.hibernate.dialect.Dialect - HHH000400: Using dialect: org.hibernate.dialect.MySQL8Dialect
2023-05-11 07:20:41.152 [restartedMain] WARN  org.hibernate.mapping.RootClass - HHH000038: Composite-id class does not override equals(): com.macmie.mfoodyex.Model.DetailProductOrderMfoodyId
2023-05-11 07:20:41.152 [restartedMain] WARN  org.hibernate.mapping.RootClass - HHH000039: Composite-id class does not override hashCode(): com.macmie.mfoodyex.Model.DetailProductOrderMfoodyId
2023-05-11 07:20:41.152 [restartedMain] WARN  org.hibernate.mapping.RootClass - HHH000038: Composite-id class does not override equals(): com.macmie.mfoodyex.Model.DetailProductCartMfoodyId
2023-05-11 07:20:41.152 [restartedMain] WARN  org.hibernate.mapping.RootClass - HHH000039: Composite-id class does not override hashCode(): com.macmie.mfoodyex.Model.DetailProductCartMfoodyId
2023-05-11 07:20:41.437 [restartedMain] INFO  o.h.e.t.j.p.i.JtaPlatformInitiator - HHH000490: Using JtaPlatform implementation: [org.hibernate.engine.transaction.jta.platform.internal.NoJtaPlatform]
2023-05-11 07:20:41.438 [restartedMain] INFO  o.s.o.j.LocalContainerEntityManagerFactoryBean - Initialized JPA EntityManagerFactory for persistence unit 'default'
2023-05-11 07:20:42.237 [restartedMain] INFO  o.s.s.web.DefaultSecurityFilterChain - Will not secure any request
2023-05-11 07:20:42.282 [restartedMain] INFO  o.s.b.d.a.OptionalLiveReloadServer - LiveReload server is running on port 35729
2023-05-11 07:20:42.377 [restartedMain] INFO  o.a.coyote.http11.Http11NioProtocol - Starting ProtocolHandler ["http-nio-8080"]
2023-05-11 07:20:42.380 [restartedMain] INFO  o.s.b.w.e.tomcat.TomcatWebServer - Tomcat started on port(s): 8080 (http) with context path ''
2023-05-11 07:20:42.731 [restartedMain] INFO  c.m.mfoodyex.MFoodyExApplication - Started MFoodyExApplication in 2.78 seconds (JVM running for 365.8)
2023-05-11 07:20:42.737 [restartedMain] INFO  o.s.b.d.a.ConditionEvaluationDeltaLoggingListener - Condition evaluation unchanged
2023-05-11 07:20:59.004 [Thread-18] INFO  o.s.o.j.LocalContainerEntityManagerFactoryBean - Closing JPA EntityManagerFactory for persistence unit 'default'
2023-05-11 07:20:59.021 [Thread-18] INFO  com.zaxxer.hikari.HikariDataSource - HikariPool-5 - Shutdown initiated...
2023-05-11 07:20:59.064 [Thread-18] INFO  com.zaxxer.hikari.HikariDataSource - HikariPool-5 - Shutdown completed.
2023-05-11 07:20:59.506 [restartedMain] INFO  c.m.mfoodyex.MFoodyExApplication - Starting MFoodyExApplication using Java 17 on Macs-MacBook-Air.local with PID 31207 (/Users/macmie/Desktop/WEB/INTELIIJI_VS2/target/classes started by macmie in /Users/macmie/Desktop/WEB/INTELIIJI_VS2)
2023-05-11 07:20:59.508 [restartedMain] INFO  c.m.mfoodyex.MFoodyExApplication - No active profile set, falling back to 1 default profile: "default"
2023-05-11 07:21:00.066 [restartedMain] INFO  o.s.d.r.c.RepositoryConfigurationDelegate - Bootstrapping Spring Data JPA repositories in DEFAULT mode.
2023-05-11 07:21:00.115 [restartedMain] INFO  o.s.d.r.c.RepositoryConfigurationDelegate - Finished Spring Data repository scanning in 48 ms. Found 10 JPA repository interfaces.
2023-05-11 07:21:00.474 [restartedMain] INFO  o.s.b.w.e.tomcat.TomcatWebServer - Tomcat initialized with port(s): 8080 (http)
2023-05-11 07:21:00.481 [restartedMain] INFO  o.a.coyote.http11.Http11NioProtocol - Initializing ProtocolHandler ["http-nio-8080"]
2023-05-11 07:21:00.482 [restartedMain] INFO  o.a.catalina.core.StandardService - Starting service [Tomcat]
2023-05-11 07:21:00.482 [restartedMain] INFO  o.a.catalina.core.StandardEngine - Starting Servlet engine: [Apache Tomcat/9.0.58]
2023-05-11 07:21:00.503 [restartedMain] INFO  o.a.c.c.C.[Tomcat-1].[localhost].[/] - Initializing Spring embedded WebApplicationContext
2023-05-11 07:21:00.503 [restartedMain] INFO  o.s.b.w.s.c.ServletWebServerApplicationContext - Root WebApplicationContext: initialization completed in 977 ms
2023-05-11 07:21:00.565 [restartedMain] WARN  o.s.b.a.o.j.JpaBaseConfiguration$JpaWebConfiguration - spring.jpa.open-in-view is enabled by default. Therefore, database queries may be performed during view rendering. Explicitly configure spring.jpa.open-in-view to disable this warning
2023-05-11 07:21:00.592 [restartedMain] INFO  com.zaxxer.hikari.HikariDataSource - HikariPool-6 - Starting...
2023-05-11 07:21:00.724 [restartedMain] INFO  c.m.mfoodyex.MFoodyExApplication - Starting MFoodyExApplication using Java 17 on Macs-MacBook-Air.local with PID 32797 (/Users/macmie/Desktop/WEB/INTELIIJI_VS2/target/classes started by macmie in /Users/macmie/Desktop/WEB/INTELIIJI_VS2)
2023-05-11 07:21:00.728 [restartedMain] INFO  c.m.mfoodyex.MFoodyExApplication - No active profile set, falling back to 1 default profile: "default"
2023-05-11 07:21:00.768 [restartedMain] INFO  com.zaxxer.hikari.HikariDataSource - HikariPool-6 - Start completed.
2023-05-11 07:21:00.778 [restartedMain] INFO  o.h.jpa.internal.util.LogHelper - HHH000204: Processing PersistenceUnitInfo [name: default]
2023-05-11 07:21:00.791 [restartedMain] INFO  org.hibernate.dialect.Dialect - HHH000400: Using dialect: org.hibernate.dialect.MySQL8Dialect
2023-05-11 07:21:00.836 [restartedMain] INFO  o.s.b.d.e.DevToolsPropertyDefaultsPostProcessor - Devtools property defaults active! Set 'spring.devtools.add-properties' to 'false' to disable
2023-05-11 07:21:00.836 [restartedMain] INFO  o.s.b.d.e.DevToolsPropertyDefaultsPostProcessor - For additional web related logging consider setting the 'logging.level.web' property to 'DEBUG'
2023-05-11 07:21:00.963 [restartedMain] WARN  org.hibernate.mapping.RootClass - HHH000038: Composite-id class does not override equals(): com.macmie.mfoodyex.Model.DetailProductOrderMfoodyId
2023-05-11 07:21:00.963 [restartedMain] WARN  org.hibernate.mapping.RootClass - HHH000039: Composite-id class does not override hashCode(): com.macmie.mfoodyex.Model.DetailProductOrderMfoodyId
2023-05-11 07:21:00.966 [restartedMain] WARN  org.hibernate.mapping.RootClass - HHH000038: Composite-id class does not override equals(): com.macmie.mfoodyex.Model.DetailProductCartMfoodyId
2023-05-11 07:21:00.966 [restartedMain] WARN  org.hibernate.mapping.RootClass - HHH000039: Composite-id class does not override hashCode(): com.macmie.mfoodyex.Model.DetailProductCartMfoodyId
2023-05-11 07:21:01.295 [restartedMain] INFO  o.h.e.t.j.p.i.JtaPlatformInitiator - HHH000490: Using JtaPlatform implementation: [org.hibernate.engine.transaction.jta.platform.internal.NoJtaPlatform]
2023-05-11 07:21:01.296 [restartedMain] INFO  o.s.o.j.LocalContainerEntityManagerFactoryBean - Initialized JPA EntityManagerFactory for persistence unit 'default'
2023-05-11 07:21:02.680 [restartedMain] INFO  o.s.s.web.DefaultSecurityFilterChain - Will not secure any request
2023-05-11 07:21:02.758 [restartedMain] INFO  o.s.b.d.a.OptionalLiveReloadServer - LiveReload server is running on port 35729
2023-05-11 07:21:02.842 [restartedMain] INFO  o.a.coyote.http11.Http11NioProtocol - Starting ProtocolHandler ["http-nio-8080"]
2023-05-11 07:21:02.848 [restartedMain] INFO  o.s.b.w.e.tomcat.TomcatWebServer - Tomcat started on port(s): 8080 (http) with context path ''
2023-05-11 07:21:03.210 [restartedMain] INFO  c.m.mfoodyex.MFoodyExApplication - Started MFoodyExApplication in 3.877 seconds (JVM running for 386.28)
2023-05-11 07:21:03.215 [restartedMain] INFO  o.s.b.d.a.ConditionEvaluationDeltaLoggingListener - Condition evaluation unchanged
2023-05-11 07:21:03.303 [restartedMain] INFO  o.s.d.r.c.RepositoryConfigurationDelegate - Bootstrapping Spring Data JPA repositories in DEFAULT mode.
2023-05-11 07:21:03.533 [restartedMain] INFO  o.s.d.r.c.RepositoryConfigurationDelegate - Finished Spring Data repository scanning in 223 ms. Found 10 JPA repository interfaces.
2023-05-11 07:21:04.912 [restartedMain] INFO  o.s.b.w.e.tomcat.TomcatWebServer - Tomcat initialized with port(s): 8080 (http)
2023-05-11 07:21:04.924 [restartedMain] INFO  o.a.coyote.http11.Http11NioProtocol - Initializing ProtocolHandler ["http-nio-8080"]
2023-05-11 07:21:04.926 [restartedMain] INFO  o.a.catalina.core.StandardService - Starting service [Tomcat]
2023-05-11 07:21:04.927 [restartedMain] INFO  o.a.catalina.core.StandardEngine - Starting Servlet engine: [Apache Tomcat/9.0.58]
2023-05-11 07:21:05.051 [restartedMain] INFO  o.a.c.c.C.[Tomcat].[localhost].[/] - Initializing Spring embedded WebApplicationContext
2023-05-11 07:21:05.052 [restartedMain] INFO  o.s.b.w.s.c.ServletWebServerApplicationContext - Root WebApplicationContext: initialization completed in 4215 ms
2023-05-11 07:21:05.182 [restartedMain] WARN  o.s.b.a.o.j.JpaBaseConfiguration$JpaWebConfiguration - spring.jpa.open-in-view is enabled by default. Therefore, database queries may be performed during view rendering. Explicitly configure spring.jpa.open-in-view to disable this warning
2023-05-11 07:21:05.323 [restartedMain] INFO  com.zaxxer.hikari.HikariDataSource - HikariPool-1 - Starting...
2023-05-11 07:21:05.863 [restartedMain] INFO  com.zaxxer.hikari.HikariDataSource - HikariPool-1 - Start completed.
2023-05-11 07:21:06.045 [restartedMain] INFO  o.h.jpa.internal.util.LogHelper - HHH000204: Processing PersistenceUnitInfo [name: default]
2023-05-11 07:21:06.108 [restartedMain] INFO  org.hibernate.Version - HHH000412: Hibernate ORM core version 5.6.5.Final
2023-05-11 07:21:06.359 [restartedMain] INFO  o.h.annotations.common.Version - HCANN000001: Hibernate Commons Annotations {5.1.2.Final}
2023-05-11 07:21:06.496 [restartedMain] INFO  org.hibernate.dialect.Dialect - HHH000400: Using dialect: org.hibernate.dialect.MySQL8Dialect
2023-05-11 07:21:06.863 [restartedMain] WARN  org.hibernate.mapping.RootClass - HHH000038: Composite-id class does not override equals(): com.macmie.mfoodyex.Model.DetailProductOrderMfoodyId
2023-05-11 07:21:06.863 [restartedMain] WARN  org.hibernate.mapping.RootClass - HHH000039: Composite-id class does not override hashCode(): com.macmie.mfoodyex.Model.DetailProductOrderMfoodyId
2023-05-11 07:21:06.864 [restartedMain] WARN  org.hibernate.mapping.RootClass - HHH000038: Composite-id class does not override equals(): com.macmie.mfoodyex.Model.DetailProductCartMfoodyId
2023-05-11 07:21:06.864 [restartedMain] WARN  org.hibernate.mapping.RootClass - HHH000039: Composite-id class does not override hashCode(): com.macmie.mfoodyex.Model.DetailProductCartMfoodyId
2023-05-11 07:21:07.624 [restartedMain] INFO  o.h.e.t.j.p.i.JtaPlatformInitiator - HHH000490: Using JtaPlatform implementation: [org.hibernate.engine.transaction.jta.platform.internal.NoJtaPlatform]
2023-05-11 07:21:07.637 [restartedMain] INFO  o.s.o.j.LocalContainerEntityManagerFactoryBean - Initialized JPA EntityManagerFactory for persistence unit 'default'
2023-05-11 07:21:11.409 [restartedMain] INFO  o.s.s.web.DefaultSecurityFilterChain - Will not secure any request
2023-05-11 07:21:11.615 [restartedMain] WARN  o.s.b.d.a.OptionalLiveReloadServer - Unable to start LiveReload server
2023-05-11 07:21:11.930 [restartedMain] INFO  o.a.coyote.http11.Http11NioProtocol - Starting ProtocolHandler ["http-nio-8080"]
2023-05-11 07:21:11.935 [restartedMain] WARN  o.s.b.w.s.c.AnnotationConfigServletWebServerApplicationContext - Exception encountered during context initialization - cancelling refresh attempt: org.springframework.context.ApplicationContextException: Failed to start bean 'webServerStartStop'; nested exception is org.springframework.boot.web.server.PortInUseException: Port 8080 is already in use
2023-05-11 07:21:11.945 [restartedMain] INFO  o.s.o.j.LocalContainerEntityManagerFactoryBean - Closing JPA EntityManagerFactory for persistence unit 'default'
2023-05-11 07:21:11.950 [restartedMain] INFO  com.zaxxer.hikari.HikariDataSource - HikariPool-1 - Shutdown initiated...
2023-05-11 07:21:11.999 [restartedMain] INFO  com.zaxxer.hikari.HikariDataSource - HikariPool-1 - Shutdown completed.
2023-05-11 07:21:12.006 [restartedMain] INFO  o.a.coyote.http11.Http11NioProtocol - Pausing ProtocolHandler ["http-nio-8080"]
2023-05-11 07:21:12.006 [restartedMain] INFO  o.a.catalina.core.StandardService - Stopping service [Tomcat]
2023-05-11 07:21:12.020 [restartedMain] INFO  o.a.coyote.http11.Http11NioProtocol - Stopping ProtocolHandler ["http-nio-8080"]
2023-05-11 07:21:12.021 [restartedMain] INFO  o.a.coyote.http11.Http11NioProtocol - Destroying ProtocolHandler ["http-nio-8080"]
2023-05-11 07:21:12.033 [restartedMain] INFO  o.s.b.a.l.ConditionEvaluationReportLoggingListener - 

Error starting ApplicationContext. To display the conditions report re-run your application with 'debug' enabled.
2023-05-11 07:21:12.050 [restartedMain] ERROR o.s.b.d.LoggingFailureAnalysisReporter - 

***************************
APPLICATION FAILED TO START
***************************

Description:

Web server failed to start. Port 8080 was already in use.

Action:

Identify and stop the process that's listening on port 8080 or configure this application to listen on another port.

2023-05-11 07:21:25.362 [SpringApplicationShutdownHook] INFO  o.s.o.j.LocalContainerEntityManagerFactoryBean - Closing JPA EntityManagerFactory for persistence unit 'default'
2023-05-11 07:21:25.367 [SpringApplicationShutdownHook] INFO  com.zaxxer.hikari.HikariDataSource - HikariPool-6 - Shutdown initiated...
2023-05-11 07:21:25.399 [SpringApplicationShutdownHook] INFO  com.zaxxer.hikari.HikariDataSource - HikariPool-6 - Shutdown completed.
2023-05-11 07:21:38.402 [restartedMain] INFO  c.m.mfoodyex.MFoodyExApplication - Starting MFoodyExApplication using Java 17 on Macs-MacBook-Air.local with PID 32959 (/Users/macmie/Desktop/WEB/INTELIIJI_VS2/target/classes started by macmie in /Users/macmie/Desktop/WEB/INTELIIJI_VS2)
2023-05-11 07:21:38.404 [restartedMain] INFO  c.m.mfoodyex.MFoodyExApplication - No active profile set, falling back to 1 default profile: "default"
2023-05-11 07:21:38.495 [restartedMain] INFO  o.s.b.d.e.DevToolsPropertyDefaultsPostProcessor - Devtools property defaults active! Set 'spring.devtools.add-properties' to 'false' to disable
2023-05-11 07:21:38.496 [restartedMain] INFO  o.s.b.d.e.DevToolsPropertyDefaultsPostProcessor - For additional web related logging consider setting the 'logging.level.web' property to 'DEBUG'
2023-05-11 07:21:40.296 [restartedMain] INFO  o.s.d.r.c.RepositoryConfigurationDelegate - Bootstrapping Spring Data JPA repositories in DEFAULT mode.
2023-05-11 07:21:40.467 [restartedMain] INFO  o.s.d.r.c.RepositoryConfigurationDelegate - Finished Spring Data repository scanning in 161 ms. Found 10 JPA repository interfaces.
2023-05-11 07:21:41.900 [restartedMain] INFO  o.s.b.w.e.tomcat.TomcatWebServer - Tomcat initialized with port(s): 8080 (http)
2023-05-11 07:21:41.912 [restartedMain] INFO  o.a.coyote.http11.Http11NioProtocol - Initializing ProtocolHandler ["http-nio-8080"]
2023-05-11 07:21:41.913 [restartedMain] INFO  o.a.catalina.core.StandardService - Starting service [Tomcat]
2023-05-11 07:21:41.914 [restartedMain] INFO  o.a.catalina.core.StandardEngine - Starting Servlet engine: [Apache Tomcat/9.0.58]
2023-05-11 07:21:42.043 [restartedMain] INFO  o.a.c.c.C.[Tomcat].[localhost].[/] - Initializing Spring embedded WebApplicationContext
2023-05-11 07:21:42.043 [restartedMain] INFO  o.s.b.w.s.c.ServletWebServerApplicationContext - Root WebApplicationContext: initialization completed in 3547 ms
2023-05-11 07:21:42.241 [restartedMain] WARN  o.s.b.a.o.j.JpaBaseConfiguration$JpaWebConfiguration - spring.jpa.open-in-view is enabled by default. Therefore, database queries may be performed during view rendering. Explicitly configure spring.jpa.open-in-view to disable this warning
2023-05-11 07:21:42.375 [restartedMain] INFO  com.zaxxer.hikari.HikariDataSource - HikariPool-1 - Starting...
2023-05-11 07:21:42.944 [restartedMain] INFO  com.zaxxer.hikari.HikariDataSource - HikariPool-1 - Start completed.
2023-05-11 07:21:43.043 [restartedMain] INFO  o.h.jpa.internal.util.LogHelper - HHH000204: Processing PersistenceUnitInfo [name: default]
2023-05-11 07:21:43.090 [restartedMain] INFO  org.hibernate.Version - HHH000412: Hibernate ORM core version 5.6.5.Final
2023-05-11 07:21:43.253 [restartedMain] INFO  o.h.annotations.common.Version - HCANN000001: Hibernate Commons Annotations {5.1.2.Final}
2023-05-11 07:21:43.387 [restartedMain] INFO  org.hibernate.dialect.Dialect - HHH000400: Using dialect: org.hibernate.dialect.MySQL8Dialect
2023-05-11 07:21:43.952 [restartedMain] WARN  org.hibernate.mapping.RootClass - HHH000038: Composite-id class does not override equals(): com.macmie.mfoodyex.Model.DetailProductOrderMfoodyId
2023-05-11 07:21:43.953 [restartedMain] WARN  org.hibernate.mapping.RootClass - HHH000039: Composite-id class does not override hashCode(): com.macmie.mfoodyex.Model.DetailProductOrderMfoodyId
2023-05-11 07:21:43.954 [restartedMain] WARN  org.hibernate.mapping.RootClass - HHH000038: Composite-id class does not override equals(): com.macmie.mfoodyex.Model.DetailProductCartMfoodyId
2023-05-11 07:21:43.954 [restartedMain] WARN  org.hibernate.mapping.RootClass - HHH000039: Composite-id class does not override hashCode(): com.macmie.mfoodyex.Model.DetailProductCartMfoodyId
2023-05-11 07:21:44.586 [restartedMain] INFO  o.h.e.t.j.p.i.JtaPlatformInitiator - HHH000490: Using JtaPlatform implementation: [org.hibernate.engine.transaction.jta.platform.internal.NoJtaPlatform]
2023-05-11 07:21:44.596 [restartedMain] INFO  o.s.o.j.LocalContainerEntityManagerFactoryBean - Initialized JPA EntityManagerFactory for persistence unit 'default'
2023-05-11 07:21:48.244 [restartedMain] INFO  o.s.s.web.DefaultSecurityFilterChain - Will not secure any request
2023-05-11 07:21:48.511 [restartedMain] INFO  o.s.b.d.a.OptionalLiveReloadServer - LiveReload server is running on port 35729
2023-05-11 07:21:48.786 [restartedMain] INFO  o.a.coyote.http11.Http11NioProtocol - Starting ProtocolHandler ["http-nio-8080"]
2023-05-11 07:21:48.808 [restartedMain] INFO  o.s.b.w.e.tomcat.TomcatWebServer - Tomcat started on port(s): 8080 (http) with context path ''
2023-05-11 07:21:49.871 [restartedMain] INFO  c.m.mfoodyex.MFoodyExApplication - Started MFoodyExApplication in 12.098 seconds (JVM running for 12.967)
2023-05-11 07:21:57.197 [http-nio-8080-exec-1] INFO  o.a.c.c.C.[Tomcat].[localhost].[/] - Initializing Spring DispatcherServlet 'dispatcherServlet'
2023-05-11 07:21:57.198 [http-nio-8080-exec-1] INFO  o.s.web.servlet.DispatcherServlet - Initializing Servlet 'dispatcherServlet'
2023-05-11 07:21:57.205 [http-nio-8080-exec-1] INFO  o.s.web.servlet.DispatcherServlet - Completed initialization in 7 ms
2023-05-11 07:21:57.227 [http-nio-8080-exec-1] INFO  c.m.m.J.JWTAuthenticationFilter - JWTAuthenticationFilter: Start
2023-05-11 07:21:57.269 [http-nio-8080-exec-1] INFO  c.m.m.J.JWTAuthenticationFilter - JWTAuthenticationFilter: End
2023-05-11 07:21:57.451 [http-nio-8080-exec-1] INFO  c.m.m.C.ApplicationMfoodyController - Login to ApplicationMfoody by robinsonhank@gmail.com
2023-05-11 07:21:57.578 [http-nio-8080-exec-1] INFO  c.m.m.S.I.UserMfoodyImplementService - Fetching UserMfoody with emailUserMfoody: robinsonhank@gmail.com
2023-05-11 07:21:58.096 [http-nio-8080-exec-1] INFO  c.m.m.S.I.UserMfoodyImplementService - Fetching UserMfoody with emailUserMfoody: robinsonhank@gmail.com
2023-05-11 07:21:58.201 [http-nio-8080-exec-1] INFO  c.m.mfoodyex.JWTHelper.JWTProvider - jsonObjectUserMfoody by jackSon: {"idUser":215231,"emailUser":"robinsonhank@gmail.com","passwordUser":"$2a$12$iXPkaN0Ey.LFhPLbDdg0Suo07MCyDk9F4AaBMCYsEYTUw6HDetQDm","nameUser":"Robinson Hank","phoneNumberUser":"89346783005","addressUser":"Texas, USA","roleUser":"ADMIN","listCreditCards":[{"idCard":430711,"nameUserCard":"Robinson Hank","numberCard":"6589652343548896","expirationCard":"01/01/23","securityCodeCard":"714"}],"listCarts":[{"idCart":350060,"quantityAllProductsInCart":1,"totalSalePriceCart":50.0,"totalFullPriceCart":50.0,"listDetailProductCarts":[{"idDetailProductCartMFoody":{"idCart":350060,"idProduct":530022},"quantityDetailProductCart":1,"salePriceDetailProductCart":50.0,"fullPriceDetailProductCart":50.0}]}],"listComments":[{"idComment":608751,"ratingComment":4,"contentComment":"The products is OKAY"}]}
2023-05-11 07:22:16.070 [http-nio-8080-exec-3] INFO  c.m.m.J.JWTAuthenticationFilter - JWTAuthenticationFilter: Start
2023-05-11 07:22:16.101 [http-nio-8080-exec-3] INFO  c.m.m.J.JWTAuthenticationFilter - JWTAuthenticationFilter: Check Token
2023-05-11 07:22:16.120 [http-nio-8080-exec-3] INFO  c.m.m.S.I.UserMfoodyImplementService - Fetching UserMfoody with emailUserMfoody: robinsonhank@gmail.com
2023-05-11 07:22:16.137 [http-nio-8080-exec-3] INFO  c.m.m.J.JWTAuthenticationFilter - JWTAuthenticationFilter: End
2023-05-11 07:22:16.176 [http-nio-8080-exec-3] INFO  c.m.m.C.SubscriberController - Get List of Subscribers by robinsonhank@gmail.com
2023-05-11 07:22:16.196 [http-nio-8080-exec-3] INFO  c.m.m.S.I.SubscriberImplementService - Fetching all Subscribers 
2023-05-11 07:22:34.397 [http-nio-8080-exec-4] INFO  c.m.m.J.JWTAuthenticationFilter - JWTAuthenticationFilter: Start
2023-05-11 07:22:34.404 [http-nio-8080-exec-4] INFO  c.m.m.J.JWTAuthenticationFilter - JWTAuthenticationFilter: Check Token
2023-05-11 07:22:34.416 [http-nio-8080-exec-4] INFO  c.m.m.S.I.UserMfoodyImplementService - Fetching UserMfoody with emailUserMfoody: robinsonhank@gmail.com
2023-05-11 07:22:34.428 [http-nio-8080-exec-4] INFO  c.m.m.J.JWTAuthenticationFilter - JWTAuthenticationFilter: End
2023-05-11 07:22:34.433 [http-nio-8080-exec-4] INFO  c.m.m.C.SubscriberController - Count Total Number of Subscribers by robinsonhank@gmail.com
2023-05-11 07:22:34.434 [http-nio-8080-exec-4] INFO  c.m.m.S.I.SubscriberImplementService - Count Total Number of Subscribers
2023-05-11 07:23:07.689 [http-nio-8080-exec-6] INFO  c.m.m.J.JWTAuthenticationFilter - JWTAuthenticationFilter: Start
2023-05-11 07:23:07.696 [http-nio-8080-exec-6] INFO  c.m.m.J.JWTAuthenticationFilter - JWTAuthenticationFilter: Check Token
2023-05-11 07:23:07.725 [http-nio-8080-exec-6] INFO  c.m.m.S.I.UserMfoodyImplementService - Fetching UserMfoody with emailUserMfoody: robinsonhank@gmail.com
2023-05-11 07:23:07.759 [http-nio-8080-exec-6] INFO  c.m.m.J.JWTAuthenticationFilter - JWTAuthenticationFilter: End
2023-05-11 07:23:07.772 [http-nio-8080-exec-6] INFO  c.m.m.C.SubscriberController - Get Subscriber with ID: 960055 by robinsonhank@gmail.com
2023-05-11 07:23:07.773 [http-nio-8080-exec-6] INFO  c.m.m.S.I.SubscriberImplementService - Fetching Subscriber with ID: 960055
2023-05-11 07:23:15.288 [http-nio-8080-exec-2] INFO  c.m.m.J.JWTAuthenticationFilter - JWTAuthenticationFilter: Start
2023-05-11 07:23:15.290 [http-nio-8080-exec-2] INFO  c.m.m.J.JWTAuthenticationFilter - JWTAuthenticationFilter: Check Token
2023-05-11 07:23:15.298 [http-nio-8080-exec-2] INFO  c.m.m.S.I.UserMfoodyImplementService - Fetching UserMfoody with emailUserMfoody: robinsonhank@gmail.com
2023-05-11 07:23:15.309 [http-nio-8080-exec-2] INFO  c.m.m.J.JWTAuthenticationFilter - JWTAuthenticationFilter: End
2023-05-11 07:23:15.314 [http-nio-8080-exec-2] INFO  c.m.m.C.SubscriberController - Get Subscriber with ID: 960078 by robinsonhank@gmail.com
2023-05-11 07:23:15.314 [http-nio-8080-exec-2] INFO  c.m.m.S.I.SubscriberImplementService - Fetching Subscriber with ID: 960078
2023-05-11 07:24:11.142 [http-nio-8080-exec-7] INFO  c.m.m.J.JWTAuthenticationFilter - JWTAuthenticationFilter: Start
2023-05-11 07:24:11.152 [http-nio-8080-exec-7] INFO  c.m.m.J.JWTAuthenticationFilter - JWTAuthenticationFilter: Check Token
2023-05-11 07:24:11.174 [http-nio-8080-exec-7] INFO  c.m.m.S.I.UserMfoodyImplementService - Fetching UserMfoody with emailUserMfoody: robinsonhank@gmail.com
2023-05-11 07:24:11.209 [http-nio-8080-exec-7] INFO  c.m.m.J.JWTAuthenticationFilter - JWTAuthenticationFilter: End
2023-05-11 07:24:11.226 [http-nio-8080-exec-7] INFO  c.m.m.C.SubscriberController - Get Subscriber with ID: 960055 by robinsonhank@gmail.com
2023-05-11 07:24:11.227 [http-nio-8080-exec-7] INFO  c.m.m.S.I.SubscriberImplementService - Fetching Subscriber with ID: 960055
2023-05-11 07:24:30.673 [http-nio-8080-exec-8] INFO  c.m.m.J.JWTAuthenticationFilter - JWTAuthenticationFilter: Start
2023-05-11 07:24:30.680 [http-nio-8080-exec-8] INFO  c.m.m.J.JWTAuthenticationFilter - JWTAuthenticationFilter: End
2023-05-11 07:24:38.542 [http-nio-8080-exec-9] INFO  c.m.m.J.JWTAuthenticationFilter - JWTAuthenticationFilter: Start
2023-05-11 07:24:38.545 [http-nio-8080-exec-9] INFO  c.m.m.J.JWTAuthenticationFilter - JWTAuthenticationFilter: Check Token
2023-05-11 07:24:38.549 [http-nio-8080-exec-9] INFO  c.m.m.S.I.UserMfoodyImplementService - Fetching UserMfoody with emailUserMfoody: robinsonhank@gmail.com
2023-05-11 07:24:38.562 [http-nio-8080-exec-9] INFO  c.m.m.J.JWTAuthenticationFilter - JWTAuthenticationFilter: End
2023-05-11 07:24:38.579 [http-nio-8080-exec-9] INFO  c.m.m.S.I.SubscriberImplementService - Fetching Subscriber with ID: 960055
2023-05-11 07:24:38.587 [http-nio-8080-exec-9] INFO  c.m.m.S.I.SubscriberImplementService - Updating Subscriber with ID: 960055
2023-05-11 07:24:38.613 [http-nio-8080-exec-9] INFO  c.m.m.C.SubscriberController - Subscriber with ID: 960055 by robinsonhank@gmail.com is edited
2023-05-11 07:24:44.287 [http-nio-8080-exec-10] INFO  c.m.m.J.JWTAuthenticationFilter - JWTAuthenticationFilter: Start
2023-05-11 07:24:44.290 [http-nio-8080-exec-10] INFO  c.m.m.J.JWTAuthenticationFilter - JWTAuthenticationFilter: Check Token
2023-05-11 07:24:44.307 [http-nio-8080-exec-10] INFO  c.m.m.S.I.UserMfoodyImplementService - Fetching UserMfoody with emailUserMfoody: robinsonhank@gmail.com
2023-05-11 07:24:44.318 [http-nio-8080-exec-10] INFO  c.m.m.J.JWTAuthenticationFilter - JWTAuthenticationFilter: End
2023-05-11 07:24:44.323 [http-nio-8080-exec-10] INFO  c.m.m.C.SubscriberController - Get Subscriber with ID: 960055 by robinsonhank@gmail.com
2023-05-11 07:24:44.323 [http-nio-8080-exec-10] INFO  c.m.m.S.I.SubscriberImplementService - Fetching Subscriber with ID: 960055
2023-05-11 07:25:31.158 [http-nio-8080-exec-5] INFO  c.m.m.J.JWTAuthenticationFilter - JWTAuthenticationFilter: Start
2023-05-11 07:25:31.174 [http-nio-8080-exec-5] INFO  c.m.m.J.JWTAuthenticationFilter - JWTAuthenticationFilter: End
2023-05-11 07:25:39.699 [http-nio-8080-exec-1] INFO  c.m.m.J.JWTAuthenticationFilter - JWTAuthenticationFilter: Start
2023-05-11 07:25:39.702 [http-nio-8080-exec-1] INFO  c.m.m.J.JWTAuthenticationFilter - JWTAuthenticationFilter: End
2023-05-11 07:25:39.728 [http-nio-8080-exec-1] INFO  c.m.m.C.ApplicationMfoodyController - Login to ApplicationMfoody by robinsonhank@gmail.com
2023-05-11 07:25:39.728 [http-nio-8080-exec-1] INFO  c.m.m.S.I.UserMfoodyImplementService - Fetching UserMfoody with emailUserMfoody: robinsonhank@gmail.com
2023-05-11 07:25:40.096 [http-nio-8080-exec-1] INFO  c.m.m.S.I.UserMfoodyImplementService - Fetching UserMfoody with emailUserMfoody: robinsonhank@gmail.com
2023-05-11 07:25:40.159 [http-nio-8080-exec-1] INFO  c.m.mfoodyex.JWTHelper.JWTProvider - jsonObjectUserMfoody by jackSon: {"idUser":215231,"emailUser":"robinsonhank@gmail.com","passwordUser":"$2a$12$iXPkaN0Ey.LFhPLbDdg0Suo07MCyDk9F4AaBMCYsEYTUw6HDetQDm","nameUser":"Robinson Hank","phoneNumberUser":"89346783005","addressUser":"Texas, USA","roleUser":"ADMIN","listCreditCards":[{"idCard":430711,"nameUserCard":"Robinson Hank","numberCard":"6589652343548896","expirationCard":"01/01/23","securityCodeCard":"714"}],"listCarts":[{"idCart":350060,"quantityAllProductsInCart":1,"totalSalePriceCart":50.0,"totalFullPriceCart":50.0,"listDetailProductCarts":[{"idDetailProductCartMFoody":{"idCart":350060,"idProduct":530022},"quantityDetailProductCart":1,"salePriceDetailProductCart":50.0,"fullPriceDetailProductCart":50.0}]}],"listComments":[{"idComment":608751,"ratingComment":4,"contentComment":"The products is OKAY"}]}
2023-05-11 07:25:54.512 [http-nio-8080-exec-3] INFO  c.m.m.J.JWTAuthenticationFilter - JWTAuthenticationFilter: Start
2023-05-11 07:25:54.517 [http-nio-8080-exec-3] INFO  c.m.m.J.JWTAuthenticationFilter - JWTAuthenticationFilter: Check Token
2023-05-11 07:25:54.528 [http-nio-8080-exec-3] INFO  c.m.m.S.I.UserMfoodyImplementService - Fetching UserMfoody with emailUserMfoody: robinsonhank@gmail.com
2023-05-11 07:25:54.545 [http-nio-8080-exec-3] INFO  c.m.m.J.JWTAuthenticationFilter - JWTAuthenticationFilter: End
2023-05-11 07:25:54.552 [http-nio-8080-exec-3] INFO  c.m.m.C.SubscriberController - Delete Subscriber with ID: 101235 by robinsonhank@gmail.com
2023-05-11 07:25:54.552 [http-nio-8080-exec-3] INFO  c.m.m.S.I.SubscriberImplementService - Fetching Subscriber with ID: 101235
2023-05-11 07:26:02.041 [http-nio-8080-exec-4] INFO  c.m.m.J.JWTAuthenticationFilter - JWTAuthenticationFilter: Start
2023-05-11 07:26:02.045 [http-nio-8080-exec-4] INFO  c.m.m.J.JWTAuthenticationFilter - JWTAuthenticationFilter: Check Token
2023-05-11 07:26:02.063 [http-nio-8080-exec-4] INFO  c.m.m.S.I.UserMfoodyImplementService - Fetching UserMfoody with emailUserMfoody: robinsonhank@gmail.com
2023-05-11 07:26:02.083 [http-nio-8080-exec-4] INFO  c.m.m.J.JWTAuthenticationFilter - JWTAuthenticationFilter: End
2023-05-11 07:26:02.093 [http-nio-8080-exec-4] INFO  c.m.m.C.SubscriberController - Delete Subscriber with ID: 960055 by robinsonhank@gmail.com
2023-05-11 07:26:02.094 [http-nio-8080-exec-4] INFO  c.m.m.S.I.SubscriberImplementService - Fetching Subscriber with ID: 960055
2023-05-11 07:26:02.102 [http-nio-8080-exec-4] INFO  c.m.m.S.I.SubscriberImplementService - Deleting Subscriber with ID: 960055
2023-05-11 07:26:06.491 [http-nio-8080-exec-6] INFO  c.m.m.J.JWTAuthenticationFilter - JWTAuthenticationFilter: Start
2023-05-11 07:26:06.494 [http-nio-8080-exec-6] INFO  c.m.m.J.JWTAuthenticationFilter - JWTAuthenticationFilter: Check Token
2023-05-11 07:26:06.507 [http-nio-8080-exec-6] INFO  c.m.m.S.I.UserMfoodyImplementService - Fetching UserMfoody with emailUserMfoody: robinsonhank@gmail.com
2023-05-11 07:26:06.520 [http-nio-8080-exec-6] INFO  c.m.m.J.JWTAuthenticationFilter - JWTAuthenticationFilter: End
2023-05-11 07:26:06.525 [http-nio-8080-exec-6] INFO  c.m.m.C.SubscriberController - Get Subscriber with ID: 960055 by robinsonhank@gmail.com
2023-05-11 07:26:06.525 [http-nio-8080-exec-6] INFO  c.m.m.S.I.SubscriberImplementService - Fetching Subscriber with ID: 960055
2023-05-11 07:26:44.648 [http-nio-8080-exec-2] INFO  c.m.m.J.JWTAuthenticationFilter - JWTAuthenticationFilter: Start
2023-05-11 07:26:44.652 [http-nio-8080-exec-2] INFO  c.m.m.J.JWTAuthenticationFilter - JWTAuthenticationFilter: Check Token
2023-05-11 07:26:44.663 [http-nio-8080-exec-2] INFO  c.m.m.S.I.UserMfoodyImplementService - Fetching UserMfoody with emailUserMfoody: robinsonhank@gmail.com
2023-05-11 07:26:44.677 [http-nio-8080-exec-2] INFO  c.m.m.J.JWTAuthenticationFilter - JWTAuthenticationFilter: End
2023-05-11 07:26:44.686 [http-nio-8080-exec-2] INFO  c.m.m.S.I.SubscriberImplementService - Fetching Subscriber with email: sarahjohnsonUpdate@gmail.com
2023-05-11 07:26:44.701 [http-nio-8080-exec-2] INFO  c.m.m.S.I.SubscriberImplementService - Saving Subscriber with ID: 960055
2023-05-11 07:26:44.734 [http-nio-8080-exec-2] INFO  c.m.m.C.SubscriberController - A new Subscriber is created!
2023-05-11 07:26:49.909 [http-nio-8080-exec-7] INFO  c.m.m.J.JWTAuthenticationFilter - JWTAuthenticationFilter: Start
2023-05-11 07:26:49.911 [http-nio-8080-exec-7] INFO  c.m.m.J.JWTAuthenticationFilter - JWTAuthenticationFilter: Check Token
2023-05-11 07:26:49.925 [http-nio-8080-exec-7] INFO  c.m.m.S.I.UserMfoodyImplementService - Fetching UserMfoody with emailUserMfoody: robinsonhank@gmail.com
2023-05-11 07:26:49.945 [http-nio-8080-exec-7] INFO  c.m.m.J.JWTAuthenticationFilter - JWTAuthenticationFilter: End
2023-05-11 07:26:49.948 [http-nio-8080-exec-7] INFO  c.m.m.C.SubscriberController - Get List of Subscribers by robinsonhank@gmail.com
2023-05-11 07:26:49.948 [http-nio-8080-exec-7] INFO  c.m.m.S.I.SubscriberImplementService - Fetching all Subscribers 
2023-05-11 07:27:08.715 [http-nio-8080-exec-8] INFO  c.m.m.J.JWTAuthenticationFilter - JWTAuthenticationFilter: Start
2023-05-11 07:27:08.723 [http-nio-8080-exec-8] INFO  c.m.m.J.JWTAuthenticationFilter - JWTAuthenticationFilter: Check Token
2023-05-11 07:27:08.740 [http-nio-8080-exec-8] INFO  c.m.m.S.I.UserMfoodyImplementService - Fetching UserMfoody with emailUserMfoody: robinsonhank@gmail.com
2023-05-11 07:27:08.776 [http-nio-8080-exec-8] INFO  c.m.m.J.JWTAuthenticationFilter - JWTAuthenticationFilter: End
2023-05-11 07:27:08.782 [http-nio-8080-exec-8] INFO  c.m.m.C.SubscriberController - Get List of Subscribers by robinsonhank@gmail.com
2023-05-11 07:27:08.782 [http-nio-8080-exec-8] INFO  c.m.m.S.I.SubscriberImplementService - Fetching all Subscribers 
2023-05-11 07:27:26.226 [http-nio-8080-exec-9] INFO  c.m.m.J.JWTAuthenticationFilter - JWTAuthenticationFilter: Start
2023-05-11 07:27:26.230 [http-nio-8080-exec-9] INFO  c.m.m.J.JWTAuthenticationFilter - JWTAuthenticationFilter: Check Token
2023-05-11 07:27:26.246 [http-nio-8080-exec-9] INFO  c.m.m.S.I.UserMfoodyImplementService - Fetching UserMfoody with emailUserMfoody: robinsonhank@gmail.com
2023-05-11 07:27:26.261 [http-nio-8080-exec-9] INFO  c.m.m.J.JWTAuthenticationFilter - JWTAuthenticationFilter: End
2023-05-11 07:27:26.265 [http-nio-8080-exec-9] INFO  c.m.m.C.SubscriberController - Get List of Subscribers by robinsonhank@gmail.com
2023-05-11 07:27:26.265 [http-nio-8080-exec-9] INFO  c.m.m.S.I.SubscriberImplementService - Fetching all Subscribers 
2023-05-11 07:27:27.109 [http-nio-8080-exec-10] INFO  c.m.m.J.JWTAuthenticationFilter - JWTAuthenticationFilter: Start
2023-05-11 07:27:27.111 [http-nio-8080-exec-10] INFO  c.m.m.J.JWTAuthenticationFilter - JWTAuthenticationFilter: Check Token
2023-05-11 07:27:27.115 [http-nio-8080-exec-10] INFO  c.m.m.S.I.UserMfoodyImplementService - Fetching UserMfoody with emailUserMfoody: robinsonhank@gmail.com
2023-05-11 07:27:27.128 [http-nio-8080-exec-10] INFO  c.m.m.J.JWTAuthenticationFilter - JWTAuthenticationFilter: End
2023-05-11 07:27:27.132 [http-nio-8080-exec-10] INFO  c.m.m.C.SubscriberController - Get List of Subscribers by robinsonhank@gmail.com
2023-05-11 07:27:27.133 [http-nio-8080-exec-10] INFO  c.m.m.S.I.SubscriberImplementService - Fetching all Subscribers 
2023-05-11 07:27:27.830 [http-nio-8080-exec-5] INFO  c.m.m.J.JWTAuthenticationFilter - JWTAuthenticationFilter: Start
2023-05-11 07:27:27.835 [http-nio-8080-exec-5] INFO  c.m.m.J.JWTAuthenticationFilter - JWTAuthenticationFilter: Check Token
2023-05-11 07:27:27.843 [http-nio-8080-exec-5] INFO  c.m.m.S.I.UserMfoodyImplementService - Fetching UserMfoody with emailUserMfoody: robinsonhank@gmail.com
2023-05-11 07:27:27.852 [http-nio-8080-exec-5] INFO  c.m.m.J.JWTAuthenticationFilter - JWTAuthenticationFilter: End
2023-05-11 07:27:27.855 [http-nio-8080-exec-5] INFO  c.m.m.C.SubscriberController - Get List of Subscribers by robinsonhank@gmail.com
2023-05-11 07:27:27.855 [http-nio-8080-exec-5] INFO  c.m.m.S.I.SubscriberImplementService - Fetching all Subscribers 
2023-05-11 07:27:42.942 [http-nio-8080-exec-1] INFO  c.m.m.J.JWTAuthenticationFilter - JWTAuthenticationFilter: Start
2023-05-11 07:27:42.949 [http-nio-8080-exec-1] INFO  c.m.m.J.JWTAuthenticationFilter - JWTAuthenticationFilter: End
2023-05-11 07:27:47.635 [http-nio-8080-exec-3] INFO  c.m.m.J.JWTAuthenticationFilter - JWTAuthenticationFilter: Start
2023-05-11 07:27:47.637 [http-nio-8080-exec-3] INFO  c.m.m.J.JWTAuthenticationFilter - JWTAuthenticationFilter: Check Token
2023-05-11 07:27:47.650 [http-nio-8080-exec-3] INFO  c.m.m.S.I.UserMfoodyImplementService - Fetching UserMfoody with emailUserMfoody: robinsonhank@gmail.com
2023-05-11 07:27:47.666 [http-nio-8080-exec-3] INFO  c.m.m.J.JWTAuthenticationFilter - JWTAuthenticationFilter: End
2023-05-11 07:27:47.703 [http-nio-8080-exec-3] INFO  c.m.m.C.FeedbackMailController - Get List of FeedbackMails by robinsonhank@gmail.com
2023-05-11 07:27:47.706 [http-nio-8080-exec-3] INFO  c.m.m.S.I.FeedbackMailImplementService - Fetching all FeedbackMails 
2023-05-11 07:28:41.397 [http-nio-8080-exec-4] INFO  c.m.m.J.JWTAuthenticationFilter - JWTAuthenticationFilter: Start
2023-05-11 07:28:41.406 [http-nio-8080-exec-4] INFO  c.m.m.J.JWTAuthenticationFilter - JWTAuthenticationFilter: Check Token
2023-05-11 07:28:41.428 [http-nio-8080-exec-4] INFO  c.m.m.S.I.UserMfoodyImplementService - Fetching UserMfoody with emailUserMfoody: robinsonhank@gmail.com
2023-05-11 07:28:41.475 [http-nio-8080-exec-4] INFO  c.m.m.J.JWTAuthenticationFilter - JWTAuthenticationFilter: End
2023-05-11 07:28:41.479 [http-nio-8080-exec-4] INFO  c.m.m.C.SubscriberController - Get List of Subscribers by robinsonhank@gmail.com
2023-05-11 07:28:41.479 [http-nio-8080-exec-4] INFO  c.m.m.S.I.SubscriberImplementService - Fetching all Subscribers 
2023-05-11 07:28:43.041 [http-nio-8080-exec-6] INFO  c.m.m.J.JWTAuthenticationFilter - JWTAuthenticationFilter: Start
2023-05-11 07:28:43.045 [http-nio-8080-exec-6] INFO  c.m.m.J.JWTAuthenticationFilter - JWTAuthenticationFilter: Check Token
2023-05-11 07:28:43.052 [http-nio-8080-exec-6] INFO  c.m.m.S.I.UserMfoodyImplementService - Fetching UserMfoody with emailUserMfoody: robinsonhank@gmail.com
2023-05-11 07:28:43.066 [http-nio-8080-exec-6] INFO  c.m.m.J.JWTAuthenticationFilter - JWTAuthenticationFilter: End
2023-05-11 07:28:43.069 [http-nio-8080-exec-6] INFO  c.m.m.C.SubscriberController - Get List of Subscribers by robinsonhank@gmail.com
2023-05-11 07:28:43.069 [http-nio-8080-exec-6] INFO  c.m.m.S.I.SubscriberImplementService - Fetching all Subscribers 
2023-05-11 07:44:23.418 [SpringApplicationShutdownHook] INFO  o.s.o.j.LocalContainerEntityManagerFactoryBean - Closing JPA EntityManagerFactory for persistence unit 'default'
2023-05-11 07:44:23.432 [SpringApplicationShutdownHook] INFO  com.zaxxer.hikari.HikariDataSource - HikariPool-1 - Shutdown initiated...
2023-05-11 07:44:23.495 [SpringApplicationShutdownHook] INFO  com.zaxxer.hikari.HikariDataSource - HikariPool-1 - Shutdown completed.
2023-05-11 10:10:52.455 [restartedMain] INFO  c.m.mfoodyex.MFoodyExApplication - Starting MFoodyExApplication using Java 17 on Macs-MacBook-Air.local with PID 49106 (/Users/macmie/Desktop/WEB/INTELIIJI_VS2/target/classes started by macmie in /Users/macmie/Desktop/WEB/INTELIIJI_VS2)
2023-05-11 10:10:52.458 [restartedMain] INFO  c.m.mfoodyex.MFoodyExApplication - No active profile set, falling back to 1 default profile: "default"
2023-05-11 10:10:52.563 [restartedMain] INFO  o.s.b.d.e.DevToolsPropertyDefaultsPostProcessor - Devtools property defaults active! Set 'spring.devtools.add-properties' to 'false' to disable
2023-05-11 10:10:52.563 [restartedMain] INFO  o.s.b.d.e.DevToolsPropertyDefaultsPostProcessor - For additional web related logging consider setting the 'logging.level.web' property to 'DEBUG'
2023-05-11 10:10:54.475 [restartedMain] INFO  o.s.d.r.c.RepositoryConfigurationDelegate - Bootstrapping Spring Data JPA repositories in DEFAULT mode.
2023-05-11 10:10:54.707 [restartedMain] INFO  o.s.d.r.c.RepositoryConfigurationDelegate - Finished Spring Data repository scanning in 214 ms. Found 11 JPA repository interfaces.
2023-05-11 10:10:56.011 [restartedMain] INFO  o.s.b.w.e.tomcat.TomcatWebServer - Tomcat initialized with port(s): 8080 (http)
2023-05-11 10:10:56.027 [restartedMain] INFO  o.a.coyote.http11.Http11NioProtocol - Initializing ProtocolHandler ["http-nio-8080"]
2023-05-11 10:10:56.028 [restartedMain] INFO  o.a.catalina.core.StandardService - Starting service [Tomcat]
2023-05-11 10:10:56.028 [restartedMain] INFO  o.a.catalina.core.StandardEngine - Starting Servlet engine: [Apache Tomcat/9.0.58]
2023-05-11 10:10:56.179 [restartedMain] INFO  o.a.c.c.C.[Tomcat].[localhost].[/] - Initializing Spring embedded WebApplicationContext
2023-05-11 10:10:56.180 [restartedMain] INFO  o.s.b.w.s.c.ServletWebServerApplicationContext - Root WebApplicationContext: initialization completed in 3616 ms
2023-05-11 10:10:56.317 [restartedMain] WARN  o.s.b.a.o.j.JpaBaseConfiguration$JpaWebConfiguration - spring.jpa.open-in-view is enabled by default. Therefore, database queries may be performed during view rendering. Explicitly configure spring.jpa.open-in-view to disable this warning
2023-05-11 10:10:56.555 [restartedMain] INFO  com.zaxxer.hikari.HikariDataSource - HikariPool-1 - Starting...
2023-05-11 10:10:57.128 [restartedMain] INFO  com.zaxxer.hikari.HikariDataSource - HikariPool-1 - Start completed.
2023-05-11 10:10:57.235 [restartedMain] INFO  o.h.jpa.internal.util.LogHelper - HHH000204: Processing PersistenceUnitInfo [name: default]
2023-05-11 10:10:57.319 [restartedMain] INFO  org.hibernate.Version - HHH000412: Hibernate ORM core version 5.6.5.Final
2023-05-11 10:10:57.664 [restartedMain] INFO  o.h.annotations.common.Version - HCANN000001: Hibernate Commons Annotations {5.1.2.Final}
2023-05-11 10:10:57.817 [restartedMain] INFO  org.hibernate.dialect.Dialect - HHH000400: Using dialect: org.hibernate.dialect.MySQL8Dialect
2023-05-11 10:10:58.652 [restartedMain] WARN  org.hibernate.mapping.RootClass - HHH000038: Composite-id class does not override equals(): com.macmie.mfoodyex.Model.DetailProductOrderMfoodyId
2023-05-11 10:10:58.656 [restartedMain] WARN  org.hibernate.mapping.RootClass - HHH000039: Composite-id class does not override hashCode(): com.macmie.mfoodyex.Model.DetailProductOrderMfoodyId
2023-05-11 10:10:58.660 [restartedMain] WARN  org.hibernate.mapping.RootClass - HHH000038: Composite-id class does not override equals(): com.macmie.mfoodyex.Model.DetailProductCartMfoodyId
2023-05-11 10:10:58.662 [restartedMain] WARN  org.hibernate.mapping.RootClass - HHH000039: Composite-id class does not override hashCode(): com.macmie.mfoodyex.Model.DetailProductCartMfoodyId
2023-05-11 10:10:59.510 [restartedMain] INFO  o.h.e.t.j.p.i.JtaPlatformInitiator - HHH000490: Using JtaPlatform implementation: [org.hibernate.engine.transaction.jta.platform.internal.NoJtaPlatform]
2023-05-11 10:10:59.518 [restartedMain] INFO  o.s.o.j.LocalContainerEntityManagerFactoryBean - Initialized JPA EntityManagerFactory for persistence unit 'default'
2023-05-11 10:11:03.282 [restartedMain] INFO  o.s.s.web.DefaultSecurityFilterChain - Will not secure any request
2023-05-11 10:11:03.493 [restartedMain] INFO  o.s.b.d.a.OptionalLiveReloadServer - LiveReload server is running on port 35729
2023-05-11 10:11:03.793 [restartedMain] INFO  o.a.coyote.http11.Http11NioProtocol - Starting ProtocolHandler ["http-nio-8080"]
2023-05-11 10:11:03.810 [restartedMain] INFO  o.s.b.w.e.tomcat.TomcatWebServer - Tomcat started on port(s): 8080 (http) with context path ''
2023-05-11 10:11:05.077 [restartedMain] INFO  c.m.mfoodyex.MFoodyExApplication - Started MFoodyExApplication in 13.152 seconds (JVM running for 14.175)
2023-05-11 10:11:15.056 [http-nio-8080-exec-3] INFO  o.a.c.c.C.[Tomcat].[localhost].[/] - Initializing Spring DispatcherServlet 'dispatcherServlet'
2023-05-11 10:11:15.057 [http-nio-8080-exec-3] INFO  o.s.web.servlet.DispatcherServlet - Initializing Servlet 'dispatcherServlet'
2023-05-11 10:11:15.061 [http-nio-8080-exec-3] INFO  o.s.web.servlet.DispatcherServlet - Completed initialization in 4 ms
2023-05-11 10:11:15.079 [http-nio-8080-exec-3] INFO  c.m.m.J.JWTAuthenticationFilter - JWTAuthenticationFilter: Start
2023-05-11 10:11:15.099 [http-nio-8080-exec-3] INFO  c.m.m.J.JWTAuthenticationFilter - JWTAuthenticationFilter: End
2023-05-11 10:11:15.265 [http-nio-8080-exec-3] INFO  c.m.m.C.ApplicationMfoodyController - Login to ApplicationMfoody by robinsonhank@gmail.com
2023-05-11 10:11:15.391 [http-nio-8080-exec-3] INFO  c.m.m.S.I.UserMfoodyImplementService - Fetching UserMfoody with emailUserMfoody: robinsonhank@gmail.com
2023-05-11 10:11:15.904 [http-nio-8080-exec-3] INFO  c.m.m.S.I.UserMfoodyImplementService - Fetching UserMfoody with emailUserMfoody: robinsonhank@gmail.com
2023-05-11 10:11:16.023 [http-nio-8080-exec-3] INFO  c.m.mfoodyex.JWTHelper.JWTProvider - jsonObjectUserMfoody by jackSon: {"idUser":215231,"emailUser":"robinsonhank@gmail.com","passwordUser":"$2a$12$iXPkaN0Ey.LFhPLbDdg0Suo07MCyDk9F4AaBMCYsEYTUw6HDetQDm","nameUser":"Robinson Hank","phoneNumberUser":"89346783005","addressUser":"Texas, USA","roleUser":"ADMIN","listCreditCards":[{"idCard":430711,"nameUserCard":"Robinson Hank","numberCard":"6589652343548896","expirationCard":"01/01/23","securityCodeCard":"714"}],"listCarts":[{"idCart":350060,"quantityAllProductsInCart":1,"totalSalePriceCart":50.0,"totalFullPriceCart":50.0,"listDetailProductCarts":[{"idDetailProductCartMFoody":{"idCart":350060,"idProduct":530022},"quantityDetailProductCart":1,"salePriceDetailProductCart":50.0,"fullPriceDetailProductCart":50.0}]}],"listComments":[{"idComment":608751,"ratingComment":4,"contentComment":"The products is OKAY"}]}
2023-05-11 10:11:33.420 [SpringApplicationShutdownHook] INFO  o.s.o.j.LocalContainerEntityManagerFactoryBean - Closing JPA EntityManagerFactory for persistence unit 'default'
2023-05-11 10:11:33.430 [SpringApplicationShutdownHook] INFO  com.zaxxer.hikari.HikariDataSource - HikariPool-1 - Shutdown initiated...
2023-05-11 10:11:33.488 [SpringApplicationShutdownHook] INFO  com.zaxxer.hikari.HikariDataSource - HikariPool-1 - Shutdown completed.
